<?xml version="1.0" encoding="UTF-8"?>
<testsuites name="New Test Suite Collection" time="784.793" tests="46" failures="1" errors="0">
   <testsuite name="Second Test Suite" tests="10" failures="0" errors="0" time="255.174" skipped="0" timestamp="2023-09-25 11:49:09" hostname="sachin.gajbhiye - ZIL591.mshome.net" id="Test Suites/Second Test Suite">
      <properties>
         <property name="deviceName" value=""/>
         <property name="devicePlatform" value=""/>
         <property name="logFolder" value="C:\\Users\\sachin.gajbhiye\\git\\Katalon-Practice\\Reports\\20230925_114901\\Second Test Suite\\20230925_114903"/>
         <property name="logFiles" value="C:\\Users\\sachin.gajbhiye\\git\\Katalon-Practice\\Reports\\20230925_114901\\Second Test Suite\\20230925_114903\\execution0.log"/>
         <property name="attachments" value=""/>
         <property name="hostName" value="sachin.gajbhiye - ZIL591.mshome.net"/>
         <property name="os" value="Windows 10 64bit"/>
         <property name="katalonVersion" value="8.6.8.208"/>
         <property name="browser" value="Chrome 116.0.0.0"/>
         <property name="hostAddress" value="172.19.128.1"/>
         <property name="sessionId" value="390b5a7e7aadb628454aaf365e0c62dc"/>
         <property name="seleniumVersion" value="3.141.59"/>
         <property name="proxyInformation" value="ProxyInformation { proxyOption=NO_PROXY, proxyServerType=HTTP, username=, password=********, proxyServerAddress=, proxyServerPort=0, executionList=&quot;&quot;, isApplyToDesiredCapabilities=true }"/>
         <property name="platform" value="Windows 10"/>
      </properties>
      <testcase name="Test Cases/Part1/TestCase01" time="12.318" classname="Test Cases/Part1/TestCase01" status="PASSED">
         <system-out><![CDATA[2023-09-25 11:49:09 - [TEST_CASE][PASSED] - Test Cases/Part1/TestCase01: Test Cases/Part1/TestCase01

2023-09-25 11:49:10 - [TEST_STEP][PASSED] - openBrowser(""): Browser is opened with url: ''

2023-09-25 11:49:10 - [MESSAGE][INFO] - Starting 'Chrome' driver

2023-09-25 11:49:10 - [MESSAGE][INFO] - Action delay is set to 0 milliseconds

2023-09-25 11:49:12 - [MESSAGE][PASSED] - Browser is opened with url: ''

2023-09-25 11:49:12 - [TEST_STEP][PASSED] - navigateToUrl("https://www.google.com/"): Navigate to 'https://www.google.com/' successfully

2023-09-25 11:49:18 - [MESSAGE][PASSED] - Navigate to 'https://www.google.com/' successfully

2023-09-25 11:49:18 - [TEST_STEP][PASSED] - rightClick(findTestObject("Object Repository/Page_Google/img_Sign in_lnXdpd")): Object: 'Object Repository/Page_Google/img_Sign in_lnXdpd' is right clicked on

2023-09-25 11:49:18 - [MESSAGE][PASSED] - Object: 'Object Repository/Page_Google/img_Sign in_lnXdpd' is right clicked on

2023-09-25 11:49:18 - [TEST_STEP][PASSED] - click(findTestObject("Object Repository/Page_Google/button_Stay signed out")): Object: 'Object Repository/Page_Google/button_Stay signed out' is clicked on

2023-09-25 11:49:19 - [MESSAGE][PASSED] - Object: 'Object Repository/Page_Google/button_Stay signed out' is clicked on

2023-09-25 11:49:19 - [TEST_STEP][PASSED] - rightClick(findTestObject("Object Repository/Page_Google/input_Delete_btnK")): Object: 'Object Repository/Page_Google/input_Delete_btnK' is right clicked on

2023-09-25 11:49:20 - [MESSAGE][PASSED] - Object: 'Object Repository/Page_Google/input_Delete_btnK' is right clicked on

2023-09-25 11:49:20 - [TEST_STEP][PASSED] - verifyElementText(findTestObject("Object Repository/Page_Google/input_Delete_btnK"), ""): Actual text and expected text of test object 'Object Repository/Page_Google/input_Delete_btnK' are matched.

2023-09-25 11:49:20 - [MESSAGE][PASSED] - Actual text and expected text of test object 'Object Repository/Page_Google/input_Delete_btnK' are matched.

2023-09-25 11:49:20 - [TEST_STEP][PASSED] - setText(findTestObject("Object Repository/Page_Google/textarea__q"), "jnj"): Text 'jnj' is set on object 'Object Repository/Page_Google/textarea__q'

2023-09-25 11:49:21 - [MESSAGE][PASSED] - Text 'jnj' is set on object 'Object Repository/Page_Google/textarea__q'

2023-09-25 11:49:21 - [TEST_STEP][PASSED] - closeBrowser(): Browser is closed

2023-09-25 11:49:22 - [MESSAGE][PASSED] - Browser is closed]]></system-out>
         <system-err><![CDATA[]]></system-err>
      </testcase>
      <testcase name="Test Cases/Part1/TestCase02" time="75.23" classname="Test Cases/Part1/TestCase02" status="PASSED">
         <system-out><![CDATA[2023-09-25 11:49:22 - [TEST_CASE][PASSED] - Test Cases/Part1/TestCase02: Test Cases/Part1/TestCase02

2023-09-25 11:49:22 - [TEST_STEP][PASSED] - openBrowser(""): Browser is opened with url: ''

2023-09-25 11:49:22 - [MESSAGE][INFO] - Starting 'Chrome' driver

2023-09-25 11:49:22 - [MESSAGE][INFO] - Action delay is set to 0 milliseconds

2023-09-25 11:49:24 - [MESSAGE][PASSED] - Browser is opened with url: ''

2023-09-25 11:49:24 - [TEST_STEP][PASSED] - maximizeWindow(): Current window maximized

2023-09-25 11:49:24 - [MESSAGE][PASSED] - Current window maximized

2023-09-25 11:49:24 - [TEST_STEP][PASSED] - navigateToUrl("https://www.google.com/"): Navigate to 'https://www.google.com/' successfully

2023-09-25 11:49:30 - [MESSAGE][PASSED] - Navigate to 'https://www.google.com/' successfully

2023-09-25 11:49:30 - [TEST_STEP][PASSED] - rightClick(findTestObject("Object Repository/Page_Google/textarea__q")): Object: 'Object Repository/Page_Google/textarea__q' is right clicked on

2023-09-25 11:49:30 - [MESSAGE][PASSED] - Object: 'Object Repository/Page_Google/textarea__q' is right clicked on

2023-09-25 11:49:30 - [TEST_STEP][PASSED] - verifyElementPresent(findTestObject("Object Repository/Page_Google/textarea__q"), 0): Object 'Object Repository/Page_Google/textarea__q' is present

2023-09-25 11:49:30 - [MESSAGE][WARNING] - Timeout '0' is invalid. Using default page load timeout: '30'

2023-09-25 11:49:31 - [MESSAGE][PASSED] - Object 'Object Repository/Page_Google/textarea__q' is present

2023-09-25 11:49:31 - [TEST_STEP][PASSED] - setText(findTestObject("Object Repository/Page_Google/textarea__q"), "translator"): Text 'translator' is set on object 'Object Repository/Page_Google/textarea__q'

2023-09-25 11:49:31 - [MESSAGE][PASSED] - Text 'translator' is set on object 'Object Repository/Page_Google/textarea__q'

2023-09-25 11:49:31 - [TEST_STEP][PASSED] - sendKeys(findTestObject("Object Repository/Page_Google/textarea__q"), Keys.chord(ENTER)): Keys 'ENTER + ' sent to object: 'Object Repository/Page_Google/textarea__q'

2023-09-25 11:49:33 - [MESSAGE][PASSED] - Keys 'ENTER + ' sent to object: 'Object Repository/Page_Google/textarea__q'

2023-09-25 11:49:33 - [TEST_STEP][PASSED] - scrollToElement(findTestObject("Object Repository/Page_translator - Google Search/h3_Google Translate"), 0): Scroll to object 'Object Repository/Page_translator - Google Search/h3_Google Translate' successfully

2023-09-25 11:49:33 - [MESSAGE][WARNING] - Timeout '0' is invalid. Using default page load timeout: '30'

2023-09-25 11:50:04 - [MESSAGE][INFO] - Unable to find the element located by 'By.xpath: //div[@id='rso']/div[2]/div/div/div/div/div/div/div/div/div/span/a/h3'. Please recheck the objects properties to make sure the desired element is located. 

2023-09-25 11:50:04 - [MESSAGE][WARNING] - [SELF-HEALING] Failed to find element with id 'Object Repository/Page_translator - Google Search/h3_Google Translate'. Try using Self-healing.

2023-09-25 11:50:04 - [MESSAGE][WARNING] - [SELF-HEALING] The current locator of test object 'Object Repository/Page_translator - Google Search/h3_Google Translate' was broken. Propose an alternative one: '(.//*[normalize-space(text()) and normalize-space(.)='Web result with site links'])[1]/following::h3[1]'.

2023-09-25 11:50:05 - [MESSAGE][PASSED] - Scroll to object 'Object Repository/Page_translator - Google Search/h3_Google Translate' successfully

2023-09-25 11:50:05 - [TEST_STEP][PASSED] - verifyElementVisible(findTestObject("Object Repository/Page_translator - Google Search/h3_Google Translate")): Object 'Object Repository/Page_translator - Google Search/h3_Google Translate' is visible

2023-09-25 11:50:36 - [MESSAGE][INFO] - Unable to find the element located by 'By.xpath: //div[@id='rso']/div[2]/div/div/div/div/div/div/div/div/div/span/a/h3'. Please recheck the objects properties to make sure the desired element is located. 

2023-09-25 11:50:36 - [MESSAGE][WARNING] - [SELF-HEALING] Failed to find element with id 'Object Repository/Page_translator - Google Search/h3_Google Translate'. Try using Self-healing.

2023-09-25 11:50:36 - [MESSAGE][WARNING] - [SELF-HEALING] The current locator of test object 'Object Repository/Page_translator - Google Search/h3_Google Translate' was broken. Propose an alternative one: '(.//*[normalize-space(text()) and normalize-space(.)='Web result with site links'])[1]/following::h3[1]'.

2023-09-25 11:50:36 - [MESSAGE][PASSED] - Object 'Object Repository/Page_translator - Google Search/h3_Google Translate' is visible

2023-09-25 11:50:36 - [TEST_STEP][PASSED] - closeBrowser(): Browser is closed

2023-09-25 11:50:37 - [MESSAGE][PASSED] - Browser is closed]]></system-out>
         <system-err><![CDATA[]]></system-err>
      </testcase>
      <testcase name="Test Cases/Part1/TestCase03" time="24.598" classname="Test Cases/Part1/TestCase03" status="PASSED">
         <system-out><![CDATA[2023-09-25 11:50:37 - [TEST_CASE][PASSED] - Test Cases/Part1/TestCase03: Test Cases/Part1/TestCase03

2023-09-25 11:50:37 - [TEST_STEP][PASSED] - openBrowser(""): Browser is opened with url: ''

2023-09-25 11:50:37 - [MESSAGE][INFO] - Starting 'Chrome' driver

2023-09-25 11:50:37 - [MESSAGE][INFO] - Action delay is set to 0 milliseconds

2023-09-25 11:50:39 - [MESSAGE][PASSED] - Browser is opened with url: ''

2023-09-25 11:50:39 - [TEST_STEP][PASSED] - maximizeWindow(): Current window maximized

2023-09-25 11:50:39 - [MESSAGE][PASSED] - Current window maximized

2023-09-25 11:50:39 - [TEST_STEP][PASSED] - navigateToUrl("https://www.google.com/"): Navigate to 'https://www.google.com/' successfully

2023-09-25 11:50:45 - [MESSAGE][PASSED] - Navigate to 'https://www.google.com/' successfully

2023-09-25 11:50:45 - [TEST_STEP][PASSED] - setText(findTestObject("Object Repository/Page_Google/textarea__q"), "www.gmail.com"): Text 'www.gmail.com' is set on object 'Object Repository/Page_Google/textarea__q'

2023-09-25 11:50:46 - [MESSAGE][PASSED] - Text 'www.gmail.com' is set on object 'Object Repository/Page_Google/textarea__q'

2023-09-25 11:50:46 - [TEST_STEP][PASSED] - sendKeys(findTestObject("Object Repository/Page_Google/textarea__q"), Keys.chord(ENTER)): Keys 'ENTER + ' sent to object: 'Object Repository/Page_Google/textarea__q'

2023-09-25 11:50:47 - [MESSAGE][PASSED] - Keys 'ENTER + ' sent to object: 'Object Repository/Page_Google/textarea__q'

2023-09-25 11:50:47 - [TEST_STEP][PASSED] - click(findTestObject("Object Repository/Page_www.gmail.com - Google Search/h3_Email - Gmail - Google")): Object: 'Object Repository/Page_www.gmail.com - Google Search/h3_Email - Gmail - Google' is clicked on

2023-09-25 11:51:01 - [MESSAGE][PASSED] - Object: 'Object Repository/Page_www.gmail.com - Google Search/h3_Email - Gmail - Google' is clicked on

2023-09-25 11:51:01 - [TEST_STEP][PASSED] - verifyElementVisible(findTestObject("Object Repository/Page_Gmail Private and secure email at no c_d3ebd8/span_Create an account")): Object 'Object Repository/Page_Gmail Private and secure email at no c_d3ebd8/span_Create an account' is visible

2023-09-25 11:51:01 - [MESSAGE][PASSED] - Object 'Object Repository/Page_Gmail Private and secure email at no c_d3ebd8/span_Create an account' is visible

2023-09-25 11:51:01 - [TEST_STEP][PASSED] - closeBrowser(): Browser is closed

2023-09-25 11:51:02 - [MESSAGE][PASSED] - Browser is closed]]></system-out>
         <system-err><![CDATA[]]></system-err>
      </testcase>
      <testcase name="Test Cases/Part1/TestCase04" time="16.81" classname="Test Cases/Part1/TestCase04" status="PASSED">
         <system-out><![CDATA[2023-09-25 11:51:02 - [TEST_CASE][PASSED] - Test Cases/Part1/TestCase04: Test Cases/Part1/TestCase04

2023-09-25 11:51:02 - [TEST_STEP][PASSED] - openBrowser(""): Browser is opened with url: ''

2023-09-25 11:51:02 - [MESSAGE][INFO] - Starting 'Chrome' driver

2023-09-25 11:51:02 - [MESSAGE][INFO] - Action delay is set to 0 milliseconds

2023-09-25 11:51:03 - [MESSAGE][PASSED] - Browser is opened with url: ''

2023-09-25 11:51:03 - [TEST_STEP][PASSED] - navigateToUrl("https://www.google.com/"): Navigate to 'https://www.google.com/' successfully

2023-09-25 11:51:09 - [MESSAGE][PASSED] - Navigate to 'https://www.google.com/' successfully

2023-09-25 11:51:09 - [TEST_STEP][PASSED] - setText(findTestObject("Object Repository/Page_Google/textarea__q"), "facebook.com"): Text 'facebook.com' is set on object 'Object Repository/Page_Google/textarea__q'

2023-09-25 11:51:10 - [MESSAGE][PASSED] - Text 'facebook.com' is set on object 'Object Repository/Page_Google/textarea__q'

2023-09-25 11:51:10 - [TEST_STEP][PASSED] - sendKeys(findTestObject("Page_Google/textarea__q"), Keys.chord(ENTER)): Keys 'ENTER + ' sent to object: 'Object Repository/Page_Google/textarea__q'

2023-09-25 11:51:11 - [MESSAGE][PASSED] - Keys 'ENTER + ' sent to object: 'Object Repository/Page_Google/textarea__q'

2023-09-25 11:51:12 - [TEST_STEP][PASSED] - click(findTestObject("Object Repository/Page_facebook.com - Google Search/h3_Facebook - log in or sign up")): Object: 'Object Repository/Page_facebook.com - Google Search/h3_Facebook - log in or sign up' is clicked on

2023-09-25 11:51:18 - [MESSAGE][PASSED] - Object: 'Object Repository/Page_facebook.com - Google Search/h3_Facebook - log in or sign up' is clicked on

2023-09-25 11:51:18 - [TEST_STEP][PASSED] - closeBrowser(): Browser is closed

2023-09-25 11:51:18 - [MESSAGE][PASSED] - Browser is closed]]></system-out>
         <system-err><![CDATA[]]></system-err>
      </testcase>
      <testcase name="Test Cases/Part1/TestCase05" time="28.462" classname="Test Cases/Part1/TestCase05" status="PASSED">
         <system-out><![CDATA[2023-09-25 11:51:18 - [TEST_CASE][PASSED] - Test Cases/Part1/TestCase05: Test Cases/Part1/TestCase05

2023-09-25 11:51:19 - [TEST_STEP][PASSED] - openBrowser(""): Browser is opened with url: ''

2023-09-25 11:51:19 - [MESSAGE][INFO] - Starting 'Chrome' driver

2023-09-25 11:51:19 - [MESSAGE][INFO] - Action delay is set to 0 milliseconds

2023-09-25 11:51:20 - [MESSAGE][PASSED] - Browser is opened with url: ''

2023-09-25 11:51:20 - [TEST_STEP][PASSED] - maximizeWindow(): Current window maximized

2023-09-25 11:51:20 - [MESSAGE][PASSED] - Current window maximized

2023-09-25 11:51:20 - [TEST_STEP][PASSED] - navigateToUrl("https://www.google.com/"): Navigate to 'https://www.google.com/' successfully

2023-09-25 11:51:26 - [MESSAGE][PASSED] - Navigate to 'https://www.google.com/' successfully

2023-09-25 11:51:26 - [TEST_STEP][PASSED] - setText(findTestObject("Object Repository/Page_Google/textarea__q"), "hackerrank"): Text 'hackerrank' is set on object 'Object Repository/Page_Google/textarea__q'

2023-09-25 11:51:27 - [MESSAGE][PASSED] - Text 'hackerrank' is set on object 'Object Repository/Page_Google/textarea__q'

2023-09-25 11:51:27 - [TEST_STEP][PASSED] - sendKeys(findTestObject("Page_Google/textarea__q"), Keys.chord(ENTER)): Keys 'ENTER + ' sent to object: 'Object Repository/Page_Google/textarea__q'

2023-09-25 11:51:28 - [MESSAGE][PASSED] - Keys 'ENTER + ' sent to object: 'Object Repository/Page_Google/textarea__q'

2023-09-25 11:51:28 - [TEST_STEP][PASSED] - click(findTestObject("Object Repository/Page_hackerrank - Google Search/h3_HackerRank - Online Coding Tests and Tec_2dee1e")): Object: 'Object Repository/Page_hackerrank - Google Search/h3_HackerRank - Online Coding Tests and Tec_2dee1e' is clicked on

2023-09-25 11:51:45 - [MESSAGE][PASSED] - Object: 'Object Repository/Page_hackerrank - Google Search/h3_HackerRank - Online Coding Tests and Tec_2dee1e' is clicked on

2023-09-25 11:51:45 - [TEST_STEP][PASSED] - rightClick(findTestObject("Object Repository/Page_HackerRank - Online Coding Tests and T_423249/a_Sign up")): Object: 'Object Repository/Page_HackerRank - Online Coding Tests and T_423249/a_Sign up' is right clicked on

2023-09-25 11:51:46 - [MESSAGE][PASSED] - Object: 'Object Repository/Page_HackerRank - Online Coding Tests and T_423249/a_Sign up' is right clicked on

2023-09-25 11:51:46 - [TEST_STEP][PASSED] - verifyElementVisible(findTestObject("Object Repository/Page_HackerRank - Online Coding Tests and T_423249/a_Sign up")): Object 'Object Repository/Page_HackerRank - Online Coding Tests and T_423249/a_Sign up' is visible

2023-09-25 11:51:46 - [MESSAGE][PASSED] - Object 'Object Repository/Page_HackerRank - Online Coding Tests and T_423249/a_Sign up' is visible

2023-09-25 11:51:46 - [TEST_STEP][PASSED] - closeBrowser(): Browser is closed

2023-09-25 11:51:47 - [MESSAGE][PASSED] - Browser is closed]]></system-out>
         <system-err><![CDATA[]]></system-err>
      </testcase>
      <testcase name="Test Cases/Part1/TestCase06" time="61.635" classname="Test Cases/Part1/TestCase06" status="PASSED">
         <system-out><![CDATA[2023-09-25 11:51:47 - [TEST_CASE][PASSED] - Test Cases/Part1/TestCase06: Test Cases/Part1/TestCase06

2023-09-25 11:51:47 - [TEST_STEP][PASSED] - openBrowser(""): Browser is opened with url: ''

2023-09-25 11:51:47 - [MESSAGE][INFO] - Starting 'Chrome' driver

2023-09-25 11:51:47 - [MESSAGE][INFO] - Action delay is set to 0 milliseconds

2023-09-25 11:51:49 - [MESSAGE][PASSED] - Browser is opened with url: ''

2023-09-25 11:51:49 - [TEST_STEP][PASSED] - maximizeWindow(): Current window maximized

2023-09-25 11:51:49 - [MESSAGE][PASSED] - Current window maximized

2023-09-25 11:51:49 - [TEST_STEP][PASSED] - navigateToUrl("https://www.google.com/"): Navigate to 'https://www.google.com/' successfully

2023-09-25 11:51:55 - [MESSAGE][PASSED] - Navigate to 'https://www.google.com/' successfully

2023-09-25 11:51:55 - [TEST_STEP][PASSED] - setText(findTestObject("Object Repository/Page_Google/textarea__q"), "katalon"): Text 'katalon' is set on object 'Object Repository/Page_Google/textarea__q'

2023-09-25 11:51:56 - [MESSAGE][PASSED] - Text 'katalon' is set on object 'Object Repository/Page_Google/textarea__q'

2023-09-25 11:51:56 - [TEST_STEP][PASSED] - sendKeys(findTestObject("Page_Google/textarea__q"), Keys.chord(ENTER)): Keys 'ENTER + ' sent to object: 'Object Repository/Page_Google/textarea__q'

2023-09-25 11:51:57 - [MESSAGE][PASSED] - Keys 'ENTER + ' sent to object: 'Object Repository/Page_Google/textarea__q'

2023-09-25 11:51:57 - [TEST_STEP][PASSED] - click(findTestObject("Object Repository/Page_katalon - Google Search/span_Katalon Studio - 1 Software Testing Tool")): Object: 'Object Repository/Page_katalon - Google Search/span_Katalon Studio - 1 Software Testing Tool' is clicked on

2023-09-25 11:52:47 - [MESSAGE][PASSED] - Object: 'Object Repository/Page_katalon - Google Search/span_Katalon Studio - 1 Software Testing Tool' is clicked on

2023-09-25 11:52:47 - [TEST_STEP][PASSED] - click(findTestObject("Object Repository/Page_Katalon AI-augmented Software Quality _596167/button_Accept All Cookies")): Object: 'Object Repository/Page_Katalon AI-augmented Software Quality _596167/button_Accept All Cookies' is clicked on

2023-09-25 11:52:47 - [MESSAGE][PASSED] - Object: 'Object Repository/Page_Katalon AI-augmented Software Quality _596167/button_Accept All Cookies' is clicked on

2023-09-25 11:52:47 - [TEST_STEP][PASSED] - verifyElementPresent(findTestObject("Object Repository/Page_Katalon AI-augmented Software Quality _596167/a_Start free trial"), 0): Object 'Object Repository/Page_Katalon AI-augmented Software Quality _596167/a_Start free trial' is present

2023-09-25 11:52:47 - [MESSAGE][WARNING] - Timeout '0' is invalid. Using default page load timeout: '30'

2023-09-25 11:52:48 - [MESSAGE][PASSED] - Object 'Object Repository/Page_Katalon AI-augmented Software Quality _596167/a_Start free trial' is present

2023-09-25 11:52:48 - [TEST_STEP][PASSED] - closeBrowser(): Browser is closed

2023-09-25 11:52:49 - [MESSAGE][PASSED] - Browser is closed]]></system-out>
         <system-err><![CDATA[]]></system-err>
      </testcase>
      <testcase name="Test Cases/Part1/TestCase07" time="11.511" classname="Test Cases/Part1/TestCase07" status="PASSED">
         <system-out><![CDATA[2023-09-25 11:52:49 - [TEST_CASE][PASSED] - Test Cases/Part1/TestCase07: Test Cases/Part1/TestCase07

2023-09-25 11:52:49 - [TEST_STEP][PASSED] - openBrowser(""): Browser is opened with url: ''

2023-09-25 11:52:49 - [MESSAGE][INFO] - Starting 'Chrome' driver

2023-09-25 11:52:49 - [MESSAGE][INFO] - Action delay is set to 0 milliseconds

2023-09-25 11:52:50 - [MESSAGE][PASSED] - Browser is opened with url: ''

2023-09-25 11:52:50 - [TEST_STEP][PASSED] - maximizeWindow(): Current window maximized

2023-09-25 11:52:50 - [MESSAGE][PASSED] - Current window maximized

2023-09-25 11:52:50 - [TEST_STEP][PASSED] - navigateToUrl("https://www.google.com/"): Navigate to 'https://www.google.com/' successfully

2023-09-25 11:52:57 - [MESSAGE][PASSED] - Navigate to 'https://www.google.com/' successfully

2023-09-25 11:52:57 - [TEST_STEP][PASSED] - setText(findTestObject("Object Repository/Page_Google/textarea__q"), "eulers"): Text 'eulers' is set on object 'Object Repository/Page_Google/textarea__q'

2023-09-25 11:52:58 - [MESSAGE][PASSED] - Text 'eulers' is set on object 'Object Repository/Page_Google/textarea__q'

2023-09-25 11:52:58 - [TEST_STEP][PASSED] - sendKeys(findTestObject("Page_Google/textarea__q"), Keys.chord(ENTER)): Keys 'ENTER + ' sent to object: 'Object Repository/Page_Google/textarea__q'

2023-09-25 11:52:59 - [MESSAGE][PASSED] - Keys 'ENTER + ' sent to object: 'Object Repository/Page_Google/textarea__q'

2023-09-25 11:52:59 - [TEST_STEP][PASSED] - closeBrowser(): Browser is closed

2023-09-25 11:53:00 - [MESSAGE][PASSED] - Browser is closed]]></system-out>
         <system-err><![CDATA[]]></system-err>
      </testcase>
      <testcase name="Test Cases/Part1/TestCase08" time="6.796" classname="Test Cases/Part1/TestCase08" status="PASSED">
         <system-out><![CDATA[2023-09-25 11:53:00 - [TEST_CASE][PASSED] - Test Cases/Part1/TestCase08: Test Cases/Part1/TestCase08

2023-09-25 11:53:01 - [TEST_STEP][PASSED] - openBrowser(""): Browser is opened with url: ''

2023-09-25 11:53:01 - [MESSAGE][INFO] - Starting 'Chrome' driver

2023-09-25 11:53:01 - [MESSAGE][INFO] - Action delay is set to 0 milliseconds

2023-09-25 11:53:02 - [MESSAGE][PASSED] - Browser is opened with url: ''

2023-09-25 11:53:02 - [TEST_STEP][PASSED] - maximizeWindow(): Current window maximized

2023-09-25 11:53:02 - [MESSAGE][PASSED] - Current window maximized

2023-09-25 11:53:02 - [TEST_STEP][PASSED] - navigateToUrl("https://projecteuler.net/"): Navigate to 'https://projecteuler.net/' successfully

2023-09-25 11:53:04 - [MESSAGE][PASSED] - Navigate to 'https://projecteuler.net/' successfully

2023-09-25 11:53:04 - [TEST_STEP][PASSED] - click(findTestObject("Object Repository/Page_About - Project Euler/a_Sign In")): Object: 'Object Repository/Page_About - Project Euler/a_Sign In' is clicked on

2023-09-25 11:53:06 - [MESSAGE][PASSED] - Object: 'Object Repository/Page_About - Project Euler/a_Sign In' is clicked on

2023-09-25 11:53:06 - [TEST_STEP][PASSED] - verifyElementVisible(findTestObject("Object Repository/Page_Sign In - Project Euler/input_Remember Me_sign_in")): Object 'Object Repository/Page_Sign In - Project Euler/input_Remember Me_sign_in' is visible

2023-09-25 11:53:06 - [MESSAGE][PASSED] - Object 'Object Repository/Page_Sign In - Project Euler/input_Remember Me_sign_in' is visible

2023-09-25 11:53:06 - [TEST_STEP][PASSED] - closeBrowser(): Browser is closed

2023-09-25 11:53:07 - [MESSAGE][PASSED] - Browser is closed]]></system-out>
         <system-err><![CDATA[]]></system-err>
      </testcase>
      <testcase name="Test Cases/Part1/TestCase09" time="7.711" classname="Test Cases/Part1/TestCase09" status="PASSED">
         <system-out><![CDATA[2023-09-25 11:53:07 - [TEST_CASE][PASSED] - Test Cases/Part1/TestCase09: Test Cases/Part1/TestCase09

2023-09-25 11:53:07 - [TEST_STEP][PASSED] - openBrowser(""): Browser is opened with url: ''

2023-09-25 11:53:07 - [MESSAGE][INFO] - Starting 'Chrome' driver

2023-09-25 11:53:07 - [MESSAGE][INFO] - Action delay is set to 0 milliseconds

2023-09-25 11:53:09 - [MESSAGE][PASSED] - Browser is opened with url: ''

2023-09-25 11:53:09 - [TEST_STEP][PASSED] - maximizeWindow(): Current window maximized

2023-09-25 11:53:09 - [MESSAGE][PASSED] - Current window maximized

2023-09-25 11:53:09 - [TEST_STEP][PASSED] - navigateToUrl("https://www.wikipedia.org/"): Navigate to 'https://www.wikipedia.org/' successfully

2023-09-25 11:53:13 - [MESSAGE][PASSED] - Navigate to 'https://www.wikipedia.org/' successfully

2023-09-25 11:53:13 - [TEST_STEP][PASSED] - rightClick(findTestObject("Object Repository/Page_Wikipedia/input_Search Wikipedia_search")): Object: 'Object Repository/Page_Wikipedia/input_Search Wikipedia_search' is right clicked on

2023-09-25 11:53:14 - [MESSAGE][PASSED] - Object: 'Object Repository/Page_Wikipedia/input_Search Wikipedia_search' is right clicked on

2023-09-25 11:53:14 - [TEST_STEP][PASSED] - verifyElementVisible(findTestObject("Object Repository/Page_Wikipedia/input_Search Wikipedia_search")): Object 'Object Repository/Page_Wikipedia/input_Search Wikipedia_search' is visible

2023-09-25 11:53:14 - [MESSAGE][PASSED] - Object 'Object Repository/Page_Wikipedia/input_Search Wikipedia_search' is visible

2023-09-25 11:53:14 - [TEST_STEP][PASSED] - closeBrowser(): Browser is closed

2023-09-25 11:53:15 - [MESSAGE][PASSED] - Browser is closed]]></system-out>
         <system-err><![CDATA[]]></system-err>
      </testcase>
      <testcase name="Test Cases/Part1/TestCase10" time="9.715" classname="Test Cases/Part1/TestCase10" status="PASSED">
         <system-out><![CDATA[2023-09-25 11:53:15 - [TEST_CASE][PASSED] - Test Cases/Part1/TestCase10: Test Cases/Part1/TestCase10

2023-09-25 11:53:15 - [TEST_STEP][PASSED] - openBrowser(""): Browser is opened with url: ''

2023-09-25 11:53:15 - [MESSAGE][INFO] - Starting 'Chrome' driver

2023-09-25 11:53:15 - [MESSAGE][INFO] - Action delay is set to 0 milliseconds

2023-09-25 11:53:16 - [MESSAGE][PASSED] - Browser is opened with url: ''

2023-09-25 11:53:16 - [TEST_STEP][PASSED] - maximizeWindow(): Current window maximized

2023-09-25 11:53:16 - [MESSAGE][PASSED] - Current window maximized

2023-09-25 11:53:16 - [TEST_STEP][PASSED] - navigateToUrl("https://www.wikipedia.org/"): Navigate to 'https://www.wikipedia.org/' successfully

2023-09-25 11:53:18 - [MESSAGE][PASSED] - Navigate to 'https://www.wikipedia.org/' successfully

2023-09-25 11:53:18 - [TEST_STEP][PASSED] - click(findTestObject("Object Repository/Page_Wikipedia/strong_English")): Object: 'Object Repository/Page_Wikipedia/strong_English' is clicked on

2023-09-25 11:53:23 - [MESSAGE][PASSED] - Object: 'Object Repository/Page_Wikipedia/strong_English' is clicked on

2023-09-25 11:53:23 - [TEST_STEP][PASSED] - scrollToElement(findTestObject("Object Repository/Page_Wikipedia, the free encyclopedia/a_Wikipedia"), 0): Scroll to object 'Object Repository/Page_Wikipedia, the free encyclopedia/a_Wikipedia' successfully

2023-09-25 11:53:23 - [MESSAGE][WARNING] - Timeout '0' is invalid. Using default page load timeout: '30'

2023-09-25 11:53:23 - [MESSAGE][PASSED] - Scroll to object 'Object Repository/Page_Wikipedia, the free encyclopedia/a_Wikipedia' successfully

2023-09-25 11:53:23 - [TEST_STEP][PASSED] - verifyElementPresent(findTestObject("Object Repository/Page_Wikipedia, the free encyclopedia/a_Wikipedia"), 0): Object 'Object Repository/Page_Wikipedia, the free encyclopedia/a_Wikipedia' is present

2023-09-25 11:53:23 - [MESSAGE][WARNING] - Timeout '0' is invalid. Using default page load timeout: '30'

2023-09-25 11:53:24 - [MESSAGE][PASSED] - Object 'Object Repository/Page_Wikipedia, the free encyclopedia/a_Wikipedia' is present

2023-09-25 11:53:24 - [TEST_STEP][PASSED] - closeBrowser(): Browser is closed

2023-09-25 11:53:24 - [MESSAGE][PASSED] - Browser is closed]]></system-out>
         <system-err><![CDATA[]]></system-err>
      </testcase>
      <system-out><![CDATA[2023-09-25 11:49:09 - [TEST_SUITE][PASSED] - Second Test Suite: Test Cases/Part1/TestCase10]]></system-out>
      <system-err><![CDATA[]]></system-err>
   </testsuite>
   <testsuite name="First Test Suite" tests="36" failures="1" errors="0" time="523.573" skipped="0" timestamp="2023-09-25 11:53:27" hostname="sachin.gajbhiye - ZIL591.mshome.net" id="Test Suites/First Test Suite">
      <properties>
         <property name="deviceName" value=""/>
         <property name="devicePlatform" value=""/>
         <property name="logFolder" value="C:\\Users\\sachin.gajbhiye\\git\\Katalon-Practice\\Reports\\20230925_114901\\First Test Suite\\20230925_114905"/>
         <property name="logFiles" value="C:\\Users\\sachin.gajbhiye\\git\\Katalon-Practice\\Reports\\20230925_114901\\First Test Suite\\20230925_114905\\execution0.log"/>
         <property name="attachments" value="C:\\Users\\sachin.gajbhiye\\git\\Katalon-Practice\\Reports\\20230925_114901\\First Test Suite\\20230925_114905\\1695623307929.png, C:\\Users\\sachin.gajbhiye\\git\\Katalon-Practice\\Reports\\20230925_114901\\First Test Suite\\20230925_114905\\1695623309166.png, C:\\Users\\sachin.gajbhiye\\git\\Katalon-Practice\\Reports\\20230925_114901\\First Test Suite\\20230925_114905\\1695623315349.png, C:\\Users\\sachin.gajbhiye\\git\\Katalon-Practice\\Reports\\20230925_114901\\First Test Suite\\20230925_114905\\1695623316123.png, C:\\Users\\sachin.gajbhiye\\git\\Katalon-Practice\\Reports\\20230925_114901\\First Test Suite\\20230925_114905\\1695623324047.png, C:\\Users\\sachin.gajbhiye\\git\\Katalon-Practice\\Reports\\20230925_114901\\First Test Suite\\20230925_114905\\1695623325304.png, C:\\Users\\sachin.gajbhiye\\git\\Katalon-Practice\\Reports\\20230925_114901\\First Test Suite\\20230925_114905\\1695623332043.png, C:\\Users\\sachin.gajbhiye\\git\\Katalon-Practice\\Reports\\20230925_114901\\First Test Suite\\20230925_114905\\1695623333299.png, C:\\Users\\sachin.gajbhiye\\git\\Katalon-Practice\\Reports\\20230925_114901\\First Test Suite\\20230925_114905\\1695623385748.png"/>
         <property name="hostName" value="sachin.gajbhiye - ZIL591.mshome.net"/>
         <property name="os" value="Windows 10 64bit"/>
         <property name="katalonVersion" value="8.6.8.208"/>
         <property name="browser" value="Chrome 116.0.0.0"/>
         <property name="hostAddress" value="172.19.128.1"/>
         <property name="sessionId" value="12d8a23ac66c0d82a8c709b6a28429fb"/>
         <property name="seleniumVersion" value="3.141.59"/>
         <property name="proxyInformation" value="ProxyInformation { proxyOption=NO_PROXY, proxyServerType=HTTP, username=, password=********, proxyServerAddress=, proxyServerPort=0, executionList=&quot;&quot;, isApplyToDesiredCapabilities=true }"/>
         <property name="platform" value="Windows 10"/>
      </properties>
      <testcase name="Test Cases/Part1/TestCase01" time="14.703" classname="Test Cases/Part1/TestCase01" status="PASSED">
         <system-out><![CDATA[2023-09-25 11:53:28 - [TEST_CASE][PASSED] - Test Cases/Part1/TestCase01: Test Cases/Part1/TestCase01

2023-09-25 11:53:28 - [TEST_STEP][PASSED] - openBrowser(""): Browser is opened with url: ''

2023-09-25 11:53:28 - [MESSAGE][INFO] - Starting 'Chrome' driver

2023-09-25 11:53:28 - [MESSAGE][INFO] - Action delay is set to 0 milliseconds

2023-09-25 11:53:31 - [MESSAGE][PASSED] - Browser is opened with url: ''

2023-09-25 11:53:31 - [TEST_STEP][PASSED] - navigateToUrl("https://www.google.com/"): Navigate to 'https://www.google.com/' successfully

2023-09-25 11:53:39 - [MESSAGE][PASSED] - Navigate to 'https://www.google.com/' successfully

2023-09-25 11:53:39 - [TEST_STEP][PASSED] - rightClick(findTestObject("Object Repository/Page_Google/img_Sign in_lnXdpd")): Object: 'Object Repository/Page_Google/img_Sign in_lnXdpd' is right clicked on

2023-09-25 11:53:39 - [MESSAGE][PASSED] - Object: 'Object Repository/Page_Google/img_Sign in_lnXdpd' is right clicked on

2023-09-25 11:53:39 - [TEST_STEP][PASSED] - click(findTestObject("Object Repository/Page_Google/button_Stay signed out")): Object: 'Object Repository/Page_Google/button_Stay signed out' is clicked on

2023-09-25 11:53:40 - [MESSAGE][PASSED] - Object: 'Object Repository/Page_Google/button_Stay signed out' is clicked on

2023-09-25 11:53:40 - [TEST_STEP][PASSED] - rightClick(findTestObject("Object Repository/Page_Google/input_Delete_btnK")): Object: 'Object Repository/Page_Google/input_Delete_btnK' is right clicked on

2023-09-25 11:53:40 - [MESSAGE][PASSED] - Object: 'Object Repository/Page_Google/input_Delete_btnK' is right clicked on

2023-09-25 11:53:40 - [TEST_STEP][PASSED] - verifyElementText(findTestObject("Object Repository/Page_Google/input_Delete_btnK"), ""): Actual text and expected text of test object 'Object Repository/Page_Google/input_Delete_btnK' are matched.

2023-09-25 11:53:41 - [MESSAGE][PASSED] - Actual text and expected text of test object 'Object Repository/Page_Google/input_Delete_btnK' are matched.

2023-09-25 11:53:41 - [TEST_STEP][PASSED] - setText(findTestObject("Object Repository/Page_Google/textarea__q"), "jnj"): Text 'jnj' is set on object 'Object Repository/Page_Google/textarea__q'

2023-09-25 11:53:42 - [MESSAGE][PASSED] - Text 'jnj' is set on object 'Object Repository/Page_Google/textarea__q'

2023-09-25 11:53:42 - [TEST_STEP][PASSED] - closeBrowser(): Browser is closed

2023-09-25 11:53:42 - [MESSAGE][PASSED] - Browser is closed]]></system-out>
         <system-err><![CDATA[]]></system-err>
      </testcase>
      <testcase name="Test Cases/Part1/TestCase02" time="73.658" classname="Test Cases/Part1/TestCase02" status="PASSED">
         <system-out><![CDATA[2023-09-25 11:53:42 - [TEST_CASE][PASSED] - Test Cases/Part1/TestCase02: Test Cases/Part1/TestCase02

2023-09-25 11:53:43 - [TEST_STEP][PASSED] - openBrowser(""): Browser is opened with url: ''

2023-09-25 11:53:43 - [MESSAGE][INFO] - Starting 'Chrome' driver

2023-09-25 11:53:43 - [MESSAGE][INFO] - Action delay is set to 0 milliseconds

2023-09-25 11:53:44 - [MESSAGE][PASSED] - Browser is opened with url: ''

2023-09-25 11:53:44 - [TEST_STEP][PASSED] - maximizeWindow(): Current window maximized

2023-09-25 11:53:44 - [MESSAGE][PASSED] - Current window maximized

2023-09-25 11:53:44 - [TEST_STEP][PASSED] - navigateToUrl("https://www.google.com/"): Navigate to 'https://www.google.com/' successfully

2023-09-25 11:53:49 - [MESSAGE][PASSED] - Navigate to 'https://www.google.com/' successfully

2023-09-25 11:53:49 - [TEST_STEP][PASSED] - rightClick(findTestObject("Object Repository/Page_Google/textarea__q")): Object: 'Object Repository/Page_Google/textarea__q' is right clicked on

2023-09-25 11:53:50 - [MESSAGE][PASSED] - Object: 'Object Repository/Page_Google/textarea__q' is right clicked on

2023-09-25 11:53:50 - [TEST_STEP][PASSED] - verifyElementPresent(findTestObject("Object Repository/Page_Google/textarea__q"), 0): Object 'Object Repository/Page_Google/textarea__q' is present

2023-09-25 11:53:50 - [MESSAGE][WARNING] - Timeout '0' is invalid. Using default page load timeout: '30'

2023-09-25 11:53:50 - [MESSAGE][PASSED] - Object 'Object Repository/Page_Google/textarea__q' is present

2023-09-25 11:53:50 - [TEST_STEP][PASSED] - setText(findTestObject("Object Repository/Page_Google/textarea__q"), "translator"): Text 'translator' is set on object 'Object Repository/Page_Google/textarea__q'

2023-09-25 11:53:51 - [MESSAGE][PASSED] - Text 'translator' is set on object 'Object Repository/Page_Google/textarea__q'

2023-09-25 11:53:51 - [TEST_STEP][PASSED] - sendKeys(findTestObject("Object Repository/Page_Google/textarea__q"), Keys.chord(ENTER)): Keys 'ENTER + ' sent to object: 'Object Repository/Page_Google/textarea__q'

2023-09-25 11:53:52 - [MESSAGE][PASSED] - Keys 'ENTER + ' sent to object: 'Object Repository/Page_Google/textarea__q'

2023-09-25 11:53:52 - [TEST_STEP][PASSED] - scrollToElement(findTestObject("Object Repository/Page_translator - Google Search/h3_Google Translate"), 0): Scroll to object 'Object Repository/Page_translator - Google Search/h3_Google Translate' successfully

2023-09-25 11:53:52 - [MESSAGE][WARNING] - Timeout '0' is invalid. Using default page load timeout: '30'

2023-09-25 11:54:23 - [MESSAGE][INFO] - Unable to find the element located by 'By.xpath: //div[@id='rso']/div[2]/div/div/div/div/div/div/div/div/div/span/a/h3'. Please recheck the objects properties to make sure the desired element is located. 

2023-09-25 11:54:23 - [MESSAGE][WARNING] - [SELF-HEALING] Failed to find element with id 'Object Repository/Page_translator - Google Search/h3_Google Translate'. Try using Self-healing.

2023-09-25 11:54:24 - [MESSAGE][WARNING] - [SELF-HEALING] The current locator of test object 'Object Repository/Page_translator - Google Search/h3_Google Translate' was broken. Propose an alternative one: '(.//*[normalize-space(text()) and normalize-space(.)='Open in Google Translate'])[1]/following::h3[1]'.

2023-09-25 11:54:24 - [MESSAGE][PASSED] - Scroll to object 'Object Repository/Page_translator - Google Search/h3_Google Translate' successfully

2023-09-25 11:54:24 - [TEST_STEP][PASSED] - verifyElementVisible(findTestObject("Object Repository/Page_translator - Google Search/h3_Google Translate")): Object 'Object Repository/Page_translator - Google Search/h3_Google Translate' is visible

2023-09-25 11:54:55 - [MESSAGE][INFO] - Unable to find the element located by 'By.xpath: //div[@id='rso']/div[2]/div/div/div/div/div/div/div/div/div/span/a/h3'. Please recheck the objects properties to make sure the desired element is located. 

2023-09-25 11:54:55 - [MESSAGE][WARNING] - [SELF-HEALING] Failed to find element with id 'Object Repository/Page_translator - Google Search/h3_Google Translate'. Try using Self-healing.

2023-09-25 11:54:55 - [MESSAGE][WARNING] - [SELF-HEALING] The current locator of test object 'Object Repository/Page_translator - Google Search/h3_Google Translate' was broken. Propose an alternative one: '(.//*[normalize-space(text()) and normalize-space(.)='Open in Google Translate'])[1]/following::h3[1]'.

2023-09-25 11:54:55 - [MESSAGE][PASSED] - Object 'Object Repository/Page_translator - Google Search/h3_Google Translate' is visible

2023-09-25 11:54:55 - [TEST_STEP][PASSED] - closeBrowser(): Browser is closed

2023-09-25 11:54:56 - [MESSAGE][PASSED] - Browser is closed]]></system-out>
         <system-err><![CDATA[]]></system-err>
      </testcase>
      <testcase name="Test Cases/Part1/TestCase03" time="23.201" classname="Test Cases/Part1/TestCase03" status="PASSED">
         <system-out><![CDATA[2023-09-25 11:54:56 - [TEST_CASE][PASSED] - Test Cases/Part1/TestCase03: Test Cases/Part1/TestCase03

2023-09-25 11:54:56 - [TEST_STEP][PASSED] - openBrowser(""): Browser is opened with url: ''

2023-09-25 11:54:56 - [MESSAGE][INFO] - Starting 'Chrome' driver

2023-09-25 11:54:56 - [MESSAGE][INFO] - Action delay is set to 0 milliseconds

2023-09-25 11:54:58 - [MESSAGE][PASSED] - Browser is opened with url: ''

2023-09-25 11:54:58 - [TEST_STEP][PASSED] - maximizeWindow(): Current window maximized

2023-09-25 11:54:58 - [MESSAGE][PASSED] - Current window maximized

2023-09-25 11:54:58 - [TEST_STEP][PASSED] - navigateToUrl("https://www.google.com/"): Navigate to 'https://www.google.com/' successfully

2023-09-25 11:55:05 - [MESSAGE][PASSED] - Navigate to 'https://www.google.com/' successfully

2023-09-25 11:55:05 - [TEST_STEP][PASSED] - setText(findTestObject("Object Repository/Page_Google/textarea__q"), "www.gmail.com"): Text 'www.gmail.com' is set on object 'Object Repository/Page_Google/textarea__q'

2023-09-25 11:55:06 - [MESSAGE][PASSED] - Text 'www.gmail.com' is set on object 'Object Repository/Page_Google/textarea__q'

2023-09-25 11:55:06 - [TEST_STEP][PASSED] - sendKeys(findTestObject("Object Repository/Page_Google/textarea__q"), Keys.chord(ENTER)): Keys 'ENTER + ' sent to object: 'Object Repository/Page_Google/textarea__q'

2023-09-25 11:55:08 - [MESSAGE][PASSED] - Keys 'ENTER + ' sent to object: 'Object Repository/Page_Google/textarea__q'

2023-09-25 11:55:08 - [TEST_STEP][PASSED] - click(findTestObject("Object Repository/Page_www.gmail.com - Google Search/h3_Email - Gmail - Google")): Object: 'Object Repository/Page_www.gmail.com - Google Search/h3_Email - Gmail - Google' is clicked on

2023-09-25 11:55:18 - [MESSAGE][PASSED] - Object: 'Object Repository/Page_www.gmail.com - Google Search/h3_Email - Gmail - Google' is clicked on

2023-09-25 11:55:18 - [TEST_STEP][PASSED] - verifyElementVisible(findTestObject("Object Repository/Page_Gmail Private and secure email at no c_d3ebd8/span_Create an account")): Object 'Object Repository/Page_Gmail Private and secure email at no c_d3ebd8/span_Create an account' is visible

2023-09-25 11:55:19 - [MESSAGE][PASSED] - Object 'Object Repository/Page_Gmail Private and secure email at no c_d3ebd8/span_Create an account' is visible

2023-09-25 11:55:19 - [TEST_STEP][PASSED] - closeBrowser(): Browser is closed

2023-09-25 11:55:19 - [MESSAGE][PASSED] - Browser is closed]]></system-out>
         <system-err><![CDATA[]]></system-err>
      </testcase>
      <testcase name="Test Cases/Part1/TestCase04" time="17.15" classname="Test Cases/Part1/TestCase04" status="PASSED">
         <system-out><![CDATA[2023-09-25 11:55:19 - [TEST_CASE][PASSED] - Test Cases/Part1/TestCase04: Test Cases/Part1/TestCase04

2023-09-25 11:55:20 - [TEST_STEP][PASSED] - openBrowser(""): Browser is opened with url: ''

2023-09-25 11:55:20 - [MESSAGE][INFO] - Starting 'Chrome' driver

2023-09-25 11:55:20 - [MESSAGE][INFO] - Action delay is set to 0 milliseconds

2023-09-25 11:55:21 - [MESSAGE][PASSED] - Browser is opened with url: ''

2023-09-25 11:55:21 - [TEST_STEP][PASSED] - navigateToUrl("https://www.google.com/"): Navigate to 'https://www.google.com/' successfully

2023-09-25 11:55:28 - [MESSAGE][PASSED] - Navigate to 'https://www.google.com/' successfully

2023-09-25 11:55:28 - [TEST_STEP][PASSED] - setText(findTestObject("Object Repository/Page_Google/textarea__q"), "facebook.com"): Text 'facebook.com' is set on object 'Object Repository/Page_Google/textarea__q'

2023-09-25 11:55:29 - [MESSAGE][PASSED] - Text 'facebook.com' is set on object 'Object Repository/Page_Google/textarea__q'

2023-09-25 11:55:29 - [TEST_STEP][PASSED] - sendKeys(findTestObject("Page_Google/textarea__q"), Keys.chord(ENTER)): Keys 'ENTER + ' sent to object: 'Object Repository/Page_Google/textarea__q'

2023-09-25 11:55:30 - [MESSAGE][PASSED] - Keys 'ENTER + ' sent to object: 'Object Repository/Page_Google/textarea__q'

2023-09-25 11:55:30 - [TEST_STEP][PASSED] - click(findTestObject("Object Repository/Page_facebook.com - Google Search/h3_Facebook - log in or sign up")): Object: 'Object Repository/Page_facebook.com - Google Search/h3_Facebook - log in or sign up' is clicked on

2023-09-25 11:55:36 - [MESSAGE][PASSED] - Object: 'Object Repository/Page_facebook.com - Google Search/h3_Facebook - log in or sign up' is clicked on

2023-09-25 11:55:36 - [TEST_STEP][PASSED] - closeBrowser(): Browser is closed

2023-09-25 11:55:36 - [MESSAGE][PASSED] - Browser is closed]]></system-out>
         <system-err><![CDATA[]]></system-err>
      </testcase>
      <testcase name="Test Cases/Part1/TestCase05" time="29.624" classname="Test Cases/Part1/TestCase05" status="PASSED">
         <system-out><![CDATA[2023-09-25 11:55:36 - [TEST_CASE][PASSED] - Test Cases/Part1/TestCase05: Test Cases/Part1/TestCase05

2023-09-25 11:55:37 - [TEST_STEP][PASSED] - openBrowser(""): Browser is opened with url: ''

2023-09-25 11:55:37 - [MESSAGE][INFO] - Starting 'Chrome' driver

2023-09-25 11:55:37 - [MESSAGE][INFO] - Action delay is set to 0 milliseconds

2023-09-25 11:55:38 - [MESSAGE][PASSED] - Browser is opened with url: ''

2023-09-25 11:55:38 - [TEST_STEP][PASSED] - maximizeWindow(): Current window maximized

2023-09-25 11:55:38 - [MESSAGE][PASSED] - Current window maximized

2023-09-25 11:55:38 - [TEST_STEP][PASSED] - navigateToUrl("https://www.google.com/"): Navigate to 'https://www.google.com/' successfully

2023-09-25 11:55:43 - [MESSAGE][PASSED] - Navigate to 'https://www.google.com/' successfully

2023-09-25 11:55:43 - [TEST_STEP][PASSED] - setText(findTestObject("Object Repository/Page_Google/textarea__q"), "hackerrank"): Text 'hackerrank' is set on object 'Object Repository/Page_Google/textarea__q'

2023-09-25 11:55:44 - [MESSAGE][PASSED] - Text 'hackerrank' is set on object 'Object Repository/Page_Google/textarea__q'

2023-09-25 11:55:44 - [TEST_STEP][PASSED] - sendKeys(findTestObject("Page_Google/textarea__q"), Keys.chord(ENTER)): Keys 'ENTER + ' sent to object: 'Object Repository/Page_Google/textarea__q'

2023-09-25 11:55:45 - [MESSAGE][PASSED] - Keys 'ENTER + ' sent to object: 'Object Repository/Page_Google/textarea__q'

2023-09-25 11:55:45 - [TEST_STEP][PASSED] - click(findTestObject("Object Repository/Page_hackerrank - Google Search/h3_HackerRank - Online Coding Tests and Tec_2dee1e")): Object: 'Object Repository/Page_hackerrank - Google Search/h3_HackerRank - Online Coding Tests and Tec_2dee1e' is clicked on

2023-09-25 11:56:04 - [MESSAGE][PASSED] - Object: 'Object Repository/Page_hackerrank - Google Search/h3_HackerRank - Online Coding Tests and Tec_2dee1e' is clicked on

2023-09-25 11:56:04 - [TEST_STEP][PASSED] - rightClick(findTestObject("Object Repository/Page_HackerRank - Online Coding Tests and T_423249/a_Sign up")): Object: 'Object Repository/Page_HackerRank - Online Coding Tests and T_423249/a_Sign up' is right clicked on

2023-09-25 11:56:05 - [MESSAGE][PASSED] - Object: 'Object Repository/Page_HackerRank - Online Coding Tests and T_423249/a_Sign up' is right clicked on

2023-09-25 11:56:05 - [TEST_STEP][PASSED] - verifyElementVisible(findTestObject("Object Repository/Page_HackerRank - Online Coding Tests and T_423249/a_Sign up")): Object 'Object Repository/Page_HackerRank - Online Coding Tests and T_423249/a_Sign up' is visible

2023-09-25 11:56:05 - [MESSAGE][PASSED] - Object 'Object Repository/Page_HackerRank - Online Coding Tests and T_423249/a_Sign up' is visible

2023-09-25 11:56:05 - [TEST_STEP][PASSED] - closeBrowser(): Browser is closed

2023-09-25 11:56:06 - [MESSAGE][PASSED] - Browser is closed]]></system-out>
         <system-err><![CDATA[]]></system-err>
      </testcase>
      <testcase name="Test Cases/Part1/TestCase06" time="34.899" classname="Test Cases/Part1/TestCase06" status="PASSED">
         <system-out><![CDATA[2023-09-25 11:56:06 - [TEST_CASE][PASSED] - Test Cases/Part1/TestCase06: Test Cases/Part1/TestCase06

2023-09-25 11:56:07 - [TEST_STEP][PASSED] - openBrowser(""): Browser is opened with url: ''

2023-09-25 11:56:07 - [MESSAGE][INFO] - Starting 'Chrome' driver

2023-09-25 11:56:07 - [MESSAGE][INFO] - Action delay is set to 0 milliseconds

2023-09-25 11:56:08 - [MESSAGE][PASSED] - Browser is opened with url: ''

2023-09-25 11:56:08 - [TEST_STEP][PASSED] - maximizeWindow(): Current window maximized

2023-09-25 11:56:08 - [MESSAGE][PASSED] - Current window maximized

2023-09-25 11:56:08 - [TEST_STEP][PASSED] - navigateToUrl("https://www.google.com/"): Navigate to 'https://www.google.com/' successfully

2023-09-25 11:56:13 - [MESSAGE][PASSED] - Navigate to 'https://www.google.com/' successfully

2023-09-25 11:56:13 - [TEST_STEP][PASSED] - setText(findTestObject("Object Repository/Page_Google/textarea__q"), "katalon"): Text 'katalon' is set on object 'Object Repository/Page_Google/textarea__q'

2023-09-25 11:56:14 - [MESSAGE][PASSED] - Text 'katalon' is set on object 'Object Repository/Page_Google/textarea__q'

2023-09-25 11:56:14 - [TEST_STEP][PASSED] - sendKeys(findTestObject("Page_Google/textarea__q"), Keys.chord(ENTER)): Keys 'ENTER + ' sent to object: 'Object Repository/Page_Google/textarea__q'

2023-09-25 11:56:15 - [MESSAGE][PASSED] - Keys 'ENTER + ' sent to object: 'Object Repository/Page_Google/textarea__q'

2023-09-25 11:56:15 - [TEST_STEP][PASSED] - click(findTestObject("Object Repository/Page_katalon - Google Search/span_Katalon Studio - 1 Software Testing Tool")): Object: 'Object Repository/Page_katalon - Google Search/span_Katalon Studio - 1 Software Testing Tool' is clicked on

2023-09-25 11:56:39 - [MESSAGE][PASSED] - Object: 'Object Repository/Page_katalon - Google Search/span_Katalon Studio - 1 Software Testing Tool' is clicked on

2023-09-25 11:56:39 - [TEST_STEP][PASSED] - click(findTestObject("Object Repository/Page_Katalon AI-augmented Software Quality _596167/button_Accept All Cookies")): Object: 'Object Repository/Page_Katalon AI-augmented Software Quality _596167/button_Accept All Cookies' is clicked on

2023-09-25 11:56:40 - [MESSAGE][PASSED] - Object: 'Object Repository/Page_Katalon AI-augmented Software Quality _596167/button_Accept All Cookies' is clicked on

2023-09-25 11:56:40 - [TEST_STEP][PASSED] - verifyElementPresent(findTestObject("Object Repository/Page_Katalon AI-augmented Software Quality _596167/a_Start free trial"), 0): Object 'Object Repository/Page_Katalon AI-augmented Software Quality _596167/a_Start free trial' is present

2023-09-25 11:56:40 - [MESSAGE][WARNING] - Timeout '0' is invalid. Using default page load timeout: '30'

2023-09-25 11:56:40 - [MESSAGE][PASSED] - Object 'Object Repository/Page_Katalon AI-augmented Software Quality _596167/a_Start free trial' is present

2023-09-25 11:56:40 - [TEST_STEP][PASSED] - closeBrowser(): Browser is closed

2023-09-25 11:56:41 - [MESSAGE][PASSED] - Browser is closed]]></system-out>
         <system-err><![CDATA[]]></system-err>
      </testcase>
      <testcase name="Test Cases/Part1/TestCase07" time="11.876" classname="Test Cases/Part1/TestCase07" status="PASSED">
         <system-out><![CDATA[2023-09-25 11:56:41 - [TEST_CASE][PASSED] - Test Cases/Part1/TestCase07: Test Cases/Part1/TestCase07

2023-09-25 11:56:42 - [TEST_STEP][PASSED] - openBrowser(""): Browser is opened with url: ''

2023-09-25 11:56:42 - [MESSAGE][INFO] - Starting 'Chrome' driver

2023-09-25 11:56:42 - [MESSAGE][INFO] - Action delay is set to 0 milliseconds

2023-09-25 11:56:43 - [MESSAGE][PASSED] - Browser is opened with url: ''

2023-09-25 11:56:43 - [TEST_STEP][PASSED] - maximizeWindow(): Current window maximized

2023-09-25 11:56:43 - [MESSAGE][PASSED] - Current window maximized

2023-09-25 11:56:43 - [TEST_STEP][PASSED] - navigateToUrl("https://www.google.com/"): Navigate to 'https://www.google.com/' successfully

2023-09-25 11:56:50 - [MESSAGE][PASSED] - Navigate to 'https://www.google.com/' successfully

2023-09-25 11:56:50 - [TEST_STEP][PASSED] - setText(findTestObject("Object Repository/Page_Google/textarea__q"), "eulers"): Text 'eulers' is set on object 'Object Repository/Page_Google/textarea__q'

2023-09-25 11:56:51 - [MESSAGE][PASSED] - Text 'eulers' is set on object 'Object Repository/Page_Google/textarea__q'

2023-09-25 11:56:51 - [TEST_STEP][PASSED] - sendKeys(findTestObject("Page_Google/textarea__q"), Keys.chord(ENTER)): Keys 'ENTER + ' sent to object: 'Object Repository/Page_Google/textarea__q'

2023-09-25 11:56:52 - [MESSAGE][PASSED] - Keys 'ENTER + ' sent to object: 'Object Repository/Page_Google/textarea__q'

2023-09-25 11:56:52 - [TEST_STEP][PASSED] - closeBrowser(): Browser is closed

2023-09-25 11:56:53 - [MESSAGE][PASSED] - Browser is closed]]></system-out>
         <system-err><![CDATA[]]></system-err>
      </testcase>
      <testcase name="Test Cases/Part1/TestCase08" time="8.213" classname="Test Cases/Part1/TestCase08" status="PASSED">
         <system-out><![CDATA[2023-09-25 11:56:53 - [TEST_CASE][PASSED] - Test Cases/Part1/TestCase08: Test Cases/Part1/TestCase08

2023-09-25 11:56:53 - [TEST_STEP][PASSED] - openBrowser(""): Browser is opened with url: ''

2023-09-25 11:56:53 - [MESSAGE][INFO] - Starting 'Chrome' driver

2023-09-25 11:56:53 - [MESSAGE][INFO] - Action delay is set to 0 milliseconds

2023-09-25 11:56:55 - [MESSAGE][PASSED] - Browser is opened with url: ''

2023-09-25 11:56:55 - [TEST_STEP][PASSED] - maximizeWindow(): Current window maximized

2023-09-25 11:56:55 - [MESSAGE][PASSED] - Current window maximized

2023-09-25 11:56:55 - [TEST_STEP][PASSED] - navigateToUrl("https://projecteuler.net/"): Navigate to 'https://projecteuler.net/' successfully

2023-09-25 11:56:57 - [MESSAGE][PASSED] - Navigate to 'https://projecteuler.net/' successfully

2023-09-25 11:56:57 - [TEST_STEP][PASSED] - click(findTestObject("Object Repository/Page_About - Project Euler/a_Sign In")): Object: 'Object Repository/Page_About - Project Euler/a_Sign In' is clicked on

2023-09-25 11:57:00 - [MESSAGE][PASSED] - Object: 'Object Repository/Page_About - Project Euler/a_Sign In' is clicked on

2023-09-25 11:57:00 - [TEST_STEP][PASSED] - verifyElementVisible(findTestObject("Object Repository/Page_Sign In - Project Euler/input_Remember Me_sign_in")): Object 'Object Repository/Page_Sign In - Project Euler/input_Remember Me_sign_in' is visible

2023-09-25 11:57:00 - [MESSAGE][PASSED] - Object 'Object Repository/Page_Sign In - Project Euler/input_Remember Me_sign_in' is visible

2023-09-25 11:57:00 - [TEST_STEP][PASSED] - closeBrowser(): Browser is closed

2023-09-25 11:57:01 - [MESSAGE][PASSED] - Browser is closed]]></system-out>
         <system-err><![CDATA[]]></system-err>
      </testcase>
      <testcase name="Test Cases/Part1/TestCase09" time="5.968" classname="Test Cases/Part1/TestCase09" status="PASSED">
         <system-out><![CDATA[2023-09-25 11:57:01 - [TEST_CASE][PASSED] - Test Cases/Part1/TestCase09: Test Cases/Part1/TestCase09

2023-09-25 11:57:01 - [TEST_STEP][PASSED] - openBrowser(""): Browser is opened with url: ''

2023-09-25 11:57:01 - [MESSAGE][INFO] - Starting 'Chrome' driver

2023-09-25 11:57:01 - [MESSAGE][INFO] - Action delay is set to 0 milliseconds

2023-09-25 11:57:03 - [MESSAGE][PASSED] - Browser is opened with url: ''

2023-09-25 11:57:03 - [TEST_STEP][PASSED] - maximizeWindow(): Current window maximized

2023-09-25 11:57:03 - [MESSAGE][PASSED] - Current window maximized

2023-09-25 11:57:03 - [TEST_STEP][PASSED] - navigateToUrl("https://www.wikipedia.org/"): Navigate to 'https://www.wikipedia.org/' successfully

2023-09-25 11:57:05 - [MESSAGE][PASSED] - Navigate to 'https://www.wikipedia.org/' successfully

2023-09-25 11:57:05 - [TEST_STEP][PASSED] - rightClick(findTestObject("Object Repository/Page_Wikipedia/input_Search Wikipedia_search")): Object: 'Object Repository/Page_Wikipedia/input_Search Wikipedia_search' is right clicked on

2023-09-25 11:57:06 - [MESSAGE][PASSED] - Object: 'Object Repository/Page_Wikipedia/input_Search Wikipedia_search' is right clicked on

2023-09-25 11:57:06 - [TEST_STEP][PASSED] - verifyElementVisible(findTestObject("Object Repository/Page_Wikipedia/input_Search Wikipedia_search")): Object 'Object Repository/Page_Wikipedia/input_Search Wikipedia_search' is visible

2023-09-25 11:57:06 - [MESSAGE][PASSED] - Object 'Object Repository/Page_Wikipedia/input_Search Wikipedia_search' is visible

2023-09-25 11:57:06 - [TEST_STEP][PASSED] - closeBrowser(): Browser is closed

2023-09-25 11:57:07 - [MESSAGE][PASSED] - Browser is closed]]></system-out>
         <system-err><![CDATA[]]></system-err>
      </testcase>
      <testcase name="Test Cases/Part1/TestCase10" time="9.887" classname="Test Cases/Part1/TestCase10" status="PASSED">
         <system-out><![CDATA[2023-09-25 11:57:07 - [TEST_CASE][PASSED] - Test Cases/Part1/TestCase10: Test Cases/Part1/TestCase10

2023-09-25 11:57:08 - [TEST_STEP][PASSED] - openBrowser(""): Browser is opened with url: ''

2023-09-25 11:57:08 - [MESSAGE][INFO] - Starting 'Chrome' driver

2023-09-25 11:57:08 - [MESSAGE][INFO] - Action delay is set to 0 milliseconds

2023-09-25 11:57:09 - [MESSAGE][PASSED] - Browser is opened with url: ''

2023-09-25 11:57:09 - [TEST_STEP][PASSED] - maximizeWindow(): Current window maximized

2023-09-25 11:57:09 - [MESSAGE][PASSED] - Current window maximized

2023-09-25 11:57:09 - [TEST_STEP][PASSED] - navigateToUrl("https://www.wikipedia.org/"): Navigate to 'https://www.wikipedia.org/' successfully

2023-09-25 11:57:11 - [MESSAGE][PASSED] - Navigate to 'https://www.wikipedia.org/' successfully

2023-09-25 11:57:11 - [TEST_STEP][PASSED] - click(findTestObject("Object Repository/Page_Wikipedia/strong_English")): Object: 'Object Repository/Page_Wikipedia/strong_English' is clicked on

2023-09-25 11:57:16 - [MESSAGE][PASSED] - Object: 'Object Repository/Page_Wikipedia/strong_English' is clicked on

2023-09-25 11:57:16 - [TEST_STEP][PASSED] - scrollToElement(findTestObject("Object Repository/Page_Wikipedia, the free encyclopedia/a_Wikipedia"), 0): Scroll to object 'Object Repository/Page_Wikipedia, the free encyclopedia/a_Wikipedia' successfully

2023-09-25 11:57:16 - [MESSAGE][WARNING] - Timeout '0' is invalid. Using default page load timeout: '30'

2023-09-25 11:57:16 - [MESSAGE][PASSED] - Scroll to object 'Object Repository/Page_Wikipedia, the free encyclopedia/a_Wikipedia' successfully

2023-09-25 11:57:16 - [TEST_STEP][PASSED] - verifyElementPresent(findTestObject("Object Repository/Page_Wikipedia, the free encyclopedia/a_Wikipedia"), 0): Object 'Object Repository/Page_Wikipedia, the free encyclopedia/a_Wikipedia' is present

2023-09-25 11:57:16 - [MESSAGE][WARNING] - Timeout '0' is invalid. Using default page load timeout: '30'

2023-09-25 11:57:16 - [MESSAGE][PASSED] - Object 'Object Repository/Page_Wikipedia, the free encyclopedia/a_Wikipedia' is present

2023-09-25 11:57:16 - [TEST_STEP][PASSED] - closeBrowser(): Browser is closed

2023-09-25 11:57:17 - [MESSAGE][PASSED] - Browser is closed]]></system-out>
         <system-err><![CDATA[]]></system-err>
      </testcase>
      <testcase name="Test Cases/Part2/TestCase11" time="9.064" classname="Test Cases/Part2/TestCase11" status="PASSED">
         <system-out><![CDATA[2023-09-25 11:57:17 - [TEST_CASE][PASSED] - Test Cases/Part2/TestCase11: Test Cases/Part2/TestCase11

2023-09-25 11:57:18 - [TEST_STEP][PASSED] - openBrowser(""): Browser is opened with url: ''

2023-09-25 11:57:18 - [MESSAGE][INFO] - Starting 'Chrome' driver

2023-09-25 11:57:18 - [MESSAGE][INFO] - Action delay is set to 0 milliseconds

2023-09-25 11:57:20 - [MESSAGE][PASSED] - Browser is opened with url: ''

2023-09-25 11:57:20 - [TEST_STEP][PASSED] - maximizeWindow(): Current window maximized

2023-09-25 11:57:20 - [MESSAGE][PASSED] - Current window maximized

2023-09-25 11:57:20 - [TEST_STEP][PASSED] - navigateToUrl("https://github.com/"): Navigate to 'https://github.com/' successfully

2023-09-25 11:57:25 - [MESSAGE][PASSED] - Navigate to 'https://github.com/' successfully

2023-09-25 11:57:25 - [TEST_STEP][PASSED] - verifyElementVisible(findTestObject("Object Repository/Page_GitHub Lets build from here  GitHub/a_Sign in")): Object 'Object Repository/Page_GitHub Lets build from here  GitHub/a_Sign in' is visible

2023-09-25 11:57:26 - [MESSAGE][PASSED] - Object 'Object Repository/Page_GitHub Lets build from here  GitHub/a_Sign in' is visible

2023-09-25 11:57:26 - [TEST_STEP][PASSED] - closeBrowser(): Browser is closed

2023-09-25 11:57:26 - [MESSAGE][PASSED] - Browser is closed]]></system-out>
         <system-err><![CDATA[]]></system-err>
      </testcase>
      <testcase name="Test Cases/Part2/TestCase12" time="8.231" classname="Test Cases/Part2/TestCase12" status="PASSED">
         <system-out><![CDATA[2023-09-25 11:57:26 - [TEST_CASE][PASSED] - Test Cases/Part2/TestCase12: Test Cases/Part2/TestCase12

2023-09-25 11:57:27 - [TEST_STEP][PASSED] - openBrowser(""): Browser is opened with url: ''

2023-09-25 11:57:27 - [MESSAGE][INFO] - Starting 'Chrome' driver

2023-09-25 11:57:27 - [MESSAGE][INFO] - Action delay is set to 0 milliseconds

2023-09-25 11:57:29 - [MESSAGE][PASSED] - Browser is opened with url: ''

2023-09-25 11:57:29 - [TEST_STEP][PASSED] - maximizeWindow(): Current window maximized

2023-09-25 11:57:29 - [MESSAGE][PASSED] - Current window maximized

2023-09-25 11:57:29 - [TEST_STEP][PASSED] - navigateToUrl("https://github.com/"): Navigate to 'https://github.com/' successfully

2023-09-25 11:57:32 - [MESSAGE][PASSED] - Navigate to 'https://github.com/' successfully

2023-09-25 11:57:32 - [TEST_STEP][PASSED] - verifyElementVisible(findTestObject("Object Repository/Page_GitHub Lets build from here  GitHub/a_Sign up")): Object 'Object Repository/Page_GitHub Lets build from here  GitHub/a_Sign up' is visible

2023-09-25 11:57:34 - [MESSAGE][PASSED] - Object 'Object Repository/Page_GitHub Lets build from here  GitHub/a_Sign up' is visible

2023-09-25 11:57:34 - [TEST_STEP][PASSED] - closeBrowser(): Browser is closed

2023-09-25 11:57:35 - [MESSAGE][PASSED] - Browser is closed]]></system-out>
         <system-err><![CDATA[]]></system-err>
      </testcase>
      <testcase name="Test Cases/Part2/TestCase13" time="8.695" classname="Test Cases/Part2/TestCase13" status="PASSED">
         <system-out><![CDATA[2023-09-25 11:57:35 - [TEST_CASE][PASSED] - Test Cases/Part2/TestCase13: Test Cases/Part2/TestCase13

2023-09-25 11:57:35 - [TEST_STEP][PASSED] - openBrowser(""): Browser is opened with url: ''

2023-09-25 11:57:35 - [MESSAGE][INFO] - Starting 'Chrome' driver

2023-09-25 11:57:35 - [MESSAGE][INFO] - Action delay is set to 0 milliseconds

2023-09-25 11:57:37 - [MESSAGE][PASSED] - Browser is opened with url: ''

2023-09-25 11:57:37 - [TEST_STEP][PASSED] - maximizeWindow(): Current window maximized

2023-09-25 11:57:37 - [MESSAGE][PASSED] - Current window maximized

2023-09-25 11:57:37 - [TEST_STEP][PASSED] - navigateToUrl("https://github.com/"): Navigate to 'https://github.com/' successfully

2023-09-25 11:57:40 - [MESSAGE][PASSED] - Navigate to 'https://github.com/' successfully

2023-09-25 11:57:40 - [TEST_STEP][PASSED] - click(findTestObject("Object Repository/Page_GitHub Lets build from here  GitHub/span_Search or jump to")): Object: 'Object Repository/Page_GitHub Lets build from here  GitHub/span_Search or jump to' is clicked on

2023-09-25 11:57:41 - [MESSAGE][PASSED] - Object: 'Object Repository/Page_GitHub Lets build from here  GitHub/span_Search or jump to' is clicked on

2023-09-25 11:57:41 - [TEST_STEP][PASSED] - setText(findTestObject("Object Repository/Page_GitHub Lets build from here  GitHub/input_Search_query-builder-test"), "awesome"): Text 'awesome' is set on object 'Object Repository/Page_GitHub Lets build from here  GitHub/input_Search_query-builder-test'

2023-09-25 11:57:43 - [MESSAGE][PASSED] - Text 'awesome' is set on object 'Object Repository/Page_GitHub Lets build from here  GitHub/input_Search_query-builder-test'

2023-09-25 11:57:43 - [TEST_STEP][PASSED] - closeBrowser(): Browser is closed

2023-09-25 11:57:43 - [MESSAGE][PASSED] - Browser is closed]]></system-out>
         <system-err><![CDATA[]]></system-err>
      </testcase>
      <testcase name="Test Cases/Part2/TestCase14" time="9.844" classname="Test Cases/Part2/TestCase14" status="PASSED">
         <system-out><![CDATA[2023-09-25 11:57:43 - [TEST_CASE][PASSED] - Test Cases/Part2/TestCase14: Test Cases/Part2/TestCase14

2023-09-25 11:57:44 - [TEST_STEP][PASSED] - openBrowser(""): Browser is opened with url: ''

2023-09-25 11:57:44 - [MESSAGE][INFO] - Starting 'Chrome' driver

2023-09-25 11:57:44 - [MESSAGE][INFO] - Action delay is set to 0 milliseconds

2023-09-25 11:57:46 - [MESSAGE][PASSED] - Browser is opened with url: ''

2023-09-25 11:57:46 - [TEST_STEP][PASSED] - maximizeWindow(): Current window maximized

2023-09-25 11:57:46 - [MESSAGE][PASSED] - Current window maximized

2023-09-25 11:57:46 - [TEST_STEP][PASSED] - navigateToUrl("https://github.com/"): Navigate to 'https://github.com/' successfully

2023-09-25 11:57:50 - [MESSAGE][PASSED] - Navigate to 'https://github.com/' successfully

2023-09-25 11:57:50 - [TEST_STEP][PASSED] - click(findTestObject("Object Repository/Page_GitHub Lets build from here  GitHub/a_Sign in")): Object: 'Object Repository/Page_GitHub Lets build from here  GitHub/a_Sign in' is clicked on

2023-09-25 11:57:50 - [MESSAGE][PASSED] - Object: 'Object Repository/Page_GitHub Lets build from here  GitHub/a_Sign in' is clicked on

2023-09-25 11:57:50 - [TEST_STEP][PASSED] - verifyElementText(findTestObject("Object Repository/Page_Sign in to GitHub  GitHub/h1_Sign in to GitHub"), "Sign in to GitHub"): Actual text and expected text of test object 'Object Repository/Page_Sign in to GitHub  GitHub/h1_Sign in to GitHub' are matched.

2023-09-25 11:57:52 - [MESSAGE][PASSED] - Actual text and expected text of test object 'Object Repository/Page_Sign in to GitHub  GitHub/h1_Sign in to GitHub' are matched.

2023-09-25 11:57:52 - [TEST_STEP][PASSED] - closeBrowser(): Browser is closed

2023-09-25 11:57:53 - [MESSAGE][PASSED] - Browser is closed]]></system-out>
         <system-err><![CDATA[]]></system-err>
      </testcase>
      <testcase name="Test Cases/Part2/TestCase15" time="13.2" classname="Test Cases/Part2/TestCase15" status="PASSED">
         <system-out><![CDATA[2023-09-25 11:57:53 - [TEST_CASE][PASSED] - Test Cases/Part2/TestCase15: Test Cases/Part2/TestCase15

2023-09-25 11:57:54 - [TEST_STEP][PASSED] - openBrowser(""): Browser is opened with url: ''

2023-09-25 11:57:54 - [MESSAGE][INFO] - Starting 'Chrome' driver

2023-09-25 11:57:54 - [MESSAGE][INFO] - Action delay is set to 0 milliseconds

2023-09-25 11:57:55 - [MESSAGE][PASSED] - Browser is opened with url: ''

2023-09-25 11:57:55 - [TEST_STEP][PASSED] - maximizeWindow(): Current window maximized

2023-09-25 11:57:56 - [MESSAGE][PASSED] - Current window maximized

2023-09-25 11:57:56 - [TEST_STEP][PASSED] - navigateToUrl("https://github.com/"): Navigate to 'https://github.com/' successfully

2023-09-25 11:57:58 - [MESSAGE][PASSED] - Navigate to 'https://github.com/' successfully

2023-09-25 11:57:58 - [TEST_STEP][PASSED] - click(findTestObject("Object Repository/Page_GitHub Lets build from here  GitHub/a_Sign up")): Object: 'Object Repository/Page_GitHub Lets build from here  GitHub/a_Sign up' is clicked on

2023-09-25 11:58:00 - [MESSAGE][PASSED] - Object: 'Object Repository/Page_GitHub Lets build from here  GitHub/a_Sign up' is clicked on

2023-09-25 11:58:00 - [TEST_STEP][PASSED] - setText(findTestObject("Object Repository/Page_Join GitHub  GitHub/input_Enter your email_useremail"), "Hi"): Text 'Hi' is set on object 'Object Repository/Page_Join GitHub  GitHub/input_Enter your email_useremail'

2023-09-25 11:58:06 - [MESSAGE][PASSED] - Text 'Hi' is set on object 'Object Repository/Page_Join GitHub  GitHub/input_Enter your email_useremail'

2023-09-25 11:58:06 - [TEST_STEP][PASSED] - closeBrowser(): Browser is closed

2023-09-25 11:58:06 - [MESSAGE][PASSED] - Browser is closed]]></system-out>
         <system-err><![CDATA[]]></system-err>
      </testcase>
      <testcase name="Test Cases/Part2/TestCase16" time="6.845" classname="Test Cases/Part2/TestCase16" status="PASSED">
         <system-out><![CDATA[2023-09-25 11:58:06 - [TEST_CASE][PASSED] - Test Cases/Part2/TestCase16: Test Cases/Part2/TestCase16

2023-09-25 11:58:07 - [TEST_STEP][PASSED] - openBrowser(""): Browser is opened with url: ''

2023-09-25 11:58:07 - [MESSAGE][INFO] - Starting 'Chrome' driver

2023-09-25 11:58:07 - [MESSAGE][INFO] - Action delay is set to 0 milliseconds

2023-09-25 11:58:08 - [MESSAGE][PASSED] - Browser is opened with url: ''

2023-09-25 11:58:08 - [TEST_STEP][PASSED] - maximizeWindow(): Current window maximized

2023-09-25 11:58:08 - [MESSAGE][PASSED] - Current window maximized

2023-09-25 11:58:08 - [TEST_STEP][PASSED] - navigateToUrl("https://github.com/"): Navigate to 'https://github.com/' successfully

2023-09-25 11:58:11 - [MESSAGE][PASSED] - Navigate to 'https://github.com/' successfully

2023-09-25 11:58:11 - [TEST_STEP][PASSED] - click(findTestObject("Object Repository/Page_GitHub Lets build from here  GitHub/svg_Product_octicon octicon-chevron-down He_c64722")): Object: 'Object Repository/Page_GitHub Lets build from here  GitHub/svg_Product_octicon octicon-chevron-down He_c64722' is clicked on

2023-09-25 11:58:12 - [MESSAGE][PASSED] - Object: 'Object Repository/Page_GitHub Lets build from here  GitHub/svg_Product_octicon octicon-chevron-down He_c64722' is clicked on

2023-09-25 11:58:12 - [TEST_STEP][PASSED] - closeBrowser(): Browser is closed

2023-09-25 11:58:13 - [MESSAGE][PASSED] - Browser is closed]]></system-out>
         <system-err><![CDATA[]]></system-err>
      </testcase>
      <testcase name="Test Cases/Part2/TestCase17" time="7.377" classname="Test Cases/Part2/TestCase17" status="PASSED">
         <system-out><![CDATA[2023-09-25 11:58:13 - [TEST_CASE][PASSED] - Test Cases/Part2/TestCase17: Test Cases/Part2/TestCase17

2023-09-25 11:58:14 - [TEST_STEP][PASSED] - openBrowser(""): Browser is opened with url: ''

2023-09-25 11:58:14 - [MESSAGE][INFO] - Starting 'Chrome' driver

2023-09-25 11:58:14 - [MESSAGE][INFO] - Action delay is set to 0 milliseconds

2023-09-25 11:58:15 - [MESSAGE][PASSED] - Browser is opened with url: ''

2023-09-25 11:58:15 - [TEST_STEP][PASSED] - maximizeWindow(): Current window maximized

2023-09-25 11:58:15 - [MESSAGE][PASSED] - Current window maximized

2023-09-25 11:58:15 - [TEST_STEP][PASSED] - navigateToUrl("https://github.com/"): Navigate to 'https://github.com/' successfully

2023-09-25 11:58:19 - [MESSAGE][PASSED] - Navigate to 'https://github.com/' successfully

2023-09-25 11:58:19 - [TEST_STEP][PASSED] - click(findTestObject("Object Repository/Page_GitHub Lets build from here  GitHub/svg_Product_octicon octicon-chevron-down He_c64722")): Object: 'Object Repository/Page_GitHub Lets build from here  GitHub/svg_Product_octicon octicon-chevron-down He_c64722' is clicked on

2023-09-25 11:58:20 - [MESSAGE][PASSED] - Object: 'Object Repository/Page_GitHub Lets build from here  GitHub/svg_Product_octicon octicon-chevron-down He_c64722' is clicked on

2023-09-25 11:58:20 - [TEST_STEP][PASSED] - closeBrowser(): Browser is closed

2023-09-25 11:58:21 - [MESSAGE][PASSED] - Browser is closed]]></system-out>
         <system-err><![CDATA[]]></system-err>
      </testcase>
      <testcase name="Test Cases/Part2/TestCase18" time="7.967" classname="Test Cases/Part2/TestCase18" status="FAILED">
         <failure type="FAILED" message="Test Cases/Part2/TestCase18 FAILED.
Reason:
com.kms.katalon.core.exception.StepFailedException: Verify element text of test object 'Object Repository/Page_Pricing  Plans for every developer  GitHub/h1_Get the complete developerplatform' FAILED.
	at com.kms.katalon.core.webui.keyword.internal.WebUIKeywordMain.stepFailed(WebUIKeywordMain.groovy:64)
	at com.kms.katalon.core.webui.keyword.internal.WebUIKeywordMain.runKeyword(WebUIKeywordMain.groovy:26)
	at com.kms.katalon.core.webui.keyword.builtin.VerifyElementTextKeyword.verifyElementText(VerifyElementTextKeyword.groovy:72)
	at com.kms.katalon.core.webui.keyword.builtin.VerifyElementTextKeyword.execute(VerifyElementTextKeyword.groovy:40)
	at com.kms.katalon.core.keyword.internal.KeywordExecutor.executeKeywordForPlatform(KeywordExecutor.groovy:74)
	at com.kms.katalon.core.webui.keyword.WebUiBuiltInKeywords.verifyElementText(WebUiBuiltInKeywords.groovy:4749)
	at com.kms.katalon.core.webui.keyword.WebUiBuiltInKeywords$verifyElementText$3.call(Unknown Source)
	at TestCase18.run(TestCase18:26)
	at com.kms.katalon.core.main.ScriptEngine.run(ScriptEngine.java:194)
	at com.kms.katalon.core.main.ScriptEngine.runScriptAsRawText(ScriptEngine.java:119)
	at com.kms.katalon.core.main.TestCaseExecutor.runScript(TestCaseExecutor.java:448)
	at com.kms.katalon.core.main.TestCaseExecutor.doExecute(TestCaseExecutor.java:439)
	at com.kms.katalon.core.main.TestCaseExecutor.processExecutionPhase(TestCaseExecutor.java:418)
	at com.kms.katalon.core.main.TestCaseExecutor.accessMainPhase(TestCaseExecutor.java:410)
	at com.kms.katalon.core.main.TestCaseExecutor.execute(TestCaseExecutor.java:285)
	at com.kms.katalon.core.main.TestCaseExecutor.execute(TestCaseExecutor.java:369)
	at com.kms.katalon.core.main.TestCaseExecutor.execute(TestCaseExecutor.java:369)
	at com.kms.katalon.core.main.TestCaseExecutor.execute(TestCaseExecutor.java:369)
	at com.kms.katalon.core.common.CommonExecutor.accessTestCaseMainPhase(CommonExecutor.java:65)
	at com.kms.katalon.core.main.TestSuiteExecutor.accessTestSuiteMainPhase(TestSuiteExecutor.java:148)
	at com.kms.katalon.core.main.TestSuiteExecutor.execute(TestSuiteExecutor.java:106)
	at com.kms.katalon.core.main.TestCaseMain.startTestSuite(TestCaseMain.java:187)
	at com.kms.katalon.core.main.TestCaseMain$startTestSuite$0.call(Unknown Source)
	at TempTestSuite1695622745348.run(TempTestSuite1695622745348.groovy:36)
Caused by: com.kms.katalon.core.exception.StepFailedException: Actual text 'Lets build from here' and expected text 'Get the complete developer platform.' of test object 'Object Repository/Page_Pricing  Plans for every developer  GitHub/h1_Get the complete developerplatform' are NOT matched.
	at com.kms.katalon.core.webui.keyword.internal.WebUIKeywordMain.stepFailed(WebUIKeywordMain.groovy:64)
	at com.kms.katalon.core.webui.keyword.builtin.VerifyElementTextKeyword$_verifyElementText_closure1.doCall(VerifyElementTextKeyword.groovy:57)
	at com.kms.katalon.core.webui.keyword.builtin.VerifyElementTextKeyword$_verifyElementText_closure1.call(VerifyElementTextKeyword.groovy)
	at com.kms.katalon.core.webui.keyword.internal.WebUIKeywordMain.runKeyword(WebUIKeywordMain.groovy:20)
	... 22 more
"/>
         <system-out><![CDATA[2023-09-25 11:58:45 - [TEST_CASE][FAILED] - Test Cases/Part2/TestCase18: Test Cases/Part2/TestCase18 FAILED.
Reason:
com.kms.katalon.core.exception.StepFailedException: Verify element text of test object 'Object Repository/Page_Pricing  Plans for every developer  GitHub/h1_Get the complete developerplatform' FAILED.
	at com.kms.katalon.core.webui.keyword.internal.WebUIKeywordMain.stepFailed(WebUIKeywordMain.groovy:64)
	at com.kms.katalon.core.webui.keyword.internal.WebUIKeywordMain.runKeyword(WebUIKeywordMain.groovy:26)
	at com.kms.katalon.core.webui.keyword.builtin.VerifyElementTextKeyword.verifyElementText(VerifyElementTextKeyword.groovy:72)
	at com.kms.katalon.core.webui.keyword.builtin.VerifyElementTextKeyword.execute(VerifyElementTextKeyword.groovy:40)
	at com.kms.katalon.core.keyword.internal.KeywordExecutor.executeKeywordForPlatform(KeywordExecutor.groovy:74)
	at com.kms.katalon.core.webui.keyword.WebUiBuiltInKeywords.verifyElementText(WebUiBuiltInKeywords.groovy:4749)
	at com.kms.katalon.core.webui.keyword.WebUiBuiltInKeywords$verifyElementText$3.call(Unknown Source)
	at TestCase18.run(TestCase18:26)
	at com.kms.katalon.core.main.ScriptEngine.run(ScriptEngine.java:194)
	at com.kms.katalon.core.main.ScriptEngine.runScriptAsRawText(ScriptEngine.java:119)
	at com.kms.katalon.core.main.TestCaseExecutor.runScript(TestCaseExecutor.java:448)
	at com.kms.katalon.core.main.TestCaseExecutor.doExecute(TestCaseExecutor.java:439)
	at com.kms.katalon.core.main.TestCaseExecutor.processExecutionPhase(TestCaseExecutor.java:418)
	at com.kms.katalon.core.main.TestCaseExecutor.accessMainPhase(TestCaseExecutor.java:410)
	at com.kms.katalon.core.main.TestCaseExecutor.execute(TestCaseExecutor.java:285)
	at com.kms.katalon.core.main.TestCaseExecutor.execute(TestCaseExecutor.java:369)
	at com.kms.katalon.core.main.TestCaseExecutor.execute(TestCaseExecutor.java:369)
	at com.kms.katalon.core.main.TestCaseExecutor.execute(TestCaseExecutor.java:369)
	at com.kms.katalon.core.common.CommonExecutor.accessTestCaseMainPhase(CommonExecutor.java:65)
	at com.kms.katalon.core.main.TestSuiteExecutor.accessTestSuiteMainPhase(TestSuiteExecutor.java:148)
	at com.kms.katalon.core.main.TestSuiteExecutor.execute(TestSuiteExecutor.java:106)
	at com.kms.katalon.core.main.TestCaseMain.startTestSuite(TestCaseMain.java:187)
	at com.kms.katalon.core.main.TestCaseMain$startTestSuite$0.call(Unknown Source)
	at TempTestSuite1695622745348.run(TempTestSuite1695622745348.groovy:36)
Caused by: com.kms.katalon.core.exception.StepFailedException: Actual text 'Lets build from here' and expected text 'Get the complete developer platform.' of test object 'Object Repository/Page_Pricing  Plans for every developer  GitHub/h1_Get the complete developerplatform' are NOT matched.
	at com.kms.katalon.core.webui.keyword.internal.WebUIKeywordMain.stepFailed(WebUIKeywordMain.groovy:64)
	at com.kms.katalon.core.webui.keyword.builtin.VerifyElementTextKeyword$_verifyElementText_closure1.doCall(VerifyElementTextKeyword.groovy:57)
	at com.kms.katalon.core.webui.keyword.builtin.VerifyElementTextKeyword$_verifyElementText_closure1.call(VerifyElementTextKeyword.groovy)
	at com.kms.katalon.core.webui.keyword.internal.WebUIKeywordMain.runKeyword(WebUIKeywordMain.groovy:20)
	... 22 more


2023-09-25 11:58:45 - [TEST_STEP][PASSED] - openBrowser(""): Browser is opened with url: ''

2023-09-25 11:58:45 - [MESSAGE][WARNING] - A browser is already opened. Closing browser and opening a new one

2023-09-25 11:58:46 - [MESSAGE][INFO] - Starting 'Chrome' driver

2023-09-25 11:58:46 - [MESSAGE][INFO] - Action delay is set to 0 milliseconds

2023-09-25 11:58:47 - [MESSAGE][PASSED] - Browser is opened with url: ''

2023-09-25 11:58:47 - [TEST_STEP][PASSED] - navigateToUrl("https://github.com/"): Navigate to 'https://github.com/' successfully

2023-09-25 11:58:49 - [MESSAGE][PASSED] - Navigate to 'https://github.com/' successfully

2023-09-25 11:58:49 - [TEST_STEP][PASSED] - click(findTestObject("Object Repository/Page_GitHub Lets build from here  GitHub/a_Pricing")): Object: 'Object Repository/Page_GitHub Lets build from here  GitHub/a_Pricing' is clicked on

2023-09-25 11:58:51 - [MESSAGE][PASSED] - Object: 'Object Repository/Page_GitHub Lets build from here  GitHub/a_Pricing' is clicked on

2023-09-25 11:58:51 - [TEST_STEP][FAILED] - verifyElementText(findTestObject("Object Repository/Page_Pricing  Plans for every developer  GitHub/h1_Get the complete developerplatform"), "Get the complete developer platform."): Verify element text of test object 'Object Repository/Page_Pricing  Plans for every developer  GitHub/h1_Get the complete developerplatform' FAILED. (Root cause: com.kms.katalon.core.exception.StepFailedException: Verify element text of test object 'Object Repository/Page_Pricing  Plans for every developer  GitHub/h1_Get the complete developerplatform' FAILED.
	at com.kms.katalon.core.webui.keyword.internal.WebUIKeywordMain.stepFailed(WebUIKeywordMain.groovy:64)
	at com.kms.katalon.core.webui.keyword.internal.WebUIKeywordMain.runKeyword(WebUIKeywordMain.groovy:26)
	at com.kms.katalon.core.webui.keyword.builtin.VerifyElementTextKeyword.verifyElementText(VerifyElementTextKeyword.groovy:72)
	at com.kms.katalon.core.webui.keyword.builtin.VerifyElementTextKeyword.execute(VerifyElementTextKeyword.groovy:40)
	at com.kms.katalon.core.keyword.internal.KeywordExecutor.executeKeywordForPlatform(KeywordExecutor.groovy:74)
	at com.kms.katalon.core.webui.keyword.WebUiBuiltInKeywords.verifyElementText(WebUiBuiltInKeywords.groovy:4749)
	at com.kms.katalon.core.webui.keyword.WebUiBuiltInKeywords$verifyElementText$3.call(Unknown Source)
	at TestCase18.run(TestCase18:26)
	at com.kms.katalon.core.main.ScriptEngine.run(ScriptEngine.java:194)
	at com.kms.katalon.core.main.ScriptEngine.runScriptAsRawText(ScriptEngine.java:119)
	at com.kms.katalon.core.main.TestCaseExecutor.runScript(TestCaseExecutor.java:448)
	at com.kms.katalon.core.main.TestCaseExecutor.doExecute(TestCaseExecutor.java:439)
	at com.kms.katalon.core.main.TestCaseExecutor.processExecutionPhase(TestCaseExecutor.java:418)
	at com.kms.katalon.core.main.TestCaseExecutor.accessMainPhase(TestCaseExecutor.java:410)
	at com.kms.katalon.core.main.TestCaseExecutor.execute(TestCaseExecutor.java:285)
	at com.kms.katalon.core.main.TestCaseExecutor.execute(TestCaseExecutor.java:369)
	at com.kms.katalon.core.main.TestCaseExecutor.execute(TestCaseExecutor.java:369)
	at com.kms.katalon.core.main.TestCaseExecutor.execute(TestCaseExecutor.java:369)
	at com.kms.katalon.core.common.CommonExecutor.accessTestCaseMainPhase(CommonExecutor.java:65)
	at com.kms.katalon.core.main.TestSuiteExecutor.accessTestSuiteMainPhase(TestSuiteExecutor.java:148)
	at com.kms.katalon.core.main.TestSuiteExecutor.execute(TestSuiteExecutor.java:106)
	at com.kms.katalon.core.main.TestCaseMain.startTestSuite(TestCaseMain.java:187)
	at com.kms.katalon.core.main.TestCaseMain$startTestSuite$0.call(Unknown Source)
	at TempTestSuite1695622745348.run(TempTestSuite1695622745348.groovy:36)
Caused by: com.kms.katalon.core.exception.StepFailedException: Actual text 'Lets build from here' and expected text 'Get the complete developer platform.' of test object 'Object Repository/Page_Pricing  Plans for every developer  GitHub/h1_Get the complete developerplatform' are NOT matched.
	at com.kms.katalon.core.webui.keyword.internal.WebUIKeywordMain.stepFailed(WebUIKeywordMain.groovy:64)
	at com.kms.katalon.core.webui.keyword.builtin.VerifyElementTextKeyword$_verifyElementText_closure1.doCall(VerifyElementTextKeyword.groovy:57)
	at com.kms.katalon.core.webui.keyword.builtin.VerifyElementTextKeyword$_verifyElementText_closure1.call(VerifyElementTextKeyword.groovy)
	at com.kms.katalon.core.webui.keyword.internal.WebUIKeywordMain.runKeyword(WebUIKeywordMain.groovy:20)
	... 22 more
)

2023-09-25 11:58:53 - [MESSAGE][FAILED] - Actual text 'Lets build from here' and expected text 'Get the complete developer platform.' of test object 'Object Repository/Page_Pricing  Plans for every developer  GitHub/h1_Get the complete developerplatform' are NOT matched. (Root cause: com.kms.katalon.core.exception.StepFailedException: Actual text 'Lets build from here' and expected text 'Get the complete developer platform.' of test object 'Object Repository/Page_Pricing  Plans for every developer  GitHub/h1_Get the complete developerplatform' are NOT matched.
	at com.kms.katalon.core.webui.keyword.internal.WebUIKeywordMain.stepFailed(WebUIKeywordMain.groovy:64)
	at com.kms.katalon.core.webui.keyword.builtin.VerifyElementTextKeyword$_verifyElementText_closure1.doCall(VerifyElementTextKeyword.groovy:57)
	at com.kms.katalon.core.webui.keyword.builtin.VerifyElementTextKeyword$_verifyElementText_closure1.call(VerifyElementTextKeyword.groovy)
	at com.kms.katalon.core.webui.keyword.internal.WebUIKeywordMain.runKeyword(WebUIKeywordMain.groovy:20)
	at com.kms.katalon.core.webui.keyword.builtin.VerifyElementTextKeyword.verifyElementText(VerifyElementTextKeyword.groovy:72)
	at com.kms.katalon.core.webui.keyword.builtin.VerifyElementTextKeyword.execute(VerifyElementTextKeyword.groovy:40)
	at com.kms.katalon.core.keyword.internal.KeywordExecutor.executeKeywordForPlatform(KeywordExecutor.groovy:74)
	at com.kms.katalon.core.webui.keyword.WebUiBuiltInKeywords.verifyElementText(WebUiBuiltInKeywords.groovy:4749)
	at com.kms.katalon.core.webui.keyword.WebUiBuiltInKeywords$verifyElementText$3.call(Unknown Source)
	at TestCase18.run(TestCase18:26)
	at com.kms.katalon.core.main.ScriptEngine.run(ScriptEngine.java:194)
	at com.kms.katalon.core.main.ScriptEngine.runScriptAsRawText(ScriptEngine.java:119)
	at com.kms.katalon.core.main.TestCaseExecutor.runScript(TestCaseExecutor.java:448)
	at com.kms.katalon.core.main.TestCaseExecutor.doExecute(TestCaseExecutor.java:439)
	at com.kms.katalon.core.main.TestCaseExecutor.processExecutionPhase(TestCaseExecutor.java:418)
	at com.kms.katalon.core.main.TestCaseExecutor.accessMainPhase(TestCaseExecutor.java:410)
	at com.kms.katalon.core.main.TestCaseExecutor.execute(TestCaseExecutor.java:285)
	at com.kms.katalon.core.main.TestCaseExecutor.execute(TestCaseExecutor.java:369)
	at com.kms.katalon.core.main.TestCaseExecutor.execute(TestCaseExecutor.java:369)
	at com.kms.katalon.core.main.TestCaseExecutor.execute(TestCaseExecutor.java:369)
	at com.kms.katalon.core.common.CommonExecutor.accessTestCaseMainPhase(CommonExecutor.java:65)
	at com.kms.katalon.core.main.TestSuiteExecutor.accessTestSuiteMainPhase(TestSuiteExecutor.java:148)
	at com.kms.katalon.core.main.TestSuiteExecutor.execute(TestSuiteExecutor.java:106)
	at com.kms.katalon.core.main.TestCaseMain.startTestSuite(TestCaseMain.java:187)
	at com.kms.katalon.core.main.TestCaseMain$startTestSuite$0.call(Unknown Source)
	at TempTestSuite1695622745348.run(TempTestSuite1695622745348.groovy:36)
)
[[ATTACHMENT|C:\\Users\\sachin.gajbhiye\\git\\Katalon-Practice\\Reports\\20230925_114901\\First Test Suite\\20230925_114905\\1695623332043.png]]

2023-09-25 11:58:53 - [MESSAGE][FAILED] - Verify element text of test object 'Object Repository/Page_Pricing  Plans for every developer  GitHub/h1_Get the complete developerplatform' FAILED. (Root cause: com.kms.katalon.core.exception.StepFailedException: Verify element text of test object 'Object Repository/Page_Pricing  Plans for every developer  GitHub/h1_Get the complete developerplatform' FAILED.
	at com.kms.katalon.core.webui.keyword.internal.WebUIKeywordMain.stepFailed(WebUIKeywordMain.groovy:64)
	at com.kms.katalon.core.webui.keyword.internal.WebUIKeywordMain.runKeyword(WebUIKeywordMain.groovy:26)
	at com.kms.katalon.core.webui.keyword.builtin.VerifyElementTextKeyword.verifyElementText(VerifyElementTextKeyword.groovy:72)
	at com.kms.katalon.core.webui.keyword.builtin.VerifyElementTextKeyword.execute(VerifyElementTextKeyword.groovy:40)
	at com.kms.katalon.core.keyword.internal.KeywordExecutor.executeKeywordForPlatform(KeywordExecutor.groovy:74)
	at com.kms.katalon.core.webui.keyword.WebUiBuiltInKeywords.verifyElementText(WebUiBuiltInKeywords.groovy:4749)
	at com.kms.katalon.core.webui.keyword.WebUiBuiltInKeywords$verifyElementText$3.call(Unknown Source)
	at TestCase18.run(TestCase18:26)
	at com.kms.katalon.core.main.ScriptEngine.run(ScriptEngine.java:194)
	at com.kms.katalon.core.main.ScriptEngine.runScriptAsRawText(ScriptEngine.java:119)
	at com.kms.katalon.core.main.TestCaseExecutor.runScript(TestCaseExecutor.java:448)
	at com.kms.katalon.core.main.TestCaseExecutor.doExecute(TestCaseExecutor.java:439)
	at com.kms.katalon.core.main.TestCaseExecutor.processExecutionPhase(TestCaseExecutor.java:418)
	at com.kms.katalon.core.main.TestCaseExecutor.accessMainPhase(TestCaseExecutor.java:410)
	at com.kms.katalon.core.main.TestCaseExecutor.execute(TestCaseExecutor.java:285)
	at com.kms.katalon.core.main.TestCaseExecutor.execute(TestCaseExecutor.java:369)
	at com.kms.katalon.core.main.TestCaseExecutor.execute(TestCaseExecutor.java:369)
	at com.kms.katalon.core.main.TestCaseExecutor.execute(TestCaseExecutor.java:369)
	at com.kms.katalon.core.common.CommonExecutor.accessTestCaseMainPhase(CommonExecutor.java:65)
	at com.kms.katalon.core.main.TestSuiteExecutor.accessTestSuiteMainPhase(TestSuiteExecutor.java:148)
	at com.kms.katalon.core.main.TestSuiteExecutor.execute(TestSuiteExecutor.java:106)
	at com.kms.katalon.core.main.TestCaseMain.startTestSuite(TestCaseMain.java:187)
	at com.kms.katalon.core.main.TestCaseMain$startTestSuite$0.call(Unknown Source)
	at TempTestSuite1695622745348.run(TempTestSuite1695622745348.groovy:36)
Caused by: com.kms.katalon.core.exception.StepFailedException: Actual text 'Lets build from here' and expected text 'Get the complete developer platform.' of test object 'Object Repository/Page_Pricing  Plans for every developer  GitHub/h1_Get the complete developerplatform' are NOT matched.
	at com.kms.katalon.core.webui.keyword.internal.WebUIKeywordMain.stepFailed(WebUIKeywordMain.groovy:64)
	at com.kms.katalon.core.webui.keyword.builtin.VerifyElementTextKeyword$_verifyElementText_closure1.doCall(VerifyElementTextKeyword.groovy:57)
	at com.kms.katalon.core.webui.keyword.builtin.VerifyElementTextKeyword$_verifyElementText_closure1.call(VerifyElementTextKeyword.groovy)
	at com.kms.katalon.core.webui.keyword.internal.WebUIKeywordMain.runKeyword(WebUIKeywordMain.groovy:20)
	... 22 more
)
[[ATTACHMENT|C:\\Users\\sachin.gajbhiye\\git\\Katalon-Practice\\Reports\\20230925_114901\\First Test Suite\\20230925_114905\\1695623333299.png]]]]></system-out>
         <system-err><![CDATA[2023-09-25 11:58:45 - [TEST_CASE][FAILED] - Test Cases/Part2/TestCase18: Test Cases/Part2/TestCase18 FAILED.
Reason:
com.kms.katalon.core.exception.StepFailedException: Verify element text of test object 'Object Repository/Page_Pricing  Plans for every developer  GitHub/h1_Get the complete developerplatform' FAILED.
	at com.kms.katalon.core.webui.keyword.internal.WebUIKeywordMain.stepFailed(WebUIKeywordMain.groovy:64)
	at com.kms.katalon.core.webui.keyword.internal.WebUIKeywordMain.runKeyword(WebUIKeywordMain.groovy:26)
	at com.kms.katalon.core.webui.keyword.builtin.VerifyElementTextKeyword.verifyElementText(VerifyElementTextKeyword.groovy:72)
	at com.kms.katalon.core.webui.keyword.builtin.VerifyElementTextKeyword.execute(VerifyElementTextKeyword.groovy:40)
	at com.kms.katalon.core.keyword.internal.KeywordExecutor.executeKeywordForPlatform(KeywordExecutor.groovy:74)
	at com.kms.katalon.core.webui.keyword.WebUiBuiltInKeywords.verifyElementText(WebUiBuiltInKeywords.groovy:4749)
	at com.kms.katalon.core.webui.keyword.WebUiBuiltInKeywords$verifyElementText$3.call(Unknown Source)
	at TestCase18.run(TestCase18:26)
	at com.kms.katalon.core.main.ScriptEngine.run(ScriptEngine.java:194)
	at com.kms.katalon.core.main.ScriptEngine.runScriptAsRawText(ScriptEngine.java:119)
	at com.kms.katalon.core.main.TestCaseExecutor.runScript(TestCaseExecutor.java:448)
	at com.kms.katalon.core.main.TestCaseExecutor.doExecute(TestCaseExecutor.java:439)
	at com.kms.katalon.core.main.TestCaseExecutor.processExecutionPhase(TestCaseExecutor.java:418)
	at com.kms.katalon.core.main.TestCaseExecutor.accessMainPhase(TestCaseExecutor.java:410)
	at com.kms.katalon.core.main.TestCaseExecutor.execute(TestCaseExecutor.java:285)
	at com.kms.katalon.core.main.TestCaseExecutor.execute(TestCaseExecutor.java:369)
	at com.kms.katalon.core.main.TestCaseExecutor.execute(TestCaseExecutor.java:369)
	at com.kms.katalon.core.main.TestCaseExecutor.execute(TestCaseExecutor.java:369)
	at com.kms.katalon.core.common.CommonExecutor.accessTestCaseMainPhase(CommonExecutor.java:65)
	at com.kms.katalon.core.main.TestSuiteExecutor.accessTestSuiteMainPhase(TestSuiteExecutor.java:148)
	at com.kms.katalon.core.main.TestSuiteExecutor.execute(TestSuiteExecutor.java:106)
	at com.kms.katalon.core.main.TestCaseMain.startTestSuite(TestCaseMain.java:187)
	at com.kms.katalon.core.main.TestCaseMain$startTestSuite$0.call(Unknown Source)
	at TempTestSuite1695622745348.run(TempTestSuite1695622745348.groovy:36)
Caused by: com.kms.katalon.core.exception.StepFailedException: Actual text 'Lets build from here' and expected text 'Get the complete developer platform.' of test object 'Object Repository/Page_Pricing  Plans for every developer  GitHub/h1_Get the complete developerplatform' are NOT matched.
	at com.kms.katalon.core.webui.keyword.internal.WebUIKeywordMain.stepFailed(WebUIKeywordMain.groovy:64)
	at com.kms.katalon.core.webui.keyword.builtin.VerifyElementTextKeyword$_verifyElementText_closure1.doCall(VerifyElementTextKeyword.groovy:57)
	at com.kms.katalon.core.webui.keyword.builtin.VerifyElementTextKeyword$_verifyElementText_closure1.call(VerifyElementTextKeyword.groovy)
	at com.kms.katalon.core.webui.keyword.internal.WebUIKeywordMain.runKeyword(WebUIKeywordMain.groovy:20)
	... 22 more]]></system-err>
      </testcase>
      <testcase name="Test Cases/Part2/TestCase19" time="5.599" classname="Test Cases/Part2/TestCase19" status="PASSED">
         <system-out><![CDATA[2023-09-25 11:58:53 - [TEST_CASE][PASSED] - Test Cases/Part2/TestCase19: Test Cases/Part2/TestCase19

2023-09-25 11:58:53 - [TEST_STEP][PASSED] - openBrowser(""): Browser is opened with url: ''

2023-09-25 11:58:53 - [MESSAGE][WARNING] - A browser is already opened. Closing browser and opening a new one

2023-09-25 11:58:54 - [MESSAGE][INFO] - Starting 'Chrome' driver

2023-09-25 11:58:54 - [MESSAGE][INFO] - Action delay is set to 0 milliseconds

2023-09-25 11:58:56 - [MESSAGE][PASSED] - Browser is opened with url: ''

2023-09-25 11:58:56 - [TEST_STEP][PASSED] - navigateToUrl("https://github.com/"): Navigate to 'https://github.com/' successfully

2023-09-25 11:58:58 - [MESSAGE][PASSED] - Navigate to 'https://github.com/' successfully

2023-09-25 11:58:58 - [TEST_STEP][PASSED] - closeBrowser(): Browser is closed

2023-09-25 11:58:59 - [MESSAGE][PASSED] - Browser is closed]]></system-out>
         <system-err><![CDATA[]]></system-err>
      </testcase>
      <testcase name="Test Cases/Part2/TestCase20" time="9.342" classname="Test Cases/Part2/TestCase20" status="PASSED">
         <system-out><![CDATA[2023-09-25 11:58:59 - [TEST_CASE][PASSED] - Test Cases/Part2/TestCase20: Test Cases/Part2/TestCase20

2023-09-25 11:58:59 - [TEST_STEP][PASSED] - openBrowser(""): Browser is opened with url: ''

2023-09-25 11:58:59 - [MESSAGE][INFO] - Starting 'Chrome' driver

2023-09-25 11:58:59 - [MESSAGE][INFO] - Action delay is set to 0 milliseconds

2023-09-25 11:59:01 - [MESSAGE][PASSED] - Browser is opened with url: ''

2023-09-25 11:59:01 - [TEST_STEP][PASSED] - navigateToUrl("https://github.com/"): Navigate to 'https://github.com/' successfully

2023-09-25 11:59:04 - [MESSAGE][PASSED] - Navigate to 'https://github.com/' successfully

2023-09-25 11:59:04 - [TEST_STEP][PASSED] - click(findTestObject("Object Repository/Page_GitHub Lets build from here  GitHub/svg_Product_octicon octicon-chevron-down He_c64722")): Object: 'Object Repository/Page_GitHub Lets build from here  GitHub/svg_Product_octicon octicon-chevron-down He_c64722' is clicked on

2023-09-25 11:59:05 - [MESSAGE][PASSED] - Object: 'Object Repository/Page_GitHub Lets build from here  GitHub/svg_Product_octicon octicon-chevron-down He_c64722' is clicked on

2023-09-25 11:59:05 - [TEST_STEP][PASSED] - click(findTestObject("Object Repository/Page_GitHub Lets build from here  GitHub/div_GitHub Sponsors        Fund open source_2bceb8")): Object: 'Object Repository/Page_GitHub Lets build from here  GitHub/div_GitHub Sponsors        Fund open source_2bceb8' is clicked on

2023-09-25 11:59:05 - [MESSAGE][PASSED] - Object: 'Object Repository/Page_GitHub Lets build from here  GitHub/div_GitHub Sponsors        Fund open source_2bceb8' is clicked on

2023-09-25 11:59:05 - [TEST_STEP][PASSED] - scrollToElement(findTestObject("Object Repository/Page_GitHub Sponsors  GitHub/h2_You depend on open source every day"), 0): Scroll to object 'Object Repository/Page_GitHub Sponsors  GitHub/h2_You depend on open source every day' successfully

2023-09-25 11:59:05 - [MESSAGE][WARNING] - Timeout '0' is invalid. Using default page load timeout: '30'

2023-09-25 11:59:07 - [MESSAGE][PASSED] - Scroll to object 'Object Repository/Page_GitHub Sponsors  GitHub/h2_You depend on open source every day' successfully

2023-09-25 11:59:07 - [TEST_STEP][PASSED] - verifyElementText(findTestObject("Object Repository/Page_GitHub Sponsors  GitHub/h2_You depend on open source every day"), "You depend on open source every day"): Actual text and expected text of test object 'Object Repository/Page_GitHub Sponsors  GitHub/h2_You depend on open source every day' are matched.

2023-09-25 11:59:07 - [MESSAGE][PASSED] - Actual text and expected text of test object 'Object Repository/Page_GitHub Sponsors  GitHub/h2_You depend on open source every day' are matched.

2023-09-25 11:59:07 - [TEST_STEP][PASSED] - closeBrowser(): Browser is closed

2023-09-25 11:59:08 - [MESSAGE][PASSED] - Browser is closed]]></system-out>
         <system-err><![CDATA[]]></system-err>
      </testcase>
      <testcase name="Test Cases/Part3/TestCase21" time="13.365" classname="Test Cases/Part3/TestCase21" status="PASSED">
         <system-out><![CDATA[2023-09-25 11:59:08 - [TEST_CASE][PASSED] - Test Cases/Part3/TestCase21: Test Cases/Part3/TestCase21

2023-09-25 11:59:08 - [TEST_STEP][PASSED] - openBrowser(""): Browser is opened with url: ''

2023-09-25 11:59:08 - [MESSAGE][INFO] - Starting 'Chrome' driver

2023-09-25 11:59:08 - [MESSAGE][INFO] - Action delay is set to 0 milliseconds

2023-09-25 11:59:10 - [MESSAGE][PASSED] - Browser is opened with url: ''

2023-09-25 11:59:10 - [TEST_STEP][PASSED] - maximizeWindow(): Current window maximized

2023-09-25 11:59:10 - [MESSAGE][PASSED] - Current window maximized

2023-09-25 11:59:10 - [TEST_STEP][PASSED] - navigateToUrl("https://spotify.design/"): Navigate to 'https://spotify.design/' successfully

2023-09-25 11:59:21 - [MESSAGE][PASSED] - Navigate to 'https://spotify.design/' successfully

2023-09-25 11:59:21 - [TEST_STEP][PASSED] - closeBrowser(): Browser is closed

2023-09-25 11:59:21 - [MESSAGE][PASSED] - Browser is closed]]></system-out>
         <system-err><![CDATA[]]></system-err>
      </testcase>
      <testcase name="Test Cases/Part3/TestCase22" time="17.066" classname="Test Cases/Part3/TestCase22" status="PASSED">
         <system-out><![CDATA[2023-09-25 11:59:21 - [TEST_CASE][PASSED] - Test Cases/Part3/TestCase22: Test Cases/Part3/TestCase22

2023-09-25 11:59:22 - [TEST_STEP][PASSED] - openBrowser(""): Browser is opened with url: ''

2023-09-25 11:59:22 - [MESSAGE][INFO] - Starting 'Chrome' driver

2023-09-25 11:59:22 - [MESSAGE][INFO] - Action delay is set to 0 milliseconds

2023-09-25 11:59:23 - [MESSAGE][PASSED] - Browser is opened with url: ''

2023-09-25 11:59:23 - [TEST_STEP][PASSED] - navigateToUrl("https://spotify.design/"): Navigate to 'https://spotify.design/' successfully

2023-09-25 11:59:33 - [MESSAGE][PASSED] - Navigate to 'https://spotify.design/' successfully

2023-09-25 11:59:33 - [TEST_STEP][PASSED] - click(findTestObject("Object Repository/Page_Home  Spotify Design/span_Stories")): Object: 'Object Repository/Page_Home  Spotify Design/span_Stories' is clicked on

2023-09-25 11:59:36 - [MESSAGE][PASSED] - Object: 'Object Repository/Page_Home  Spotify Design/span_Stories' is clicked on

2023-09-25 11:59:36 - [TEST_STEP][PASSED] - verifyElementPresent(findTestObject("Object Repository/Page_Stories  Spotify Design/span_Pick a category"), 0): Object 'Object Repository/Page_Stories  Spotify Design/span_Pick a category' is present

2023-09-25 11:59:36 - [MESSAGE][WARNING] - Timeout '0' is invalid. Using default page load timeout: '30'

2023-09-25 11:59:37 - [MESSAGE][PASSED] - Object 'Object Repository/Page_Stories  Spotify Design/span_Pick a category' is present

2023-09-25 11:59:37 - [TEST_STEP][PASSED] - closeBrowser(): Browser is closed

2023-09-25 11:59:38 - [MESSAGE][PASSED] - Browser is closed]]></system-out>
         <system-err><![CDATA[]]></system-err>
      </testcase>
      <testcase name="Test Cases/Part3/TestCase23" time="20.296" classname="Test Cases/Part3/TestCase23" status="PASSED">
         <system-out><![CDATA[2023-09-25 11:59:45 - [TEST_CASE][PASSED] - Test Cases/Part3/TestCase23: Test Cases/Part3/TestCase23

2023-09-25 11:59:45 - [TEST_STEP][PASSED] - openBrowser(""): Browser is opened with url: ''

2023-09-25 11:59:45 - [MESSAGE][WARNING] - A browser is already opened. Closing browser and opening a new one

2023-09-25 11:59:46 - [MESSAGE][INFO] - Starting 'Chrome' driver

2023-09-25 11:59:46 - [MESSAGE][INFO] - Action delay is set to 0 milliseconds

2023-09-25 11:59:48 - [MESSAGE][PASSED] - Browser is opened with url: ''

2023-09-25 11:59:48 - [TEST_STEP][PASSED] - maximizeWindow(): Current window maximized

2023-09-25 11:59:48 - [MESSAGE][PASSED] - Current window maximized

2023-09-25 11:59:48 - [TEST_STEP][PASSED] - navigateToUrl("https://spotify.design/"): Navigate to 'https://spotify.design/' successfully

2023-09-25 11:59:57 - [MESSAGE][PASSED] - Navigate to 'https://spotify.design/' successfully

2023-09-25 11:59:57 - [TEST_STEP][PASSED] - click(findTestObject("Object Repository/Page_Home  Spotify Design/span_Listen")): Object: 'Object Repository/Page_Home  Spotify Design/span_Listen' is clicked on

2023-09-25 12:00:00 - [MESSAGE][PASSED] - Object: 'Object Repository/Page_Home  Spotify Design/span_Listen' is clicked on

2023-09-25 12:00:00 - [TEST_STEP][PASSED] - scrollToElement(findTestObject("Object Repository/Page_Stories  Spotify Design/p_Playlists, podcasts, and other audio good_0e44eb"), 0): Scroll to object 'Object Repository/Page_Stories  Spotify Design/p_Playlists, podcasts, and other audio good_0e44eb' successfully

2023-09-25 12:00:00 - [MESSAGE][WARNING] - Timeout '0' is invalid. Using default page load timeout: '30'

2023-09-25 12:00:01 - [MESSAGE][PASSED] - Scroll to object 'Object Repository/Page_Stories  Spotify Design/p_Playlists, podcasts, and other audio good_0e44eb' successfully

2023-09-25 12:00:01 - [TEST_STEP][PASSED] - verifyElementText(findTestObject("Object Repository/Page_Stories  Spotify Design/p_Playlists, podcasts, and other audio good_0e44eb"), "Playlists, podcasts, and other audio goodness from our team."): Actual text and expected text of test object 'Object Repository/Page_Stories  Spotify Design/p_Playlists, podcasts, and other audio good_0e44eb' are matched.

2023-09-25 12:00:02 - [MESSAGE][PASSED] - Actual text and expected text of test object 'Object Repository/Page_Stories  Spotify Design/p_Playlists, podcasts, and other audio good_0e44eb' are matched.

2023-09-25 12:00:02 - [TEST_STEP][PASSED] - click(findTestObject("Object Repository/Page_Stories  Spotify Design/span_Folk")): Object: 'Object Repository/Page_Stories  Spotify Design/span_Folk' is clicked on

2023-09-25 12:00:03 - [MESSAGE][PASSED] - Object: 'Object Repository/Page_Stories  Spotify Design/span_Folk' is clicked on

2023-09-25 12:00:03 - [TEST_STEP][PASSED] - scrollToElement(findTestObject("Object Repository/Page_Stories  Spotify Design/a_Zoned 43"), 0): Scroll to object 'Object Repository/Page_Stories  Spotify Design/a_Zoned 43' successfully

2023-09-25 12:00:03 - [MESSAGE][WARNING] - Timeout '0' is invalid. Using default page load timeout: '30'

2023-09-25 12:00:04 - [MESSAGE][PASSED] - Scroll to object 'Object Repository/Page_Stories  Spotify Design/a_Zoned 43' successfully

2023-09-25 12:00:04 - [TEST_STEP][PASSED] - verifyElementPresent(findTestObject("Object Repository/Page_Stories  Spotify Design/a_Zoned 43"), 0): Object 'Object Repository/Page_Stories  Spotify Design/a_Zoned 43' is present

2023-09-25 12:00:04 - [MESSAGE][WARNING] - Timeout '0' is invalid. Using default page load timeout: '30'

2023-09-25 12:00:04 - [MESSAGE][PASSED] - Object 'Object Repository/Page_Stories  Spotify Design/a_Zoned 43' is present

2023-09-25 12:00:04 - [TEST_STEP][PASSED] - click(findTestObject("Object Repository/Page_Stories  Spotify Design/a_Zoned 43")): Object: 'Object Repository/Page_Stories  Spotify Design/a_Zoned 43' is clicked on

2023-09-25 12:00:05 - [MESSAGE][PASSED] - Object: 'Object Repository/Page_Stories  Spotify Design/a_Zoned 43' is clicked on

2023-09-25 12:00:05 - [TEST_STEP][PASSED] - closeBrowser(): Browser is closed

2023-09-25 12:00:06 - [MESSAGE][PASSED] - Browser is closed]]></system-out>
         <system-err><![CDATA[]]></system-err>
      </testcase>
      <testcase name="Test Cases/Part3/TestCase24" time="8.913" classname="Test Cases/Part3/TestCase24" status="PASSED">
         <system-out><![CDATA[2023-09-25 12:00:06 - [TEST_CASE][PASSED] - Test Cases/Part3/TestCase24: Test Cases/Part3/TestCase24

2023-09-25 12:00:06 - [TEST_STEP][PASSED] - openBrowser(""): Browser is opened with url: ''

2023-09-25 12:00:06 - [MESSAGE][INFO] - Starting 'Chrome' driver

2023-09-25 12:00:06 - [MESSAGE][INFO] - Action delay is set to 0 milliseconds

2023-09-25 12:00:08 - [MESSAGE][PASSED] - Browser is opened with url: ''

2023-09-25 12:00:08 - [TEST_STEP][PASSED] - maximizeWindow(): Current window maximized

2023-09-25 12:00:08 - [MESSAGE][PASSED] - Current window maximized

2023-09-25 12:00:08 - [TEST_STEP][PASSED] - navigateToUrl("https://github.com/"): Navigate to 'https://github.com/' successfully

2023-09-25 12:00:11 - [MESSAGE][PASSED] - Navigate to 'https://github.com/' successfully

2023-09-25 12:00:11 - [TEST_STEP][PASSED] - click(findTestObject("Object Repository/Page_GitHub Lets build from here  GitHub/a_Sign in")): Object: 'Object Repository/Page_GitHub Lets build from here  GitHub/a_Sign in' is clicked on

2023-09-25 12:00:12 - [MESSAGE][PASSED] - Object: 'Object Repository/Page_GitHub Lets build from here  GitHub/a_Sign in' is clicked on

2023-09-25 12:00:12 - [TEST_STEP][PASSED] - verifyElementText(findTestObject("Object Repository/Page_Sign in to GitHub  GitHub/h1_Sign in to GitHub"), "Sign in to GitHub"): Actual text and expected text of test object 'Object Repository/Page_Sign in to GitHub  GitHub/h1_Sign in to GitHub' are matched.

2023-09-25 12:00:14 - [MESSAGE][PASSED] - Actual text and expected text of test object 'Object Repository/Page_Sign in to GitHub  GitHub/h1_Sign in to GitHub' are matched.

2023-09-25 12:00:14 - [TEST_STEP][PASSED] - closeBrowser(): Browser is closed

2023-09-25 12:00:15 - [MESSAGE][PASSED] - Browser is closed]]></system-out>
         <system-err><![CDATA[]]></system-err>
      </testcase>
      <testcase name="Test Cases/Part3/TestCase25" time="8.488" classname="Test Cases/Part3/TestCase25" status="PASSED">
         <system-out><![CDATA[2023-09-25 12:00:15 - [TEST_CASE][PASSED] - Test Cases/Part3/TestCase25: Test Cases/Part3/TestCase25

2023-09-25 12:00:15 - [TEST_STEP][PASSED] - openBrowser(""): Browser is opened with url: ''

2023-09-25 12:00:15 - [MESSAGE][INFO] - Starting 'Chrome' driver

2023-09-25 12:00:15 - [MESSAGE][INFO] - Action delay is set to 0 milliseconds

2023-09-25 12:00:17 - [MESSAGE][PASSED] - Browser is opened with url: ''

2023-09-25 12:00:17 - [TEST_STEP][PASSED] - maximizeWindow(): Current window maximized

2023-09-25 12:00:17 - [MESSAGE][PASSED] - Current window maximized

2023-09-25 12:00:17 - [TEST_STEP][PASSED] - navigateToUrl("https://github.com/"): Navigate to 'https://github.com/' successfully

2023-09-25 12:00:19 - [MESSAGE][PASSED] - Navigate to 'https://github.com/' successfully

2023-09-25 12:00:19 - [TEST_STEP][PASSED] - click(findTestObject("Object Repository/Page_GitHub Lets build from here  GitHub/a_Sign in")): Object: 'Object Repository/Page_GitHub Lets build from here  GitHub/a_Sign in' is clicked on

2023-09-25 12:00:21 - [MESSAGE][PASSED] - Object: 'Object Repository/Page_GitHub Lets build from here  GitHub/a_Sign in' is clicked on

2023-09-25 12:00:21 - [TEST_STEP][PASSED] - verifyElementText(findTestObject("Object Repository/Page_Sign in to GitHub  GitHub/h1_Sign in to GitHub"), "Sign in to GitHub"): Actual text and expected text of test object 'Object Repository/Page_Sign in to GitHub  GitHub/h1_Sign in to GitHub' are matched.

2023-09-25 12:00:22 - [MESSAGE][PASSED] - Actual text and expected text of test object 'Object Repository/Page_Sign in to GitHub  GitHub/h1_Sign in to GitHub' are matched.

2023-09-25 12:00:22 - [TEST_STEP][PASSED] - closeBrowser(): Browser is closed

2023-09-25 12:00:23 - [MESSAGE][PASSED] - Browser is closed]]></system-out>
         <system-err><![CDATA[]]></system-err>
      </testcase>
      <testcase name="Test Cases/Part3/TestCase26" time="9.609" classname="Test Cases/Part3/TestCase26" status="PASSED">
         <system-out><![CDATA[2023-09-25 12:00:23 - [TEST_CASE][PASSED] - Test Cases/Part3/TestCase26: Test Cases/Part3/TestCase26

2023-09-25 12:00:24 - [TEST_STEP][PASSED] - openBrowser(""): Browser is opened with url: ''

2023-09-25 12:00:24 - [MESSAGE][INFO] - Starting 'Chrome' driver

2023-09-25 12:00:24 - [MESSAGE][INFO] - Action delay is set to 0 milliseconds

2023-09-25 12:00:25 - [MESSAGE][PASSED] - Browser is opened with url: ''

2023-09-25 12:00:25 - [TEST_STEP][PASSED] - maximizeWindow(): Current window maximized

2023-09-25 12:00:26 - [MESSAGE][PASSED] - Current window maximized

2023-09-25 12:00:26 - [TEST_STEP][PASSED] - navigateToUrl("https://github.com/"): Navigate to 'https://github.com/' successfully

2023-09-25 12:00:28 - [MESSAGE][PASSED] - Navigate to 'https://github.com/' successfully

2023-09-25 12:00:28 - [TEST_STEP][PASSED] - click(findTestObject("Object Repository/Page_GitHub Lets build from here  GitHub/a_Sign in")): Object: 'Object Repository/Page_GitHub Lets build from here  GitHub/a_Sign in' is clicked on

2023-09-25 12:00:30 - [MESSAGE][PASSED] - Object: 'Object Repository/Page_GitHub Lets build from here  GitHub/a_Sign in' is clicked on

2023-09-25 12:00:30 - [TEST_STEP][PASSED] - verifyElementText(findTestObject("Object Repository/Page_Sign in to GitHub  GitHub/h1_Sign in to GitHub"), "Sign in to GitHub"): Actual text and expected text of test object 'Object Repository/Page_Sign in to GitHub  GitHub/h1_Sign in to GitHub' are matched.

2023-09-25 12:00:32 - [MESSAGE][PASSED] - Actual text and expected text of test object 'Object Repository/Page_Sign in to GitHub  GitHub/h1_Sign in to GitHub' are matched.

2023-09-25 12:00:32 - [TEST_STEP][PASSED] - closeBrowser(): Browser is closed

2023-09-25 12:00:33 - [MESSAGE][PASSED] - Browser is closed]]></system-out>
         <system-err><![CDATA[]]></system-err>
      </testcase>
      <testcase name="Test Cases/Part3/TestCase27" time="8.227" classname="Test Cases/Part3/TestCase27" status="PASSED">
         <system-out><![CDATA[2023-09-25 12:00:33 - [TEST_CASE][PASSED] - Test Cases/Part3/TestCase27: Test Cases/Part3/TestCase27

2023-09-25 12:00:33 - [TEST_STEP][PASSED] - openBrowser(""): Browser is opened with url: ''

2023-09-25 12:00:33 - [MESSAGE][INFO] - Starting 'Chrome' driver

2023-09-25 12:00:33 - [MESSAGE][INFO] - Action delay is set to 0 milliseconds

2023-09-25 12:00:35 - [MESSAGE][PASSED] - Browser is opened with url: ''

2023-09-25 12:00:35 - [TEST_STEP][PASSED] - maximizeWindow(): Current window maximized

2023-09-25 12:00:35 - [MESSAGE][PASSED] - Current window maximized

2023-09-25 12:00:35 - [TEST_STEP][PASSED] - navigateToUrl("https://github.com/"): Navigate to 'https://github.com/' successfully

2023-09-25 12:00:37 - [MESSAGE][PASSED] - Navigate to 'https://github.com/' successfully

2023-09-25 12:00:37 - [TEST_STEP][PASSED] - click(findTestObject("Object Repository/Page_GitHub Lets build from here  GitHub/a_Sign in")): Object: 'Object Repository/Page_GitHub Lets build from here  GitHub/a_Sign in' is clicked on

2023-09-25 12:00:39 - [MESSAGE][PASSED] - Object: 'Object Repository/Page_GitHub Lets build from here  GitHub/a_Sign in' is clicked on

2023-09-25 12:00:39 - [TEST_STEP][PASSED] - verifyElementText(findTestObject("Object Repository/Page_Sign in to GitHub  GitHub/h1_Sign in to GitHub"), "Sign in to GitHub"): Actual text and expected text of test object 'Object Repository/Page_Sign in to GitHub  GitHub/h1_Sign in to GitHub' are matched.

2023-09-25 12:00:40 - [MESSAGE][PASSED] - Actual text and expected text of test object 'Object Repository/Page_Sign in to GitHub  GitHub/h1_Sign in to GitHub' are matched.

2023-09-25 12:00:40 - [TEST_STEP][PASSED] - closeBrowser(): Browser is closed

2023-09-25 12:00:41 - [MESSAGE][PASSED] - Browser is closed]]></system-out>
         <system-err><![CDATA[]]></system-err>
      </testcase>
      <testcase name="Test Cases/Part3/TestCase28" time="8.405" classname="Test Cases/Part3/TestCase28" status="PASSED">
         <system-out><![CDATA[2023-09-25 12:00:41 - [TEST_CASE][PASSED] - Test Cases/Part3/TestCase28: Test Cases/Part3/TestCase28

2023-09-25 12:00:42 - [TEST_STEP][PASSED] - openBrowser(""): Browser is opened with url: ''

2023-09-25 12:00:42 - [MESSAGE][INFO] - Starting 'Chrome' driver

2023-09-25 12:00:42 - [MESSAGE][INFO] - Action delay is set to 0 milliseconds

2023-09-25 12:00:43 - [MESSAGE][PASSED] - Browser is opened with url: ''

2023-09-25 12:00:43 - [TEST_STEP][PASSED] - maximizeWindow(): Current window maximized

2023-09-25 12:00:43 - [MESSAGE][PASSED] - Current window maximized

2023-09-25 12:00:43 - [TEST_STEP][PASSED] - navigateToUrl("https://github.com/"): Navigate to 'https://github.com/' successfully

2023-09-25 12:00:46 - [MESSAGE][PASSED] - Navigate to 'https://github.com/' successfully

2023-09-25 12:00:46 - [TEST_STEP][PASSED] - click(findTestObject("Object Repository/Page_GitHub Lets build from here  GitHub/a_Sign in")): Object: 'Object Repository/Page_GitHub Lets build from here  GitHub/a_Sign in' is clicked on

2023-09-25 12:00:47 - [MESSAGE][PASSED] - Object: 'Object Repository/Page_GitHub Lets build from here  GitHub/a_Sign in' is clicked on

2023-09-25 12:00:47 - [TEST_STEP][PASSED] - verifyElementText(findTestObject("Object Repository/Page_Sign in to GitHub  GitHub/h1_Sign in to GitHub"), "Sign in to GitHub"): Actual text and expected text of test object 'Object Repository/Page_Sign in to GitHub  GitHub/h1_Sign in to GitHub' are matched.

2023-09-25 12:00:49 - [MESSAGE][PASSED] - Actual text and expected text of test object 'Object Repository/Page_Sign in to GitHub  GitHub/h1_Sign in to GitHub' are matched.

2023-09-25 12:00:49 - [TEST_STEP][PASSED] - closeBrowser(): Browser is closed

2023-09-25 12:00:49 - [MESSAGE][PASSED] - Browser is closed]]></system-out>
         <system-err><![CDATA[]]></system-err>
      </testcase>
      <testcase name="Test Cases/Part3/TestCase29" time="7.93" classname="Test Cases/Part3/TestCase29" status="PASSED">
         <system-out><![CDATA[2023-09-25 12:00:49 - [TEST_CASE][PASSED] - Test Cases/Part3/TestCase29: Test Cases/Part3/TestCase29

2023-09-25 12:00:50 - [TEST_STEP][PASSED] - openBrowser(""): Browser is opened with url: ''

2023-09-25 12:00:50 - [MESSAGE][INFO] - Starting 'Chrome' driver

2023-09-25 12:00:50 - [MESSAGE][INFO] - Action delay is set to 0 milliseconds

2023-09-25 12:00:51 - [MESSAGE][PASSED] - Browser is opened with url: ''

2023-09-25 12:00:51 - [TEST_STEP][PASSED] - maximizeWindow(): Current window maximized

2023-09-25 12:00:51 - [MESSAGE][PASSED] - Current window maximized

2023-09-25 12:00:51 - [TEST_STEP][PASSED] - navigateToUrl("https://github.com/"): Navigate to 'https://github.com/' successfully

2023-09-25 12:00:54 - [MESSAGE][PASSED] - Navigate to 'https://github.com/' successfully

2023-09-25 12:00:54 - [TEST_STEP][PASSED] - click(findTestObject("Object Repository/Page_GitHub Lets build from here  GitHub/a_Sign in")): Object: 'Object Repository/Page_GitHub Lets build from here  GitHub/a_Sign in' is clicked on

2023-09-25 12:00:55 - [MESSAGE][PASSED] - Object: 'Object Repository/Page_GitHub Lets build from here  GitHub/a_Sign in' is clicked on

2023-09-25 12:00:55 - [TEST_STEP][PASSED] - verifyElementText(findTestObject("Object Repository/Page_Sign in to GitHub  GitHub/h1_Sign in to GitHub"), "Sign in to GitHub"): Actual text and expected text of test object 'Object Repository/Page_Sign in to GitHub  GitHub/h1_Sign in to GitHub' are matched.

2023-09-25 12:00:57 - [MESSAGE][PASSED] - Actual text and expected text of test object 'Object Repository/Page_Sign in to GitHub  GitHub/h1_Sign in to GitHub' are matched.

2023-09-25 12:00:57 - [TEST_STEP][PASSED] - closeBrowser(): Browser is closed

2023-09-25 12:00:57 - [MESSAGE][PASSED] - Browser is closed]]></system-out>
         <system-err><![CDATA[]]></system-err>
      </testcase>
      <testcase name="Test Cases/Part3/TestCase30" time="8.078" classname="Test Cases/Part3/TestCase30" status="PASSED">
         <system-out><![CDATA[2023-09-25 12:00:57 - [TEST_CASE][PASSED] - Test Cases/Part3/TestCase30: Test Cases/Part3/TestCase30

2023-09-25 12:00:58 - [TEST_STEP][PASSED] - openBrowser(""): Browser is opened with url: ''

2023-09-25 12:00:58 - [MESSAGE][INFO] - Starting 'Chrome' driver

2023-09-25 12:00:58 - [MESSAGE][INFO] - Action delay is set to 0 milliseconds

2023-09-25 12:00:59 - [MESSAGE][PASSED] - Browser is opened with url: ''

2023-09-25 12:00:59 - [TEST_STEP][PASSED] - maximizeWindow(): Current window maximized

2023-09-25 12:00:59 - [MESSAGE][PASSED] - Current window maximized

2023-09-25 12:00:59 - [TEST_STEP][PASSED] - navigateToUrl("https://github.com/"): Navigate to 'https://github.com/' successfully

2023-09-25 12:01:02 - [MESSAGE][PASSED] - Navigate to 'https://github.com/' successfully

2023-09-25 12:01:02 - [TEST_STEP][PASSED] - click(findTestObject("Object Repository/Page_GitHub Lets build from here  GitHub/a_Sign in")): Object: 'Object Repository/Page_GitHub Lets build from here  GitHub/a_Sign in' is clicked on

2023-09-25 12:01:03 - [MESSAGE][PASSED] - Object: 'Object Repository/Page_GitHub Lets build from here  GitHub/a_Sign in' is clicked on

2023-09-25 12:01:03 - [TEST_STEP][PASSED] - verifyElementText(findTestObject("Object Repository/Page_Sign in to GitHub  GitHub/h1_Sign in to GitHub"), "Sign in to GitHub"): Actual text and expected text of test object 'Object Repository/Page_Sign in to GitHub  GitHub/h1_Sign in to GitHub' are matched.

2023-09-25 12:01:05 - [MESSAGE][PASSED] - Actual text and expected text of test object 'Object Repository/Page_Sign in to GitHub  GitHub/h1_Sign in to GitHub' are matched.

2023-09-25 12:01:05 - [TEST_STEP][PASSED] - closeBrowser(): Browser is closed

2023-09-25 12:01:05 - [MESSAGE][PASSED] - Browser is closed]]></system-out>
         <system-err><![CDATA[]]></system-err>
      </testcase>
      <testcase name="Test Cases/Part3/TestCase31" time="10.286" classname="Test Cases/Part3/TestCase31" status="PASSED">
         <system-out><![CDATA[2023-09-25 12:01:05 - [TEST_CASE][PASSED] - Test Cases/Part3/TestCase31: Test Cases/Part3/TestCase31

2023-09-25 12:01:06 - [TEST_STEP][PASSED] - openBrowser(""): Browser is opened with url: ''

2023-09-25 12:01:06 - [MESSAGE][INFO] - Starting 'Chrome' driver

2023-09-25 12:01:06 - [MESSAGE][INFO] - Action delay is set to 0 milliseconds

2023-09-25 12:01:07 - [MESSAGE][PASSED] - Browser is opened with url: ''

2023-09-25 12:01:07 - [TEST_STEP][PASSED] - maximizeWindow(): Current window maximized

2023-09-25 12:01:07 - [MESSAGE][PASSED] - Current window maximized

2023-09-25 12:01:07 - [TEST_STEP][PASSED] - navigateToUrl("https://www.google.com/"): Navigate to 'https://www.google.com/' successfully

2023-09-25 12:01:14 - [MESSAGE][PASSED] - Navigate to 'https://www.google.com/' successfully

2023-09-25 12:01:14 - [TEST_STEP][PASSED] - rightClick(findTestObject("Object Repository/Page_Google/input_Delete_btnK")): Object: 'Object Repository/Page_Google/input_Delete_btnK' is right clicked on

2023-09-25 12:01:15 - [MESSAGE][PASSED] - Object: 'Object Repository/Page_Google/input_Delete_btnK' is right clicked on

2023-09-25 12:01:15 - [TEST_STEP][PASSED] - verifyElementText(findTestObject("Object Repository/Page_Google/input_Delete_btnK"), ""): Actual text and expected text of test object 'Object Repository/Page_Google/input_Delete_btnK' are matched.

2023-09-25 12:01:15 - [MESSAGE][PASSED] - Actual text and expected text of test object 'Object Repository/Page_Google/input_Delete_btnK' are matched.

2023-09-25 12:01:15 - [TEST_STEP][PASSED] - closeBrowser(): Browser is closed

2023-09-25 12:01:16 - [MESSAGE][PASSED] - Browser is closed]]></system-out>
         <system-err><![CDATA[]]></system-err>
      </testcase>
      <testcase name="Test Cases/Part3/TestCase32" time="9.888" classname="Test Cases/Part3/TestCase32" status="PASSED">
         <system-out><![CDATA[2023-09-25 12:01:16 - [TEST_CASE][PASSED] - Test Cases/Part3/TestCase32: Test Cases/Part3/TestCase32

2023-09-25 12:01:16 - [TEST_STEP][PASSED] - openBrowser(""): Browser is opened with url: ''

2023-09-25 12:01:16 - [MESSAGE][INFO] - Starting 'Chrome' driver

2023-09-25 12:01:16 - [MESSAGE][INFO] - Action delay is set to 0 milliseconds

2023-09-25 12:01:17 - [MESSAGE][PASSED] - Browser is opened with url: ''

2023-09-25 12:01:17 - [TEST_STEP][PASSED] - maximizeWindow(): Current window maximized

2023-09-25 12:01:18 - [MESSAGE][PASSED] - Current window maximized

2023-09-25 12:01:18 - [TEST_STEP][PASSED] - navigateToUrl("https://www.google.com/"): Navigate to 'https://www.google.com/' successfully

2023-09-25 12:01:25 - [MESSAGE][PASSED] - Navigate to 'https://www.google.com/' successfully

2023-09-25 12:01:25 - [TEST_STEP][PASSED] - verifyElementPresent(findTestObject("Object Repository/Page_Google/input_Delete_btnK"), 0): Object 'Object Repository/Page_Google/input_Delete_btnK' is present

2023-09-25 12:01:25 - [MESSAGE][WARNING] - Timeout '0' is invalid. Using default page load timeout: '30'

2023-09-25 12:01:25 - [MESSAGE][PASSED] - Object 'Object Repository/Page_Google/input_Delete_btnK' is present

2023-09-25 12:01:25 - [TEST_STEP][PASSED] - closeBrowser(): Browser is closed

2023-09-25 12:01:26 - [MESSAGE][PASSED] - Browser is closed]]></system-out>
         <system-err><![CDATA[]]></system-err>
      </testcase>
      <testcase name="Test Cases/Part3/TestCase33" time="7.879" classname="Test Cases/Part3/TestCase33" status="PASSED">
         <system-out><![CDATA[2023-09-25 12:01:26 - [TEST_CASE][PASSED] - Test Cases/Part3/TestCase33: Test Cases/Part3/TestCase33

2023-09-25 12:01:26 - [TEST_STEP][PASSED] - openBrowser(""): Browser is opened with url: ''

2023-09-25 12:01:26 - [MESSAGE][INFO] - Starting 'Chrome' driver

2023-09-25 12:01:26 - [MESSAGE][INFO] - Action delay is set to 0 milliseconds

2023-09-25 12:01:27 - [MESSAGE][PASSED] - Browser is opened with url: ''

2023-09-25 12:01:27 - [TEST_STEP][PASSED] - maximizeWindow(): Current window maximized

2023-09-25 12:01:27 - [MESSAGE][PASSED] - Current window maximized

2023-09-25 12:01:27 - [TEST_STEP][PASSED] - navigateToUrl("https://www.google.com/"): Navigate to 'https://www.google.com/' successfully

2023-09-25 12:01:32 - [MESSAGE][PASSED] - Navigate to 'https://www.google.com/' successfully

2023-09-25 12:01:32 - [TEST_STEP][PASSED] - click(findTestObject("Object Repository/Page_Google/div_LS8OJdisplayflexflex-directioncolumnali_68ed27")): Object: 'Object Repository/Page_Google/div_LS8OJdisplayflexflex-directioncolumnali_68ed27' is clicked on

2023-09-25 12:01:33 - [MESSAGE][PASSED] - Object: 'Object Repository/Page_Google/div_LS8OJdisplayflexflex-directioncolumnali_68ed27' is clicked on

2023-09-25 12:01:33 - [TEST_STEP][PASSED] - verifyElementPresent(findTestObject("Object Repository/Page_Google/img_Sign in_lnXdpd"), 0): Object 'Object Repository/Page_Google/img_Sign in_lnXdpd' is present

2023-09-25 12:01:33 - [MESSAGE][WARNING] - Timeout '0' is invalid. Using default page load timeout: '30'

2023-09-25 12:01:33 - [MESSAGE][PASSED] - Object 'Object Repository/Page_Google/img_Sign in_lnXdpd' is present

2023-09-25 12:01:33 - [TEST_STEP][PASSED] - closeBrowser(): Browser is closed

2023-09-25 12:01:34 - [MESSAGE][PASSED] - Browser is closed]]></system-out>
         <system-err><![CDATA[]]></system-err>
      </testcase>
      <testcase name="Test Cases/Part3/TestCase34" time="16.769" classname="Test Cases/Part3/TestCase34" status="PASSED">
         <system-out><![CDATA[2023-09-25 12:01:34 - [TEST_CASE][PASSED] - Test Cases/Part3/TestCase34: Test Cases/Part3/TestCase34

2023-09-25 12:01:34 - [TEST_STEP][PASSED] - openBrowser(""): Browser is opened with url: ''

2023-09-25 12:01:34 - [MESSAGE][INFO] - Starting 'Chrome' driver

2023-09-25 12:01:34 - [MESSAGE][INFO] - Action delay is set to 0 milliseconds

2023-09-25 12:01:35 - [MESSAGE][PASSED] - Browser is opened with url: ''

2023-09-25 12:01:35 - [TEST_STEP][PASSED] - navigateToUrl("https://www.google.com/"): Navigate to 'https://www.google.com/' successfully

2023-09-25 12:01:43 - [MESSAGE][PASSED] - Navigate to 'https://www.google.com/' successfully

2023-09-25 12:01:43 - [TEST_STEP][PASSED] - setText(findTestObject("Object Repository/Page_Google/textarea__q"), "google"): Text 'google' is set on object 'Object Repository/Page_Google/textarea__q'

2023-09-25 12:01:44 - [MESSAGE][PASSED] - Text 'google' is set on object 'Object Repository/Page_Google/textarea__q'

2023-09-25 12:01:44 - [TEST_STEP][PASSED] - sendKeys(findTestObject("Page_Google/textarea__q"), Keys.chord(ENTER)): Keys 'ENTER + ' sent to object: 'Object Repository/Page_Google/textarea__q'

2023-09-25 12:01:45 - [MESSAGE][PASSED] - Keys 'ENTER + ' sent to object: 'Object Repository/Page_Google/textarea__q'

2023-09-25 12:01:45 - [TEST_STEP][PASSED] - verifyElementPresent(findTestObject("Object Repository/Page_google - Google Search/h3_Google"), 0): Object 'Object Repository/Page_google - Google Search/h3_Google' is present

2023-09-25 12:01:45 - [MESSAGE][WARNING] - Timeout '0' is invalid. Using default page load timeout: '30'

2023-09-25 12:01:50 - [MESSAGE][PASSED] - Object 'Object Repository/Page_google - Google Search/h3_Google' is present

2023-09-25 12:01:50 - [TEST_STEP][PASSED] - closeBrowser(): Browser is closed

2023-09-25 12:01:50 - [MESSAGE][PASSED] - Browser is closed]]></system-out>
         <system-err><![CDATA[]]></system-err>
      </testcase>
      <testcase name="Test Cases/Part3/TestCase35" time="11.596" classname="Test Cases/Part3/TestCase35" status="PASSED">
         <system-out><![CDATA[2023-09-25 12:01:50 - [TEST_CASE][PASSED] - Test Cases/Part3/TestCase35: Test Cases/Part3/TestCase35

2023-09-25 12:01:51 - [TEST_STEP][PASSED] - openBrowser(""): Browser is opened with url: ''

2023-09-25 12:01:51 - [MESSAGE][INFO] - Starting 'Chrome' driver

2023-09-25 12:01:51 - [MESSAGE][INFO] - Action delay is set to 0 milliseconds

2023-09-25 12:01:52 - [MESSAGE][PASSED] - Browser is opened with url: ''

2023-09-25 12:01:52 - [TEST_STEP][PASSED] - navigateToUrl("https://www.google.com/"): Navigate to 'https://www.google.com/' successfully

2023-09-25 12:01:59 - [MESSAGE][PASSED] - Navigate to 'https://www.google.com/' successfully

2023-09-25 12:01:59 - [TEST_STEP][PASSED] - setText(findTestObject("Object Repository/Page_Google/textarea__q"), "microsoft"): Text 'microsoft' is set on object 'Object Repository/Page_Google/textarea__q'

2023-09-25 12:02:00 - [MESSAGE][PASSED] - Text 'microsoft' is set on object 'Object Repository/Page_Google/textarea__q'

2023-09-25 12:02:00 - [TEST_STEP][PASSED] - sendKeys(findTestObject("Page_Google/textarea__q"), Keys.chord(ENTER)): Keys 'ENTER + ' sent to object: 'Object Repository/Page_Google/textarea__q'

2023-09-25 12:02:01 - [MESSAGE][PASSED] - Keys 'ENTER + ' sent to object: 'Object Repository/Page_Google/textarea__q'

2023-09-25 12:02:01 - [TEST_STEP][PASSED] - closeBrowser(): Browser is closed

2023-09-25 12:02:02 - [MESSAGE][PASSED] - Browser is closed]]></system-out>
         <system-err><![CDATA[]]></system-err>
      </testcase>
      <testcase name="Test Cases/Part3/TestCase36" time="9.098" classname="Test Cases/Part3/TestCase36" status="PASSED">
         <system-out><![CDATA[2023-09-25 12:02:02 - [TEST_CASE][PASSED] - Test Cases/Part3/TestCase36: Test Cases/Part3/TestCase36

2023-09-25 12:02:02 - [TEST_STEP][PASSED] - openBrowser(""): Browser is opened with url: ''

2023-09-25 12:02:02 - [MESSAGE][INFO] - Starting 'Chrome' driver

2023-09-25 12:02:02 - [MESSAGE][INFO] - Action delay is set to 0 milliseconds

2023-09-25 12:02:04 - [MESSAGE][PASSED] - Browser is opened with url: ''

2023-09-25 12:02:04 - [TEST_STEP][PASSED] - navigateToUrl("https://www.google.com/"): Navigate to 'https://www.google.com/' successfully

2023-09-25 12:02:08 - [MESSAGE][PASSED] - Navigate to 'https://www.google.com/' successfully

2023-09-25 12:02:08 - [TEST_STEP][PASSED] - setText(findTestObject("Object Repository/Page_Google/textarea__q"), "amazon"): Text 'amazon' is set on object 'Object Repository/Page_Google/textarea__q'

2023-09-25 12:02:09 - [MESSAGE][PASSED] - Text 'amazon' is set on object 'Object Repository/Page_Google/textarea__q'

2023-09-25 12:02:09 - [TEST_STEP][PASSED] - sendKeys(findTestObject("Page_Google/textarea__q"), Keys.chord(ENTER)): Keys 'ENTER + ' sent to object: 'Object Repository/Page_Google/textarea__q'

2023-09-25 12:02:10 - [MESSAGE][PASSED] - Keys 'ENTER + ' sent to object: 'Object Repository/Page_Google/textarea__q'

2023-09-25 12:02:10 - [TEST_STEP][PASSED] - closeBrowser(): Browser is closed

2023-09-25 12:02:11 - [MESSAGE][PASSED] - Browser is closed]]></system-out>
         <system-err><![CDATA[]]></system-err>
      </testcase>
      <system-out><![CDATA[2023-09-25 11:53:27 - [TEST_SUITE][FAILED] - First Test Suite: Test Cases/Part2/TestCase18 FAILED.
Reason:
com.kms.katalon.core.exception.StepFailedException: Verify element text of test object 'Object Repository/Page_Pricing  Plans for every developer  GitHub/h1_Get the complete developerplatform' FAILED.
	at com.kms.katalon.core.webui.keyword.internal.WebUIKeywordMain.stepFailed(WebUIKeywordMain.groovy:64)
	at com.kms.katalon.core.webui.keyword.internal.WebUIKeywordMain.runKeyword(WebUIKeywordMain.groovy:26)
	at com.kms.katalon.core.webui.keyword.builtin.VerifyElementTextKeyword.verifyElementText(VerifyElementTextKeyword.groovy:72)
	at com.kms.katalon.core.webui.keyword.builtin.VerifyElementTextKeyword.execute(VerifyElementTextKeyword.groovy:40)
	at com.kms.katalon.core.keyword.internal.KeywordExecutor.executeKeywordForPlatform(KeywordExecutor.groovy:74)
	at com.kms.katalon.core.webui.keyword.WebUiBuiltInKeywords.verifyElementText(WebUiBuiltInKeywords.groovy:4749)
	at com.kms.katalon.core.webui.keyword.WebUiBuiltInKeywords$verifyElementText$3.call(Unknown Source)
	at TestCase18.run(TestCase18:26)
	at com.kms.katalon.core.main.ScriptEngine.run(ScriptEngine.java:194)
	at com.kms.katalon.core.main.ScriptEngine.runScriptAsRawText(ScriptEngine.java:119)
	at com.kms.katalon.core.main.TestCaseExecutor.runScript(TestCaseExecutor.java:448)
	at com.kms.katalon.core.main.TestCaseExecutor.doExecute(TestCaseExecutor.java:439)
	at com.kms.katalon.core.main.TestCaseExecutor.processExecutionPhase(TestCaseExecutor.java:418)
	at com.kms.katalon.core.main.TestCaseExecutor.accessMainPhase(TestCaseExecutor.java:410)
	at com.kms.katalon.core.main.TestCaseExecutor.execute(TestCaseExecutor.java:285)
	at com.kms.katalon.core.common.CommonExecutor.accessTestCaseMainPhase(CommonExecutor.java:65)
	at com.kms.katalon.core.main.TestSuiteExecutor.accessTestSuiteMainPhase(TestSuiteExecutor.java:148)
	at com.kms.katalon.core.main.TestSuiteExecutor.execute(TestSuiteExecutor.java:106)
	at com.kms.katalon.core.main.TestCaseMain.startTestSuite(TestCaseMain.java:187)
	at com.kms.katalon.core.main.TestCaseMain$startTestSuite$0.call(Unknown Source)
	at TempTestSuite1695622745348.run(TempTestSuite1695622745348.groovy:36)
Caused by: com.kms.katalon.core.exception.StepFailedException: Actual text 'Lets build from here' and expected text 'Get the complete developer platform.' of test object 'Object Repository/Page_Pricing  Plans for every developer  GitHub/h1_Get the complete developerplatform' are NOT matched.
	at com.kms.katalon.core.webui.keyword.internal.WebUIKeywordMain.stepFailed(WebUIKeywordMain.groovy:64)
	at com.kms.katalon.core.webui.keyword.builtin.VerifyElementTextKeyword$_verifyElementText_closure1.doCall(VerifyElementTextKeyword.groovy:57)
	at com.kms.katalon.core.webui.keyword.builtin.VerifyElementTextKeyword$_verifyElementText_closure1.call(VerifyElementTextKeyword.groovy)
	at com.kms.katalon.core.webui.keyword.internal.WebUIKeywordMain.runKeyword(WebUIKeywordMain.groovy:20)
	... 19 more]]></system-out>
      <system-err><![CDATA[2023-09-25 11:53:27 - [TEST_SUITE][FAILED] - First Test Suite: Test Cases/Part2/TestCase18 FAILED.
Reason:
com.kms.katalon.core.exception.StepFailedException: Verify element text of test object 'Object Repository/Page_Pricing  Plans for every developer  GitHub/h1_Get the complete developerplatform' FAILED.
	at com.kms.katalon.core.webui.keyword.internal.WebUIKeywordMain.stepFailed(WebUIKeywordMain.groovy:64)
	at com.kms.katalon.core.webui.keyword.internal.WebUIKeywordMain.runKeyword(WebUIKeywordMain.groovy:26)
	at com.kms.katalon.core.webui.keyword.builtin.VerifyElementTextKeyword.verifyElementText(VerifyElementTextKeyword.groovy:72)
	at com.kms.katalon.core.webui.keyword.builtin.VerifyElementTextKeyword.execute(VerifyElementTextKeyword.groovy:40)
	at com.kms.katalon.core.keyword.internal.KeywordExecutor.executeKeywordForPlatform(KeywordExecutor.groovy:74)
	at com.kms.katalon.core.webui.keyword.WebUiBuiltInKeywords.verifyElementText(WebUiBuiltInKeywords.groovy:4749)
	at com.kms.katalon.core.webui.keyword.WebUiBuiltInKeywords$verifyElementText$3.call(Unknown Source)
	at TestCase18.run(TestCase18:26)
	at com.kms.katalon.core.main.ScriptEngine.run(ScriptEngine.java:194)
	at com.kms.katalon.core.main.ScriptEngine.runScriptAsRawText(ScriptEngine.java:119)
	at com.kms.katalon.core.main.TestCaseExecutor.runScript(TestCaseExecutor.java:448)
	at com.kms.katalon.core.main.TestCaseExecutor.doExecute(TestCaseExecutor.java:439)
	at com.kms.katalon.core.main.TestCaseExecutor.processExecutionPhase(TestCaseExecutor.java:418)
	at com.kms.katalon.core.main.TestCaseExecutor.accessMainPhase(TestCaseExecutor.java:410)
	at com.kms.katalon.core.main.TestCaseExecutor.execute(TestCaseExecutor.java:285)
	at com.kms.katalon.core.common.CommonExecutor.accessTestCaseMainPhase(CommonExecutor.java:65)
	at com.kms.katalon.core.main.TestSuiteExecutor.accessTestSuiteMainPhase(TestSuiteExecutor.java:148)
	at com.kms.katalon.core.main.TestSuiteExecutor.execute(TestSuiteExecutor.java:106)
	at com.kms.katalon.core.main.TestCaseMain.startTestSuite(TestCaseMain.java:187)
	at com.kms.katalon.core.main.TestCaseMain$startTestSuite$0.call(Unknown Source)
	at TempTestSuite1695622745348.run(TempTestSuite1695622745348.groovy:36)
Caused by: com.kms.katalon.core.exception.StepFailedException: Actual text 'Lets build from here' and expected text 'Get the complete developer platform.' of test object 'Object Repository/Page_Pricing  Plans for every developer  GitHub/h1_Get the complete developerplatform' are NOT matched.
	at com.kms.katalon.core.webui.keyword.internal.WebUIKeywordMain.stepFailed(WebUIKeywordMain.groovy:64)
	at com.kms.katalon.core.webui.keyword.builtin.VerifyElementTextKeyword$_verifyElementText_closure1.doCall(VerifyElementTextKeyword.groovy:57)
	at com.kms.katalon.core.webui.keyword.builtin.VerifyElementTextKeyword$_verifyElementText_closure1.call(VerifyElementTextKeyword.groovy)
	at com.kms.katalon.core.webui.keyword.internal.WebUIKeywordMain.runKeyword(WebUIKeywordMain.groovy:20)
	... 19 more]]></system-err>
   </testsuite>
</testsuites>
