<?xml version="1.0" encoding="UTF-8"?>
<testsuites name="First Test Suite" time="558.682" tests="36" failures="0" errors="0">
   <testsuite name="First Test Suite" tests="36" failures="0" errors="0" time="558.682" skipped="0" timestamp="2023-09-21 11:46:13" hostname="sachin.gajbhiye - ZIL591.mshome.net" id="Test Suites/First Test Suite">
      <properties>
         <property name="deviceName" value=""/>
         <property name="devicePlatform" value=""/>
         <property name="logFolder" value="C:\\Users\\sachin.gajbhiye\\git\\Katalon-Practice\\Reports\\20230921_114607\\First Test Suite\\20230921_114607"/>
         <property name="logFiles" value="C:\\Users\\sachin.gajbhiye\\git\\Katalon-Practice\\Reports\\20230921_114607\\First Test Suite\\20230921_114607\\execution0.log"/>
         <property name="attachments" value="C:\\Users\\sachin.gajbhiye\\git\\Katalon-Practice\\Reports\\20230921_114607\\First Test Suite\\20230921_114607\\1695277294958.png, C:\\Users\\sachin.gajbhiye\\git\\Katalon-Practice\\Reports\\20230921_114607\\First Test Suite\\20230921_114607\\1695277295606.png"/>
         <property name="hostName" value="sachin.gajbhiye - ZIL591.mshome.net"/>
         <property name="os" value="Windows 10 64bit"/>
         <property name="katalonVersion" value="8.6.8.208"/>
         <property name="browser" value="Chrome 116.0.0.0"/>
         <property name="hostAddress" value="172.19.128.1"/>
         <property name="sessionId" value="1a87bbbee7285dc5e0a203c221fa66e0"/>
         <property name="seleniumVersion" value="3.141.59"/>
         <property name="proxyInformation" value="ProxyInformation { proxyOption=NO_PROXY, proxyServerType=HTTP, username=, password=********, proxyServerAddress=, proxyServerPort=0, executionList=&quot;&quot;, isApplyToDesiredCapabilities=true }"/>
         <property name="platform" value="Windows 10"/>
      </properties>
      <testcase name="Test Cases/Part1/TestCase01" time="16.857" classname="Test Cases/Part1/TestCase01" status="PASSED">
         <system-out><![CDATA[2023-09-21 11:46:13 - [TEST_CASE][PASSED] - Test Cases/Part1/TestCase01: Test Cases/Part1/TestCase01

2023-09-21 11:46:14 - [TEST_STEP][PASSED] - openBrowser(""): Browser is opened with url: ''

2023-09-21 11:46:14 - [MESSAGE][INFO] - Starting 'Chrome' driver

2023-09-21 11:46:14 - [MESSAGE][INFO] - Action delay is set to 0 milliseconds

2023-09-21 11:46:18 - [MESSAGE][PASSED] - Browser is opened with url: ''

2023-09-21 11:46:18 - [TEST_STEP][PASSED] - navigateToUrl("https://www.google.com/"): Navigate to 'https://www.google.com/' successfully

2023-09-21 11:46:25 - [MESSAGE][PASSED] - Navigate to 'https://www.google.com/' successfully

2023-09-21 11:46:25 - [TEST_STEP][PASSED] - rightClick(findTestObject("Object Repository/Page_Google/img_Sign in_lnXdpd")): Object: 'Object Repository/Page_Google/img_Sign in_lnXdpd' is right clicked on

2023-09-21 11:46:25 - [MESSAGE][PASSED] - Object: 'Object Repository/Page_Google/img_Sign in_lnXdpd' is right clicked on

2023-09-21 11:46:25 - [TEST_STEP][PASSED] - click(findTestObject("Object Repository/Page_Google/button_Stay signed out")): Object: 'Object Repository/Page_Google/button_Stay signed out' is clicked on

2023-09-21 11:46:27 - [MESSAGE][PASSED] - Object: 'Object Repository/Page_Google/button_Stay signed out' is clicked on

2023-09-21 11:46:27 - [TEST_STEP][PASSED] - rightClick(findTestObject("Object Repository/Page_Google/input_Delete_btnK")): Object: 'Object Repository/Page_Google/input_Delete_btnK' is right clicked on

2023-09-21 11:46:27 - [MESSAGE][PASSED] - Object: 'Object Repository/Page_Google/input_Delete_btnK' is right clicked on

2023-09-21 11:46:27 - [TEST_STEP][PASSED] - verifyElementText(findTestObject("Object Repository/Page_Google/input_Delete_btnK"), ""): Actual text and expected text of test object 'Object Repository/Page_Google/input_Delete_btnK' are matched.

2023-09-21 11:46:28 - [MESSAGE][PASSED] - Actual text and expected text of test object 'Object Repository/Page_Google/input_Delete_btnK' are matched.

2023-09-21 11:46:28 - [TEST_STEP][PASSED] - setText(findTestObject("Object Repository/Page_Google/textarea__q"), "jnj"): Text 'jnj' is set on object 'Object Repository/Page_Google/textarea__q'

2023-09-21 11:46:29 - [MESSAGE][PASSED] - Text 'jnj' is set on object 'Object Repository/Page_Google/textarea__q'

2023-09-21 11:46:29 - [TEST_STEP][PASSED] - closeBrowser(): Browser is closed

2023-09-21 11:46:30 - [MESSAGE][PASSED] - Browser is closed]]></system-out>
         <system-err><![CDATA[]]></system-err>
      </testcase>
      <testcase name="Test Cases/Part1/TestCase02" time="76.902" classname="Test Cases/Part1/TestCase02" status="PASSED">
         <system-out><![CDATA[2023-09-21 11:46:30 - [TEST_CASE][PASSED] - Test Cases/Part1/TestCase02: Test Cases/Part1/TestCase02

2023-09-21 11:46:31 - [TEST_STEP][PASSED] - openBrowser(""): Browser is opened with url: ''

2023-09-21 11:46:31 - [MESSAGE][INFO] - Starting 'Chrome' driver

2023-09-21 11:46:31 - [MESSAGE][INFO] - Action delay is set to 0 milliseconds

2023-09-21 11:46:32 - [MESSAGE][PASSED] - Browser is opened with url: ''

2023-09-21 11:46:32 - [TEST_STEP][PASSED] - maximizeWindow(): Current window maximized

2023-09-21 11:46:33 - [MESSAGE][PASSED] - Current window maximized

2023-09-21 11:46:33 - [TEST_STEP][PASSED] - navigateToUrl("https://www.google.com/"): Navigate to 'https://www.google.com/' successfully

2023-09-21 11:46:39 - [MESSAGE][PASSED] - Navigate to 'https://www.google.com/' successfully

2023-09-21 11:46:39 - [TEST_STEP][PASSED] - rightClick(findTestObject("Object Repository/Page_Google/textarea__q")): Object: 'Object Repository/Page_Google/textarea__q' is right clicked on

2023-09-21 11:46:39 - [MESSAGE][PASSED] - Object: 'Object Repository/Page_Google/textarea__q' is right clicked on

2023-09-21 11:46:39 - [TEST_STEP][PASSED] - verifyElementPresent(findTestObject("Object Repository/Page_Google/textarea__q"), 0): Object 'Object Repository/Page_Google/textarea__q' is present

2023-09-21 11:46:40 - [MESSAGE][WARNING] - Timeout '0' is invalid. Using default page load timeout: '30'

2023-09-21 11:46:40 - [MESSAGE][PASSED] - Object 'Object Repository/Page_Google/textarea__q' is present

2023-09-21 11:46:40 - [TEST_STEP][PASSED] - setText(findTestObject("Object Repository/Page_Google/textarea__q"), "translator"): Text 'translator' is set on object 'Object Repository/Page_Google/textarea__q'

2023-09-21 11:46:41 - [MESSAGE][PASSED] - Text 'translator' is set on object 'Object Repository/Page_Google/textarea__q'

2023-09-21 11:46:41 - [TEST_STEP][PASSED] - sendKeys(findTestObject("Object Repository/Page_Google/textarea__q"), Keys.chord(ENTER)): Keys 'ENTER + ' sent to object: 'Object Repository/Page_Google/textarea__q'

2023-09-21 11:46:42 - [MESSAGE][PASSED] - Keys 'ENTER + ' sent to object: 'Object Repository/Page_Google/textarea__q'

2023-09-21 11:46:42 - [TEST_STEP][PASSED] - scrollToElement(findTestObject("Object Repository/Page_translator - Google Search/h3_Google Translate"), 0): Scroll to object 'Object Repository/Page_translator - Google Search/h3_Google Translate' successfully

2023-09-21 11:46:43 - [MESSAGE][WARNING] - Timeout '0' is invalid. Using default page load timeout: '30'

2023-09-21 11:47:14 - [MESSAGE][INFO] - Unable to find the element located by 'By.xpath: //div[@id='rso']/div[2]/div/div/div/div/div/div/div/div/div/span/a/h3'. Please recheck the objects properties to make sure the desired element is located. 

2023-09-21 11:47:14 - [MESSAGE][WARNING] - [SELF-HEALING] Failed to find element with id 'Object Repository/Page_translator - Google Search/h3_Google Translate'. Try using Self-healing.

2023-09-21 11:47:14 - [MESSAGE][WARNING] - [SELF-HEALING] The current locator of test object 'Object Repository/Page_translator - Google Search/h3_Google Translate' was broken. Propose an alternative one: '(.//*[normalize-space(text()) and normalize-space(.)='Web result with site links'])[1]/following::h3[1]'.

2023-09-21 11:47:14 - [MESSAGE][PASSED] - Scroll to object 'Object Repository/Page_translator - Google Search/h3_Google Translate' successfully

2023-09-21 11:47:14 - [TEST_STEP][PASSED] - verifyElementVisible(findTestObject("Object Repository/Page_translator - Google Search/h3_Google Translate")): Object 'Object Repository/Page_translator - Google Search/h3_Google Translate' is visible

2023-09-21 11:47:46 - [MESSAGE][INFO] - Unable to find the element located by 'By.xpath: //div[@id='rso']/div[2]/div/div/div/div/div/div/div/div/div/span/a/h3'. Please recheck the objects properties to make sure the desired element is located. 

2023-09-21 11:47:46 - [MESSAGE][WARNING] - [SELF-HEALING] Failed to find element with id 'Object Repository/Page_translator - Google Search/h3_Google Translate'. Try using Self-healing.

2023-09-21 11:47:46 - [MESSAGE][WARNING] - [SELF-HEALING] The current locator of test object 'Object Repository/Page_translator - Google Search/h3_Google Translate' was broken. Propose an alternative one: '(.//*[normalize-space(text()) and normalize-space(.)='Web result with site links'])[1]/following::h3[1]'.

2023-09-21 11:47:46 - [MESSAGE][PASSED] - Object 'Object Repository/Page_translator - Google Search/h3_Google Translate' is visible

2023-09-21 11:47:46 - [TEST_STEP][PASSED] - closeBrowser(): Browser is closed

2023-09-21 11:47:47 - [MESSAGE][PASSED] - Browser is closed]]></system-out>
         <system-err><![CDATA[]]></system-err>
      </testcase>
      <testcase name="Test Cases/Part1/TestCase03" time="26.582" classname="Test Cases/Part1/TestCase03" status="PASSED">
         <system-out><![CDATA[2023-09-21 11:47:47 - [TEST_CASE][PASSED] - Test Cases/Part1/TestCase03: Test Cases/Part1/TestCase03

2023-09-21 11:47:48 - [TEST_STEP][PASSED] - openBrowser(""): Browser is opened with url: ''

2023-09-21 11:47:48 - [MESSAGE][INFO] - Starting 'Chrome' driver

2023-09-21 11:47:48 - [MESSAGE][INFO] - Action delay is set to 0 milliseconds

2023-09-21 11:47:49 - [MESSAGE][PASSED] - Browser is opened with url: ''

2023-09-21 11:47:50 - [TEST_STEP][PASSED] - maximizeWindow(): Current window maximized

2023-09-21 11:47:50 - [MESSAGE][PASSED] - Current window maximized

2023-09-21 11:47:50 - [TEST_STEP][PASSED] - navigateToUrl("https://www.google.com/"): Navigate to 'https://www.google.com/' successfully

2023-09-21 11:47:55 - [MESSAGE][PASSED] - Navigate to 'https://www.google.com/' successfully

2023-09-21 11:47:55 - [TEST_STEP][PASSED] - setText(findTestObject("Object Repository/Page_Google/textarea__q"), "www.gmail.com"): Text 'www.gmail.com' is set on object 'Object Repository/Page_Google/textarea__q'

2023-09-21 11:47:57 - [MESSAGE][PASSED] - Text 'www.gmail.com' is set on object 'Object Repository/Page_Google/textarea__q'

2023-09-21 11:47:57 - [TEST_STEP][PASSED] - sendKeys(findTestObject("Object Repository/Page_Google/textarea__q"), Keys.chord(ENTER)): Keys 'ENTER + ' sent to object: 'Object Repository/Page_Google/textarea__q'

2023-09-21 11:47:58 - [MESSAGE][PASSED] - Keys 'ENTER + ' sent to object: 'Object Repository/Page_Google/textarea__q'

2023-09-21 11:47:58 - [TEST_STEP][PASSED] - click(findTestObject("Object Repository/Page_www.gmail.com - Google Search/h3_Email - Gmail - Google")): Object: 'Object Repository/Page_www.gmail.com - Google Search/h3_Email - Gmail - Google' is clicked on

2023-09-21 11:48:12 - [MESSAGE][PASSED] - Object: 'Object Repository/Page_www.gmail.com - Google Search/h3_Email - Gmail - Google' is clicked on

2023-09-21 11:48:12 - [TEST_STEP][PASSED] - verifyElementVisible(findTestObject("Object Repository/Page_Gmail Private and secure email at no c_d3ebd8/span_Create an account")): Object 'Object Repository/Page_Gmail Private and secure email at no c_d3ebd8/span_Create an account' is visible

2023-09-21 11:48:12 - [MESSAGE][PASSED] - Object 'Object Repository/Page_Gmail Private and secure email at no c_d3ebd8/span_Create an account' is visible

2023-09-21 11:48:12 - [TEST_STEP][PASSED] - closeBrowser(): Browser is closed

2023-09-21 11:48:13 - [MESSAGE][PASSED] - Browser is closed]]></system-out>
         <system-err><![CDATA[]]></system-err>
      </testcase>
      <testcase name="Test Cases/Part1/TestCase04" time="16.946" classname="Test Cases/Part1/TestCase04" status="PASSED">
         <system-out><![CDATA[2023-09-21 11:48:14 - [TEST_CASE][PASSED] - Test Cases/Part1/TestCase04: Test Cases/Part1/TestCase04

2023-09-21 11:48:15 - [TEST_STEP][PASSED] - openBrowser(""): Browser is opened with url: ''

2023-09-21 11:48:15 - [MESSAGE][INFO] - Starting 'Chrome' driver

2023-09-21 11:48:15 - [MESSAGE][INFO] - Action delay is set to 0 milliseconds

2023-09-21 11:48:16 - [MESSAGE][PASSED] - Browser is opened with url: ''

2023-09-21 11:48:16 - [TEST_STEP][PASSED] - navigateToUrl("https://www.google.com/"): Navigate to 'https://www.google.com/' successfully

2023-09-21 11:48:22 - [MESSAGE][PASSED] - Navigate to 'https://www.google.com/' successfully

2023-09-21 11:48:22 - [TEST_STEP][PASSED] - setText(findTestObject("Object Repository/Page_Google/textarea__q"), "facebook.com"): Text 'facebook.com' is set on object 'Object Repository/Page_Google/textarea__q'

2023-09-21 11:48:23 - [MESSAGE][PASSED] - Text 'facebook.com' is set on object 'Object Repository/Page_Google/textarea__q'

2023-09-21 11:48:23 - [TEST_STEP][PASSED] - sendKeys(findTestObject("Page_Google/textarea__q"), Keys.chord(ENTER)): Keys 'ENTER + ' sent to object: 'Object Repository/Page_Google/textarea__q'

2023-09-21 11:48:24 - [MESSAGE][PASSED] - Keys 'ENTER + ' sent to object: 'Object Repository/Page_Google/textarea__q'

2023-09-21 11:48:24 - [TEST_STEP][PASSED] - click(findTestObject("Object Repository/Page_facebook.com - Google Search/h3_Facebook - log in or sign up")): Object: 'Object Repository/Page_facebook.com - Google Search/h3_Facebook - log in or sign up' is clicked on

2023-09-21 11:48:30 - [MESSAGE][PASSED] - Object: 'Object Repository/Page_facebook.com - Google Search/h3_Facebook - log in or sign up' is clicked on

2023-09-21 11:48:30 - [TEST_STEP][PASSED] - closeBrowser(): Browser is closed

2023-09-21 11:48:30 - [MESSAGE][PASSED] - Browser is closed]]></system-out>
         <system-err><![CDATA[]]></system-err>
      </testcase>
      <testcase name="Test Cases/Part1/TestCase05" time="29.761" classname="Test Cases/Part1/TestCase05" status="PASSED">
         <system-out><![CDATA[2023-09-21 11:48:30 - [TEST_CASE][PASSED] - Test Cases/Part1/TestCase05: Test Cases/Part1/TestCase05

2023-09-21 11:48:32 - [TEST_STEP][PASSED] - openBrowser(""): Browser is opened with url: ''

2023-09-21 11:48:32 - [MESSAGE][INFO] - Starting 'Chrome' driver

2023-09-21 11:48:32 - [MESSAGE][INFO] - Action delay is set to 0 milliseconds

2023-09-21 11:48:33 - [MESSAGE][PASSED] - Browser is opened with url: ''

2023-09-21 11:48:33 - [TEST_STEP][PASSED] - maximizeWindow(): Current window maximized

2023-09-21 11:48:33 - [MESSAGE][PASSED] - Current window maximized

2023-09-21 11:48:33 - [TEST_STEP][PASSED] - navigateToUrl("https://www.google.com/"): Navigate to 'https://www.google.com/' successfully

2023-09-21 11:48:39 - [MESSAGE][PASSED] - Navigate to 'https://www.google.com/' successfully

2023-09-21 11:48:39 - [TEST_STEP][PASSED] - setText(findTestObject("Object Repository/Page_Google/textarea__q"), "hackerrank"): Text 'hackerrank' is set on object 'Object Repository/Page_Google/textarea__q'

2023-09-21 11:48:40 - [MESSAGE][PASSED] - Text 'hackerrank' is set on object 'Object Repository/Page_Google/textarea__q'

2023-09-21 11:48:40 - [TEST_STEP][PASSED] - sendKeys(findTestObject("Page_Google/textarea__q"), Keys.chord(ENTER)): Keys 'ENTER + ' sent to object: 'Object Repository/Page_Google/textarea__q'

2023-09-21 11:48:41 - [MESSAGE][PASSED] - Keys 'ENTER + ' sent to object: 'Object Repository/Page_Google/textarea__q'

2023-09-21 11:48:41 - [TEST_STEP][PASSED] - click(findTestObject("Object Repository/Page_hackerrank - Google Search/h3_HackerRank - Online Coding Tests and Tec_2dee1e")): Object: 'Object Repository/Page_hackerrank - Google Search/h3_HackerRank - Online Coding Tests and Tec_2dee1e' is clicked on

2023-09-21 11:48:58 - [MESSAGE][PASSED] - Object: 'Object Repository/Page_hackerrank - Google Search/h3_HackerRank - Online Coding Tests and Tec_2dee1e' is clicked on

2023-09-21 11:48:58 - [TEST_STEP][PASSED] - rightClick(findTestObject("Object Repository/Page_HackerRank - Online Coding Tests and T_423249/a_Sign up")): Object: 'Object Repository/Page_HackerRank - Online Coding Tests and T_423249/a_Sign up' is right clicked on

2023-09-21 11:48:59 - [MESSAGE][PASSED] - Object: 'Object Repository/Page_HackerRank - Online Coding Tests and T_423249/a_Sign up' is right clicked on

2023-09-21 11:48:59 - [TEST_STEP][PASSED] - verifyElementVisible(findTestObject("Object Repository/Page_HackerRank - Online Coding Tests and T_423249/a_Sign up")): Object 'Object Repository/Page_HackerRank - Online Coding Tests and T_423249/a_Sign up' is visible

2023-09-21 11:48:59 - [MESSAGE][PASSED] - Object 'Object Repository/Page_HackerRank - Online Coding Tests and T_423249/a_Sign up' is visible

2023-09-21 11:48:59 - [TEST_STEP][PASSED] - closeBrowser(): Browser is closed

2023-09-21 11:49:00 - [MESSAGE][PASSED] - Browser is closed]]></system-out>
         <system-err><![CDATA[]]></system-err>
      </testcase>
      <testcase name="Test Cases/Part1/TestCase06" time="41.006" classname="Test Cases/Part1/TestCase06" status="PASSED">
         <system-out><![CDATA[2023-09-21 11:49:00 - [TEST_CASE][PASSED] - Test Cases/Part1/TestCase06: Test Cases/Part1/TestCase06

2023-09-21 11:49:02 - [TEST_STEP][PASSED] - openBrowser(""): Browser is opened with url: ''

2023-09-21 11:49:02 - [MESSAGE][INFO] - Starting 'Chrome' driver

2023-09-21 11:49:02 - [MESSAGE][INFO] - Action delay is set to 0 milliseconds

2023-09-21 11:49:03 - [MESSAGE][PASSED] - Browser is opened with url: ''

2023-09-21 11:49:03 - [TEST_STEP][PASSED] - maximizeWindow(): Current window maximized

2023-09-21 11:49:03 - [MESSAGE][PASSED] - Current window maximized

2023-09-21 11:49:03 - [TEST_STEP][PASSED] - navigateToUrl("https://www.google.com/"): Navigate to 'https://www.google.com/' successfully

2023-09-21 11:49:09 - [MESSAGE][PASSED] - Navigate to 'https://www.google.com/' successfully

2023-09-21 11:49:09 - [TEST_STEP][PASSED] - setText(findTestObject("Object Repository/Page_Google/textarea__q"), "katalon"): Text 'katalon' is set on object 'Object Repository/Page_Google/textarea__q'

2023-09-21 11:49:10 - [MESSAGE][PASSED] - Text 'katalon' is set on object 'Object Repository/Page_Google/textarea__q'

2023-09-21 11:49:10 - [TEST_STEP][PASSED] - sendKeys(findTestObject("Page_Google/textarea__q"), Keys.chord(ENTER)): Keys 'ENTER + ' sent to object: 'Object Repository/Page_Google/textarea__q'

2023-09-21 11:49:12 - [MESSAGE][PASSED] - Keys 'ENTER + ' sent to object: 'Object Repository/Page_Google/textarea__q'

2023-09-21 11:49:12 - [TEST_STEP][PASSED] - click(findTestObject("Object Repository/Page_katalon - Google Search/span_Katalon Studio - 1 Software Testing Tool")): Object: 'Object Repository/Page_katalon - Google Search/span_Katalon Studio - 1 Software Testing Tool' is clicked on

2023-09-21 11:49:36 - [MESSAGE][PASSED] - Object: 'Object Repository/Page_katalon - Google Search/span_Katalon Studio - 1 Software Testing Tool' is clicked on

2023-09-21 11:49:36 - [TEST_STEP][PASSED] - click(findTestObject("Object Repository/Page_Katalon AI-augmented Software Quality _596167/button_Accept All Cookies")): Object: 'Object Repository/Page_Katalon AI-augmented Software Quality _596167/button_Accept All Cookies' is clicked on

2023-09-21 11:49:38 - [MESSAGE][PASSED] - Object: 'Object Repository/Page_Katalon AI-augmented Software Quality _596167/button_Accept All Cookies' is clicked on

2023-09-21 11:49:38 - [TEST_STEP][PASSED] - verifyElementPresent(findTestObject("Object Repository/Page_Katalon AI-augmented Software Quality _596167/a_Start free trial"), 0): Object 'Object Repository/Page_Katalon AI-augmented Software Quality _596167/a_Start free trial' is present

2023-09-21 11:49:38 - [MESSAGE][WARNING] - Timeout '0' is invalid. Using default page load timeout: '30'

2023-09-21 11:49:40 - [MESSAGE][PASSED] - Object 'Object Repository/Page_Katalon AI-augmented Software Quality _596167/a_Start free trial' is present

2023-09-21 11:49:40 - [TEST_STEP][PASSED] - closeBrowser(): Browser is closed

2023-09-21 11:49:41 - [MESSAGE][PASSED] - Browser is closed]]></system-out>
         <system-err><![CDATA[]]></system-err>
      </testcase>
      <testcase name="Test Cases/Part1/TestCase07" time="13.123" classname="Test Cases/Part1/TestCase07" status="PASSED">
         <system-out><![CDATA[2023-09-21 11:49:41 - [TEST_CASE][PASSED] - Test Cases/Part1/TestCase07: Test Cases/Part1/TestCase07

2023-09-21 11:49:42 - [TEST_STEP][PASSED] - openBrowser(""): Browser is opened with url: ''

2023-09-21 11:49:42 - [MESSAGE][INFO] - Starting 'Chrome' driver

2023-09-21 11:49:42 - [MESSAGE][INFO] - Action delay is set to 0 milliseconds

2023-09-21 11:49:44 - [MESSAGE][PASSED] - Browser is opened with url: ''

2023-09-21 11:49:44 - [TEST_STEP][PASSED] - maximizeWindow(): Current window maximized

2023-09-21 11:49:44 - [MESSAGE][PASSED] - Current window maximized

2023-09-21 11:49:44 - [TEST_STEP][PASSED] - navigateToUrl("https://www.google.com/"): Navigate to 'https://www.google.com/' successfully

2023-09-21 11:49:51 - [MESSAGE][PASSED] - Navigate to 'https://www.google.com/' successfully

2023-09-21 11:49:51 - [TEST_STEP][PASSED] - setText(findTestObject("Object Repository/Page_Google/textarea__q"), "eulers"): Text 'eulers' is set on object 'Object Repository/Page_Google/textarea__q'

2023-09-21 11:49:52 - [MESSAGE][PASSED] - Text 'eulers' is set on object 'Object Repository/Page_Google/textarea__q'

2023-09-21 11:49:52 - [TEST_STEP][PASSED] - sendKeys(findTestObject("Page_Google/textarea__q"), Keys.chord(ENTER)): Keys 'ENTER + ' sent to object: 'Object Repository/Page_Google/textarea__q'

2023-09-21 11:49:53 - [MESSAGE][PASSED] - Keys 'ENTER + ' sent to object: 'Object Repository/Page_Google/textarea__q'

2023-09-21 11:49:53 - [TEST_STEP][PASSED] - closeBrowser(): Browser is closed

2023-09-21 11:49:54 - [MESSAGE][PASSED] - Browser is closed]]></system-out>
         <system-err><![CDATA[]]></system-err>
      </testcase>
      <testcase name="Test Cases/Part1/TestCase08" time="8.867" classname="Test Cases/Part1/TestCase08" status="PASSED">
         <system-out><![CDATA[2023-09-21 11:49:54 - [TEST_CASE][PASSED] - Test Cases/Part1/TestCase08: Test Cases/Part1/TestCase08

2023-09-21 11:49:56 - [TEST_STEP][PASSED] - openBrowser(""): Browser is opened with url: ''

2023-09-21 11:49:56 - [MESSAGE][INFO] - Starting 'Chrome' driver

2023-09-21 11:49:56 - [MESSAGE][INFO] - Action delay is set to 0 milliseconds

2023-09-21 11:49:57 - [MESSAGE][PASSED] - Browser is opened with url: ''

2023-09-21 11:49:57 - [TEST_STEP][PASSED] - maximizeWindow(): Current window maximized

2023-09-21 11:49:57 - [MESSAGE][PASSED] - Current window maximized

2023-09-21 11:49:57 - [TEST_STEP][PASSED] - navigateToUrl("https://projecteuler.net/"): Navigate to 'https://projecteuler.net/' successfully

2023-09-21 11:49:59 - [MESSAGE][PASSED] - Navigate to 'https://projecteuler.net/' successfully

2023-09-21 11:49:59 - [TEST_STEP][PASSED] - click(findTestObject("Object Repository/Page_About - Project Euler/a_Sign In")): Object: 'Object Repository/Page_About - Project Euler/a_Sign In' is clicked on

2023-09-21 11:50:02 - [MESSAGE][PASSED] - Object: 'Object Repository/Page_About - Project Euler/a_Sign In' is clicked on

2023-09-21 11:50:02 - [TEST_STEP][PASSED] - verifyElementVisible(findTestObject("Object Repository/Page_Sign In - Project Euler/input_Remember Me_sign_in")): Object 'Object Repository/Page_Sign In - Project Euler/input_Remember Me_sign_in' is visible

2023-09-21 11:50:03 - [MESSAGE][PASSED] - Object 'Object Repository/Page_Sign In - Project Euler/input_Remember Me_sign_in' is visible

2023-09-21 11:50:03 - [TEST_STEP][PASSED] - closeBrowser(): Browser is closed

2023-09-21 11:50:03 - [MESSAGE][PASSED] - Browser is closed]]></system-out>
         <system-err><![CDATA[]]></system-err>
      </testcase>
      <testcase name="Test Cases/Part1/TestCase09" time="6.754" classname="Test Cases/Part1/TestCase09" status="PASSED">
         <system-out><![CDATA[2023-09-21 11:50:03 - [TEST_CASE][PASSED] - Test Cases/Part1/TestCase09: Test Cases/Part1/TestCase09

2023-09-21 11:50:04 - [TEST_STEP][PASSED] - openBrowser(""): Browser is opened with url: ''

2023-09-21 11:50:04 - [MESSAGE][INFO] - Starting 'Chrome' driver

2023-09-21 11:50:04 - [MESSAGE][INFO] - Action delay is set to 0 milliseconds

2023-09-21 11:50:06 - [MESSAGE][PASSED] - Browser is opened with url: ''

2023-09-21 11:50:06 - [TEST_STEP][PASSED] - maximizeWindow(): Current window maximized

2023-09-21 11:50:06 - [MESSAGE][PASSED] - Current window maximized

2023-09-21 11:50:06 - [TEST_STEP][PASSED] - navigateToUrl("https://www.wikipedia.org/"): Navigate to 'https://www.wikipedia.org/' successfully

2023-09-21 11:50:08 - [MESSAGE][PASSED] - Navigate to 'https://www.wikipedia.org/' successfully

2023-09-21 11:50:08 - [TEST_STEP][PASSED] - rightClick(findTestObject("Object Repository/Page_Wikipedia/input_Search Wikipedia_search")): Object: 'Object Repository/Page_Wikipedia/input_Search Wikipedia_search' is right clicked on

2023-09-21 11:50:09 - [MESSAGE][PASSED] - Object: 'Object Repository/Page_Wikipedia/input_Search Wikipedia_search' is right clicked on

2023-09-21 11:50:09 - [TEST_STEP][PASSED] - verifyElementVisible(findTestObject("Object Repository/Page_Wikipedia/input_Search Wikipedia_search")): Object 'Object Repository/Page_Wikipedia/input_Search Wikipedia_search' is visible

2023-09-21 11:50:09 - [MESSAGE][PASSED] - Object 'Object Repository/Page_Wikipedia/input_Search Wikipedia_search' is visible

2023-09-21 11:50:09 - [TEST_STEP][PASSED] - closeBrowser(): Browser is closed

2023-09-21 11:50:10 - [MESSAGE][PASSED] - Browser is closed]]></system-out>
         <system-err><![CDATA[]]></system-err>
      </testcase>
      <testcase name="Test Cases/Part1/TestCase10" time="10.721" classname="Test Cases/Part1/TestCase10" status="PASSED">
         <system-out><![CDATA[2023-09-21 11:50:10 - [TEST_CASE][PASSED] - Test Cases/Part1/TestCase10: Test Cases/Part1/TestCase10

2023-09-21 11:50:11 - [TEST_STEP][PASSED] - openBrowser(""): Browser is opened with url: ''

2023-09-21 11:50:11 - [MESSAGE][INFO] - Starting 'Chrome' driver

2023-09-21 11:50:11 - [MESSAGE][INFO] - Action delay is set to 0 milliseconds

2023-09-21 11:50:13 - [MESSAGE][PASSED] - Browser is opened with url: ''

2023-09-21 11:50:13 - [TEST_STEP][PASSED] - maximizeWindow(): Current window maximized

2023-09-21 11:50:13 - [MESSAGE][PASSED] - Current window maximized

2023-09-21 11:50:13 - [TEST_STEP][PASSED] - navigateToUrl("https://www.wikipedia.org/"): Navigate to 'https://www.wikipedia.org/' successfully

2023-09-21 11:50:15 - [MESSAGE][PASSED] - Navigate to 'https://www.wikipedia.org/' successfully

2023-09-21 11:50:15 - [TEST_STEP][PASSED] - click(findTestObject("Object Repository/Page_Wikipedia/strong_English")): Object: 'Object Repository/Page_Wikipedia/strong_English' is clicked on

2023-09-21 11:50:18 - [MESSAGE][PASSED] - Object: 'Object Repository/Page_Wikipedia/strong_English' is clicked on

2023-09-21 11:50:18 - [TEST_STEP][PASSED] - scrollToElement(findTestObject("Object Repository/Page_Wikipedia, the free encyclopedia/a_Wikipedia"), 0): Scroll to object 'Object Repository/Page_Wikipedia, the free encyclopedia/a_Wikipedia' successfully

2023-09-21 11:50:18 - [MESSAGE][WARNING] - Timeout '0' is invalid. Using default page load timeout: '30'

2023-09-21 11:50:19 - [MESSAGE][PASSED] - Scroll to object 'Object Repository/Page_Wikipedia, the free encyclopedia/a_Wikipedia' successfully

2023-09-21 11:50:19 - [TEST_STEP][PASSED] - verifyElementPresent(findTestObject("Object Repository/Page_Wikipedia, the free encyclopedia/a_Wikipedia"), 0): Object 'Object Repository/Page_Wikipedia, the free encyclopedia/a_Wikipedia' is present

2023-09-21 11:50:20 - [MESSAGE][WARNING] - Timeout '0' is invalid. Using default page load timeout: '30'

2023-09-21 11:50:20 - [MESSAGE][PASSED] - Object 'Object Repository/Page_Wikipedia, the free encyclopedia/a_Wikipedia' is present

2023-09-21 11:50:20 - [TEST_STEP][PASSED] - closeBrowser(): Browser is closed

2023-09-21 11:50:21 - [MESSAGE][PASSED] - Browser is closed]]></system-out>
         <system-err><![CDATA[]]></system-err>
      </testcase>
      <testcase name="Test Cases/Part2/TestCase11" time="7.161" classname="Test Cases/Part2/TestCase11" status="PASSED">
         <system-out><![CDATA[2023-09-21 11:50:21 - [TEST_CASE][PASSED] - Test Cases/Part2/TestCase11: Test Cases/Part2/TestCase11

2023-09-21 11:50:22 - [TEST_STEP][PASSED] - openBrowser(""): Browser is opened with url: ''

2023-09-21 11:50:22 - [MESSAGE][INFO] - Starting 'Chrome' driver

2023-09-21 11:50:22 - [MESSAGE][INFO] - Action delay is set to 0 milliseconds

2023-09-21 11:50:23 - [MESSAGE][PASSED] - Browser is opened with url: ''

2023-09-21 11:50:23 - [TEST_STEP][PASSED] - maximizeWindow(): Current window maximized

2023-09-21 11:50:24 - [MESSAGE][PASSED] - Current window maximized

2023-09-21 11:50:24 - [TEST_STEP][PASSED] - navigateToUrl("https://github.com/"): Navigate to 'https://github.com/' successfully

2023-09-21 11:50:26 - [MESSAGE][PASSED] - Navigate to 'https://github.com/' successfully

2023-09-21 11:50:26 - [TEST_STEP][PASSED] - verifyElementVisible(findTestObject("Object Repository/Page_GitHub Lets build from here  GitHub/a_Sign in")): Object 'Object Repository/Page_GitHub Lets build from here  GitHub/a_Sign in' is visible

2023-09-21 11:50:27 - [MESSAGE][PASSED] - Object 'Object Repository/Page_GitHub Lets build from here  GitHub/a_Sign in' is visible

2023-09-21 11:50:27 - [TEST_STEP][PASSED] - closeBrowser(): Browser is closed

2023-09-21 11:50:28 - [MESSAGE][PASSED] - Browser is closed]]></system-out>
         <system-err><![CDATA[]]></system-err>
      </testcase>
      <testcase name="Test Cases/Part2/TestCase12" time="9.051" classname="Test Cases/Part2/TestCase12" status="PASSED">
         <system-out><![CDATA[2023-09-21 11:50:28 - [TEST_CASE][PASSED] - Test Cases/Part2/TestCase12: Test Cases/Part2/TestCase12

2023-09-21 11:50:29 - [TEST_STEP][PASSED] - openBrowser(""): Browser is opened with url: ''

2023-09-21 11:50:29 - [MESSAGE][INFO] - Starting 'Chrome' driver

2023-09-21 11:50:29 - [MESSAGE][INFO] - Action delay is set to 0 milliseconds

2023-09-21 11:50:30 - [MESSAGE][PASSED] - Browser is opened with url: ''

2023-09-21 11:50:30 - [TEST_STEP][PASSED] - maximizeWindow(): Current window maximized

2023-09-21 11:50:31 - [MESSAGE][PASSED] - Current window maximized

2023-09-21 11:50:31 - [TEST_STEP][PASSED] - navigateToUrl("https://github.com/"): Navigate to 'https://github.com/' successfully

2023-09-21 11:50:35 - [MESSAGE][PASSED] - Navigate to 'https://github.com/' successfully

2023-09-21 11:50:35 - [TEST_STEP][PASSED] - verifyElementVisible(findTestObject("Object Repository/Page_GitHub Lets build from here  GitHub/a_Sign up")): Object 'Object Repository/Page_GitHub Lets build from here  GitHub/a_Sign up' is visible

2023-09-21 11:50:36 - [MESSAGE][PASSED] - Object 'Object Repository/Page_GitHub Lets build from here  GitHub/a_Sign up' is visible

2023-09-21 11:50:36 - [TEST_STEP][PASSED] - closeBrowser(): Browser is closed

2023-09-21 11:50:37 - [MESSAGE][PASSED] - Browser is closed]]></system-out>
         <system-err><![CDATA[]]></system-err>
      </testcase>
      <testcase name="Test Cases/Part2/TestCase13" time="8.993" classname="Test Cases/Part2/TestCase13" status="PASSED">
         <system-out><![CDATA[2023-09-21 11:50:37 - [TEST_CASE][PASSED] - Test Cases/Part2/TestCase13: Test Cases/Part2/TestCase13

2023-09-21 11:50:38 - [TEST_STEP][PASSED] - openBrowser(""): Browser is opened with url: ''

2023-09-21 11:50:38 - [MESSAGE][INFO] - Starting 'Chrome' driver

2023-09-21 11:50:38 - [MESSAGE][INFO] - Action delay is set to 0 milliseconds

2023-09-21 11:50:40 - [MESSAGE][PASSED] - Browser is opened with url: ''

2023-09-21 11:50:40 - [TEST_STEP][PASSED] - maximizeWindow(): Current window maximized

2023-09-21 11:50:40 - [MESSAGE][PASSED] - Current window maximized

2023-09-21 11:50:40 - [TEST_STEP][PASSED] - navigateToUrl("https://github.com/"): Navigate to 'https://github.com/' successfully

2023-09-21 11:50:43 - [MESSAGE][PASSED] - Navigate to 'https://github.com/' successfully

2023-09-21 11:50:43 - [TEST_STEP][PASSED] - click(findTestObject("Object Repository/Page_GitHub Lets build from here  GitHub/span_Search or jump to")): Object: 'Object Repository/Page_GitHub Lets build from here  GitHub/span_Search or jump to' is clicked on

2023-09-21 11:50:44 - [MESSAGE][PASSED] - Object: 'Object Repository/Page_GitHub Lets build from here  GitHub/span_Search or jump to' is clicked on

2023-09-21 11:50:44 - [TEST_STEP][PASSED] - setText(findTestObject("Object Repository/Page_GitHub Lets build from here  GitHub/input_Search_query-builder-test"), "awesome"): Text 'awesome' is set on object 'Object Repository/Page_GitHub Lets build from here  GitHub/input_Search_query-builder-test'

2023-09-21 11:50:45 - [MESSAGE][PASSED] - Text 'awesome' is set on object 'Object Repository/Page_GitHub Lets build from here  GitHub/input_Search_query-builder-test'

2023-09-21 11:50:45 - [TEST_STEP][PASSED] - closeBrowser(): Browser is closed

2023-09-21 11:50:46 - [MESSAGE][PASSED] - Browser is closed]]></system-out>
         <system-err><![CDATA[]]></system-err>
      </testcase>
      <testcase name="Test Cases/Part2/TestCase14" time="9.259" classname="Test Cases/Part2/TestCase14" status="PASSED">
         <system-out><![CDATA[2023-09-21 11:50:46 - [TEST_CASE][PASSED] - Test Cases/Part2/TestCase14: Test Cases/Part2/TestCase14

2023-09-21 11:50:47 - [TEST_STEP][PASSED] - openBrowser(""): Browser is opened with url: ''

2023-09-21 11:50:47 - [MESSAGE][INFO] - Starting 'Chrome' driver

2023-09-21 11:50:47 - [MESSAGE][INFO] - Action delay is set to 0 milliseconds

2023-09-21 11:50:49 - [MESSAGE][PASSED] - Browser is opened with url: ''

2023-09-21 11:50:49 - [TEST_STEP][PASSED] - maximizeWindow(): Current window maximized

2023-09-21 11:50:49 - [MESSAGE][PASSED] - Current window maximized

2023-09-21 11:50:49 - [TEST_STEP][PASSED] - navigateToUrl("https://github.com/"): Navigate to 'https://github.com/' successfully

2023-09-21 11:50:52 - [MESSAGE][PASSED] - Navigate to 'https://github.com/' successfully

2023-09-21 11:50:52 - [TEST_STEP][PASSED] - click(findTestObject("Object Repository/Page_GitHub Lets build from here  GitHub/a_Sign in")): Object: 'Object Repository/Page_GitHub Lets build from here  GitHub/a_Sign in' is clicked on

2023-09-21 11:50:53 - [MESSAGE][PASSED] - Object: 'Object Repository/Page_GitHub Lets build from here  GitHub/a_Sign in' is clicked on

2023-09-21 11:50:53 - [TEST_STEP][PASSED] - verifyElementText(findTestObject("Object Repository/Page_Sign in to GitHub  GitHub/h1_Sign in to GitHub"), "Sign in to GitHub"): Actual text and expected text of test object 'Object Repository/Page_Sign in to GitHub  GitHub/h1_Sign in to GitHub' are matched.

2023-09-21 11:50:55 - [MESSAGE][PASSED] - Actual text and expected text of test object 'Object Repository/Page_Sign in to GitHub  GitHub/h1_Sign in to GitHub' are matched.

2023-09-21 11:50:55 - [TEST_STEP][PASSED] - closeBrowser(): Browser is closed

2023-09-21 11:50:55 - [MESSAGE][PASSED] - Browser is closed]]></system-out>
         <system-err><![CDATA[]]></system-err>
      </testcase>
      <testcase name="Test Cases/Part2/TestCase15" time="15.297" classname="Test Cases/Part2/TestCase15" status="PASSED">
         <system-out><![CDATA[2023-09-21 11:50:55 - [TEST_CASE][PASSED] - Test Cases/Part2/TestCase15: Test Cases/Part2/TestCase15

2023-09-21 11:50:57 - [TEST_STEP][PASSED] - openBrowser(""): Browser is opened with url: ''

2023-09-21 11:50:57 - [MESSAGE][INFO] - Starting 'Chrome' driver

2023-09-21 11:50:57 - [MESSAGE][INFO] - Action delay is set to 0 milliseconds

2023-09-21 11:50:58 - [MESSAGE][PASSED] - Browser is opened with url: ''

2023-09-21 11:50:58 - [TEST_STEP][PASSED] - maximizeWindow(): Current window maximized

2023-09-21 11:50:58 - [MESSAGE][PASSED] - Current window maximized

2023-09-21 11:50:58 - [TEST_STEP][PASSED] - navigateToUrl("https://github.com/"): Navigate to 'https://github.com/' successfully

2023-09-21 11:51:01 - [MESSAGE][PASSED] - Navigate to 'https://github.com/' successfully

2023-09-21 11:51:01 - [TEST_STEP][PASSED] - click(findTestObject("Object Repository/Page_GitHub Lets build from here  GitHub/a_Sign up")): Object: 'Object Repository/Page_GitHub Lets build from here  GitHub/a_Sign up' is clicked on

2023-09-21 11:51:03 - [MESSAGE][PASSED] - Object: 'Object Repository/Page_GitHub Lets build from here  GitHub/a_Sign up' is clicked on

2023-09-21 11:51:03 - [TEST_STEP][PASSED] - setText(findTestObject("Object Repository/Page_Join GitHub  GitHub/input_Enter your email_useremail"), "Hi"): Text 'Hi' is set on object 'Object Repository/Page_Join GitHub  GitHub/input_Enter your email_useremail'

2023-09-21 11:51:10 - [MESSAGE][PASSED] - Text 'Hi' is set on object 'Object Repository/Page_Join GitHub  GitHub/input_Enter your email_useremail'

2023-09-21 11:51:10 - [TEST_STEP][PASSED] - closeBrowser(): Browser is closed

2023-09-21 11:51:11 - [MESSAGE][PASSED] - Browser is closed]]></system-out>
         <system-err><![CDATA[]]></system-err>
      </testcase>
      <testcase name="Test Cases/Part2/TestCase16" time="7.994" classname="Test Cases/Part2/TestCase16" status="PASSED">
         <system-out><![CDATA[2023-09-21 11:51:11 - [TEST_CASE][PASSED] - Test Cases/Part2/TestCase16: Test Cases/Part2/TestCase16

2023-09-21 11:51:12 - [TEST_STEP][PASSED] - openBrowser(""): Browser is opened with url: ''

2023-09-21 11:51:12 - [MESSAGE][INFO] - Starting 'Chrome' driver

2023-09-21 11:51:12 - [MESSAGE][INFO] - Action delay is set to 0 milliseconds

2023-09-21 11:51:13 - [MESSAGE][PASSED] - Browser is opened with url: ''

2023-09-21 11:51:13 - [TEST_STEP][PASSED] - maximizeWindow(): Current window maximized

2023-09-21 11:51:13 - [MESSAGE][PASSED] - Current window maximized

2023-09-21 11:51:13 - [TEST_STEP][PASSED] - navigateToUrl("https://github.com/"): Navigate to 'https://github.com/' successfully

2023-09-21 11:51:16 - [MESSAGE][PASSED] - Navigate to 'https://github.com/' successfully

2023-09-21 11:51:16 - [TEST_STEP][PASSED] - click(findTestObject("Object Repository/Page_GitHub Lets build from here  GitHub/svg_Product_octicon octicon-chevron-down He_c64722")): Object: 'Object Repository/Page_GitHub Lets build from here  GitHub/svg_Product_octicon octicon-chevron-down He_c64722' is clicked on

2023-09-21 11:51:18 - [MESSAGE][PASSED] - Object: 'Object Repository/Page_GitHub Lets build from here  GitHub/svg_Product_octicon octicon-chevron-down He_c64722' is clicked on

2023-09-21 11:51:18 - [TEST_STEP][PASSED] - closeBrowser(): Browser is closed

2023-09-21 11:51:19 - [MESSAGE][PASSED] - Browser is closed]]></system-out>
         <system-err><![CDATA[]]></system-err>
      </testcase>
      <testcase name="Test Cases/Part2/TestCase17" time="8.213" classname="Test Cases/Part2/TestCase17" status="PASSED">
         <system-out><![CDATA[2023-09-21 11:51:19 - [TEST_CASE][PASSED] - Test Cases/Part2/TestCase17: Test Cases/Part2/TestCase17

2023-09-21 11:51:20 - [TEST_STEP][PASSED] - openBrowser(""): Browser is opened with url: ''

2023-09-21 11:51:20 - [MESSAGE][INFO] - Starting 'Chrome' driver

2023-09-21 11:51:20 - [MESSAGE][INFO] - Action delay is set to 0 milliseconds

2023-09-21 11:51:21 - [MESSAGE][PASSED] - Browser is opened with url: ''

2023-09-21 11:51:21 - [TEST_STEP][PASSED] - maximizeWindow(): Current window maximized

2023-09-21 11:51:21 - [MESSAGE][PASSED] - Current window maximized

2023-09-21 11:51:21 - [TEST_STEP][PASSED] - navigateToUrl("https://github.com/"): Navigate to 'https://github.com/' successfully

2023-09-21 11:51:25 - [MESSAGE][PASSED] - Navigate to 'https://github.com/' successfully

2023-09-21 11:51:25 - [TEST_STEP][PASSED] - click(findTestObject("Object Repository/Page_GitHub Lets build from here  GitHub/svg_Product_octicon octicon-chevron-down He_c64722")): Object: 'Object Repository/Page_GitHub Lets build from here  GitHub/svg_Product_octicon octicon-chevron-down He_c64722' is clicked on

2023-09-21 11:51:26 - [MESSAGE][PASSED] - Object: 'Object Repository/Page_GitHub Lets build from here  GitHub/svg_Product_octicon octicon-chevron-down He_c64722' is clicked on

2023-09-21 11:51:26 - [TEST_STEP][PASSED] - closeBrowser(): Browser is closed

2023-09-21 11:51:27 - [MESSAGE][PASSED] - Browser is closed]]></system-out>
         <system-err><![CDATA[]]></system-err>
      </testcase>
      <testcase name="Test Cases/Part2/TestCase18" time="8.792" classname="Test Cases/Part2/TestCase18" status="PASSED">
         <system-out><![CDATA[2023-09-21 11:51:37 - [TEST_CASE][PASSED] - Test Cases/Part2/TestCase18: Test Cases/Part2/TestCase18

2023-09-21 11:51:37 - [TEST_STEP][PASSED] - openBrowser(""): Browser is opened with url: ''

2023-09-21 11:51:37 - [MESSAGE][WARNING] - A browser is already opened. Closing browser and opening a new one

2023-09-21 11:51:37 - [MESSAGE][INFO] - Starting 'Chrome' driver

2023-09-21 11:51:37 - [MESSAGE][INFO] - Action delay is set to 0 milliseconds

2023-09-21 11:51:39 - [MESSAGE][PASSED] - Browser is opened with url: ''

2023-09-21 11:51:39 - [TEST_STEP][PASSED] - navigateToUrl("https://github.com/"): Navigate to 'https://github.com/' successfully

2023-09-21 11:51:41 - [MESSAGE][PASSED] - Navigate to 'https://github.com/' successfully

2023-09-21 11:51:41 - [TEST_STEP][PASSED] - click(findTestObject("Object Repository/Page_GitHub Lets build from here  GitHub/a_Pricing")): Object: 'Object Repository/Page_GitHub Lets build from here  GitHub/a_Pricing' is clicked on

2023-09-21 11:51:43 - [MESSAGE][PASSED] - Object: 'Object Repository/Page_GitHub Lets build from here  GitHub/a_Pricing' is clicked on

2023-09-21 11:51:43 - [TEST_STEP][PASSED] - verifyElementText(findTestObject("Object Repository/Page_Pricing  Plans for every developer  GitHub/h1_Get the complete developerplatform"), "Get the complete developer platform."): Actual text and expected text of test object 'Object Repository/Page_Pricing  Plans for every developer  GitHub/h1_Get the complete developerplatform' are matched.

2023-09-21 11:51:45 - [MESSAGE][PASSED] - Actual text and expected text of test object 'Object Repository/Page_Pricing  Plans for every developer  GitHub/h1_Get the complete developerplatform' are matched.

2023-09-21 11:51:45 - [TEST_STEP][PASSED] - closeBrowser(): Browser is closed

2023-09-21 11:51:45 - [MESSAGE][PASSED] - Browser is closed]]></system-out>
         <system-err><![CDATA[]]></system-err>
      </testcase>
      <testcase name="Test Cases/Part2/TestCase19" time="5.561" classname="Test Cases/Part2/TestCase19" status="PASSED">
         <system-out><![CDATA[2023-09-21 11:51:45 - [TEST_CASE][PASSED] - Test Cases/Part2/TestCase19: Test Cases/Part2/TestCase19

2023-09-21 11:51:46 - [TEST_STEP][PASSED] - openBrowser(""): Browser is opened with url: ''

2023-09-21 11:51:46 - [MESSAGE][INFO] - Starting 'Chrome' driver

2023-09-21 11:51:46 - [MESSAGE][INFO] - Action delay is set to 0 milliseconds

2023-09-21 11:51:48 - [MESSAGE][PASSED] - Browser is opened with url: ''

2023-09-21 11:51:48 - [TEST_STEP][PASSED] - navigateToUrl("https://github.com/"): Navigate to 'https://github.com/' successfully

2023-09-21 11:51:50 - [MESSAGE][PASSED] - Navigate to 'https://github.com/' successfully

2023-09-21 11:51:50 - [TEST_STEP][PASSED] - closeBrowser(): Browser is closed

2023-09-21 11:51:51 - [MESSAGE][PASSED] - Browser is closed]]></system-out>
         <system-err><![CDATA[]]></system-err>
      </testcase>
      <testcase name="Test Cases/Part2/TestCase20" time="10.187" classname="Test Cases/Part2/TestCase20" status="PASSED">
         <system-out><![CDATA[2023-09-21 11:51:51 - [TEST_CASE][PASSED] - Test Cases/Part2/TestCase20: Test Cases/Part2/TestCase20

2023-09-21 11:51:52 - [TEST_STEP][PASSED] - openBrowser(""): Browser is opened with url: ''

2023-09-21 11:51:52 - [MESSAGE][INFO] - Starting 'Chrome' driver

2023-09-21 11:51:52 - [MESSAGE][INFO] - Action delay is set to 0 milliseconds

2023-09-21 11:51:53 - [MESSAGE][PASSED] - Browser is opened with url: ''

2023-09-21 11:51:53 - [TEST_STEP][PASSED] - navigateToUrl("https://github.com/"): Navigate to 'https://github.com/' successfully

2023-09-21 11:51:56 - [MESSAGE][PASSED] - Navigate to 'https://github.com/' successfully

2023-09-21 11:51:56 - [TEST_STEP][PASSED] - click(findTestObject("Object Repository/Page_GitHub Lets build from here  GitHub/svg_Product_octicon octicon-chevron-down He_c64722")): Object: 'Object Repository/Page_GitHub Lets build from here  GitHub/svg_Product_octicon octicon-chevron-down He_c64722' is clicked on

2023-09-21 11:51:57 - [MESSAGE][PASSED] - Object: 'Object Repository/Page_GitHub Lets build from here  GitHub/svg_Product_octicon octicon-chevron-down He_c64722' is clicked on

2023-09-21 11:51:57 - [TEST_STEP][PASSED] - click(findTestObject("Object Repository/Page_GitHub Lets build from here  GitHub/div_GitHub Sponsors        Fund open source_2bceb8")): Object: 'Object Repository/Page_GitHub Lets build from here  GitHub/div_GitHub Sponsors        Fund open source_2bceb8' is clicked on

2023-09-21 11:51:58 - [MESSAGE][PASSED] - Object: 'Object Repository/Page_GitHub Lets build from here  GitHub/div_GitHub Sponsors        Fund open source_2bceb8' is clicked on

2023-09-21 11:51:58 - [TEST_STEP][PASSED] - scrollToElement(findTestObject("Object Repository/Page_GitHub Sponsors  GitHub/h2_You depend on open source every day"), 0): Scroll to object 'Object Repository/Page_GitHub Sponsors  GitHub/h2_You depend on open source every day' successfully

2023-09-21 11:51:58 - [MESSAGE][WARNING] - Timeout '0' is invalid. Using default page load timeout: '30'

2023-09-21 11:52:00 - [MESSAGE][PASSED] - Scroll to object 'Object Repository/Page_GitHub Sponsors  GitHub/h2_You depend on open source every day' successfully

2023-09-21 11:52:00 - [TEST_STEP][PASSED] - verifyElementText(findTestObject("Object Repository/Page_GitHub Sponsors  GitHub/h2_You depend on open source every day"), "You depend on open source every day"): Actual text and expected text of test object 'Object Repository/Page_GitHub Sponsors  GitHub/h2_You depend on open source every day' are matched.

2023-09-21 11:52:00 - [MESSAGE][PASSED] - Actual text and expected text of test object 'Object Repository/Page_GitHub Sponsors  GitHub/h2_You depend on open source every day' are matched.

2023-09-21 11:52:00 - [TEST_STEP][PASSED] - closeBrowser(): Browser is closed

2023-09-21 11:52:01 - [MESSAGE][PASSED] - Browser is closed]]></system-out>
         <system-err><![CDATA[]]></system-err>
      </testcase>
      <testcase name="Test Cases/Part3/TestCase21" time="14.8" classname="Test Cases/Part3/TestCase21" status="PASSED">
         <system-out><![CDATA[2023-09-21 11:52:01 - [TEST_CASE][PASSED] - Test Cases/Part3/TestCase21: Test Cases/Part3/TestCase21

2023-09-21 11:52:02 - [TEST_STEP][PASSED] - openBrowser(""): Browser is opened with url: ''

2023-09-21 11:52:02 - [MESSAGE][INFO] - Starting 'Chrome' driver

2023-09-21 11:52:02 - [MESSAGE][INFO] - Action delay is set to 0 milliseconds

2023-09-21 11:52:04 - [MESSAGE][PASSED] - Browser is opened with url: ''

2023-09-21 11:52:04 - [TEST_STEP][PASSED] - maximizeWindow(): Current window maximized

2023-09-21 11:52:04 - [MESSAGE][PASSED] - Current window maximized

2023-09-21 11:52:04 - [TEST_STEP][PASSED] - navigateToUrl("https://spotify.design/"): Navigate to 'https://spotify.design/' successfully

2023-09-21 11:52:15 - [MESSAGE][PASSED] - Navigate to 'https://spotify.design/' successfully

2023-09-21 11:52:15 - [TEST_STEP][PASSED] - closeBrowser(): Browser is closed

2023-09-21 11:52:16 - [MESSAGE][PASSED] - Browser is closed]]></system-out>
         <system-err><![CDATA[]]></system-err>
      </testcase>
      <testcase name="Test Cases/Part3/TestCase22" time="20.758" classname="Test Cases/Part3/TestCase22" status="PASSED">
         <system-out><![CDATA[2023-09-21 11:52:16 - [TEST_CASE][PASSED] - Test Cases/Part3/TestCase22: Test Cases/Part3/TestCase22

2023-09-21 11:52:17 - [TEST_STEP][PASSED] - openBrowser(""): Browser is opened with url: ''

2023-09-21 11:52:17 - [MESSAGE][INFO] - Starting 'Chrome' driver

2023-09-21 11:52:17 - [MESSAGE][INFO] - Action delay is set to 0 milliseconds

2023-09-21 11:52:19 - [MESSAGE][PASSED] - Browser is opened with url: ''

2023-09-21 11:52:19 - [TEST_STEP][PASSED] - navigateToUrl("https://spotify.design/"): Navigate to 'https://spotify.design/' successfully

2023-09-21 11:52:33 - [MESSAGE][PASSED] - Navigate to 'https://spotify.design/' successfully

2023-09-21 11:52:33 - [TEST_STEP][PASSED] - click(findTestObject("Object Repository/Page_Home  Spotify Design/span_Stories")): Object: 'Object Repository/Page_Home  Spotify Design/span_Stories' is clicked on

2023-09-21 11:52:34 - [MESSAGE][PASSED] - Object: 'Object Repository/Page_Home  Spotify Design/span_Stories' is clicked on

2023-09-21 11:52:34 - [TEST_STEP][PASSED] - verifyElementPresent(findTestObject("Object Repository/Page_Stories  Spotify Design/span_Pick a category"), 0): Object 'Object Repository/Page_Stories  Spotify Design/span_Pick a category' is present

2023-09-21 11:52:34 - [MESSAGE][WARNING] - Timeout '0' is invalid. Using default page load timeout: '30'

2023-09-21 11:52:36 - [MESSAGE][PASSED] - Object 'Object Repository/Page_Stories  Spotify Design/span_Pick a category' is present

2023-09-21 11:52:36 - [TEST_STEP][PASSED] - closeBrowser(): Browser is closed

2023-09-21 11:52:37 - [MESSAGE][PASSED] - Browser is closed]]></system-out>
         <system-err><![CDATA[]]></system-err>
      </testcase>
      <testcase name="Test Cases/Part3/TestCase23" time="26.711" classname="Test Cases/Part3/TestCase23" status="PASSED">
         <system-out><![CDATA[2023-09-21 11:52:37 - [TEST_CASE][PASSED] - Test Cases/Part3/TestCase23: Test Cases/Part3/TestCase23

2023-09-21 11:52:38 - [TEST_STEP][PASSED] - openBrowser(""): Browser is opened with url: ''

2023-09-21 11:52:38 - [MESSAGE][INFO] - Starting 'Chrome' driver

2023-09-21 11:52:38 - [MESSAGE][INFO] - Action delay is set to 0 milliseconds

2023-09-21 11:52:39 - [MESSAGE][PASSED] - Browser is opened with url: ''

2023-09-21 11:52:39 - [TEST_STEP][PASSED] - maximizeWindow(): Current window maximized

2023-09-21 11:52:39 - [MESSAGE][PASSED] - Current window maximized

2023-09-21 11:52:39 - [TEST_STEP][PASSED] - navigateToUrl("https://spotify.design/"): Navigate to 'https://spotify.design/' successfully

2023-09-21 11:52:53 - [MESSAGE][PASSED] - Navigate to 'https://spotify.design/' successfully

2023-09-21 11:52:53 - [TEST_STEP][PASSED] - click(findTestObject("Object Repository/Page_Home  Spotify Design/span_Listen")): Object: 'Object Repository/Page_Home  Spotify Design/span_Listen' is clicked on

2023-09-21 11:52:57 - [MESSAGE][PASSED] - Object: 'Object Repository/Page_Home  Spotify Design/span_Listen' is clicked on

2023-09-21 11:52:57 - [TEST_STEP][PASSED] - scrollToElement(findTestObject("Object Repository/Page_Stories  Spotify Design/p_Playlists, podcasts, and other audio good_0e44eb"), 0): Scroll to object 'Object Repository/Page_Stories  Spotify Design/p_Playlists, podcasts, and other audio good_0e44eb' successfully

2023-09-21 11:52:57 - [MESSAGE][WARNING] - Timeout '0' is invalid. Using default page load timeout: '30'

2023-09-21 11:52:58 - [MESSAGE][PASSED] - Scroll to object 'Object Repository/Page_Stories  Spotify Design/p_Playlists, podcasts, and other audio good_0e44eb' successfully

2023-09-21 11:52:58 - [TEST_STEP][PASSED] - verifyElementText(findTestObject("Object Repository/Page_Stories  Spotify Design/p_Playlists, podcasts, and other audio good_0e44eb"), "Playlists, podcasts, and other audio goodness from our team."): Actual text and expected text of test object 'Object Repository/Page_Stories  Spotify Design/p_Playlists, podcasts, and other audio good_0e44eb' are matched.

2023-09-21 11:52:59 - [MESSAGE][PASSED] - Actual text and expected text of test object 'Object Repository/Page_Stories  Spotify Design/p_Playlists, podcasts, and other audio good_0e44eb' are matched.

2023-09-21 11:52:59 - [TEST_STEP][PASSED] - click(findTestObject("Object Repository/Page_Stories  Spotify Design/span_Folk")): Object: 'Object Repository/Page_Stories  Spotify Design/span_Folk' is clicked on

2023-09-21 11:52:59 - [MESSAGE][PASSED] - Object: 'Object Repository/Page_Stories  Spotify Design/span_Folk' is clicked on

2023-09-21 11:52:59 - [TEST_STEP][PASSED] - scrollToElement(findTestObject("Object Repository/Page_Stories  Spotify Design/a_Zoned 43"), 0): Scroll to object 'Object Repository/Page_Stories  Spotify Design/a_Zoned 43' successfully

2023-09-21 11:53:00 - [MESSAGE][WARNING] - Timeout '0' is invalid. Using default page load timeout: '30'

2023-09-21 11:53:01 - [MESSAGE][PASSED] - Scroll to object 'Object Repository/Page_Stories  Spotify Design/a_Zoned 43' successfully

2023-09-21 11:53:01 - [TEST_STEP][PASSED] - verifyElementPresent(findTestObject("Object Repository/Page_Stories  Spotify Design/a_Zoned 43"), 0): Object 'Object Repository/Page_Stories  Spotify Design/a_Zoned 43' is present

2023-09-21 11:53:01 - [MESSAGE][WARNING] - Timeout '0' is invalid. Using default page load timeout: '30'

2023-09-21 11:53:02 - [MESSAGE][PASSED] - Object 'Object Repository/Page_Stories  Spotify Design/a_Zoned 43' is present

2023-09-21 11:53:02 - [TEST_STEP][PASSED] - click(findTestObject("Object Repository/Page_Stories  Spotify Design/a_Zoned 43")): Object: 'Object Repository/Page_Stories  Spotify Design/a_Zoned 43' is clicked on

2023-09-21 11:53:02 - [MESSAGE][PASSED] - Object: 'Object Repository/Page_Stories  Spotify Design/a_Zoned 43' is clicked on

2023-09-21 11:53:02 - [TEST_STEP][PASSED] - closeBrowser(): Browser is closed

2023-09-21 11:53:03 - [MESSAGE][PASSED] - Browser is closed]]></system-out>
         <system-err><![CDATA[]]></system-err>
      </testcase>
      <testcase name="Test Cases/Part3/TestCase24" time="10.259" classname="Test Cases/Part3/TestCase24" status="PASSED">
         <system-out><![CDATA[2023-09-21 11:53:03 - [TEST_CASE][PASSED] - Test Cases/Part3/TestCase24: Test Cases/Part3/TestCase24

2023-09-21 11:53:04 - [TEST_STEP][PASSED] - openBrowser(""): Browser is opened with url: ''

2023-09-21 11:53:04 - [MESSAGE][INFO] - Starting 'Chrome' driver

2023-09-21 11:53:04 - [MESSAGE][INFO] - Action delay is set to 0 milliseconds

2023-09-21 11:53:06 - [MESSAGE][PASSED] - Browser is opened with url: ''

2023-09-21 11:53:06 - [TEST_STEP][PASSED] - maximizeWindow(): Current window maximized

2023-09-21 11:53:06 - [MESSAGE][PASSED] - Current window maximized

2023-09-21 11:53:06 - [TEST_STEP][PASSED] - navigateToUrl("https://github.com/"): Navigate to 'https://github.com/' successfully

2023-09-21 11:53:09 - [MESSAGE][PASSED] - Navigate to 'https://github.com/' successfully

2023-09-21 11:53:09 - [TEST_STEP][PASSED] - click(findTestObject("Object Repository/Page_GitHub Lets build from here  GitHub/a_Sign in")): Object: 'Object Repository/Page_GitHub Lets build from here  GitHub/a_Sign in' is clicked on

2023-09-21 11:53:11 - [MESSAGE][PASSED] - Object: 'Object Repository/Page_GitHub Lets build from here  GitHub/a_Sign in' is clicked on

2023-09-21 11:53:11 - [TEST_STEP][PASSED] - verifyElementText(findTestObject("Object Repository/Page_Sign in to GitHub  GitHub/h1_Sign in to GitHub"), "Sign in to GitHub"): Actual text and expected text of test object 'Object Repository/Page_Sign in to GitHub  GitHub/h1_Sign in to GitHub' are matched.

2023-09-21 11:53:13 - [MESSAGE][PASSED] - Actual text and expected text of test object 'Object Repository/Page_Sign in to GitHub  GitHub/h1_Sign in to GitHub' are matched.

2023-09-21 11:53:13 - [TEST_STEP][PASSED] - closeBrowser(): Browser is closed

2023-09-21 11:53:14 - [MESSAGE][PASSED] - Browser is closed]]></system-out>
         <system-err><![CDATA[]]></system-err>
      </testcase>
      <testcase name="Test Cases/Part3/TestCase25" time="11.091" classname="Test Cases/Part3/TestCase25" status="PASSED">
         <system-out><![CDATA[2023-09-21 11:53:14 - [TEST_CASE][PASSED] - Test Cases/Part3/TestCase25: Test Cases/Part3/TestCase25

2023-09-21 11:53:15 - [TEST_STEP][PASSED] - openBrowser(""): Browser is opened with url: ''

2023-09-21 11:53:15 - [MESSAGE][INFO] - Starting 'Chrome' driver

2023-09-21 11:53:15 - [MESSAGE][INFO] - Action delay is set to 0 milliseconds

2023-09-21 11:53:16 - [MESSAGE][PASSED] - Browser is opened with url: ''

2023-09-21 11:53:16 - [TEST_STEP][PASSED] - maximizeWindow(): Current window maximized

2023-09-21 11:53:16 - [MESSAGE][PASSED] - Current window maximized

2023-09-21 11:53:16 - [TEST_STEP][PASSED] - navigateToUrl("https://github.com/"): Navigate to 'https://github.com/' successfully

2023-09-21 11:53:20 - [MESSAGE][PASSED] - Navigate to 'https://github.com/' successfully

2023-09-21 11:53:20 - [TEST_STEP][PASSED] - click(findTestObject("Object Repository/Page_GitHub Lets build from here  GitHub/a_Sign in")): Object: 'Object Repository/Page_GitHub Lets build from here  GitHub/a_Sign in' is clicked on

2023-09-21 11:53:22 - [MESSAGE][PASSED] - Object: 'Object Repository/Page_GitHub Lets build from here  GitHub/a_Sign in' is clicked on

2023-09-21 11:53:22 - [TEST_STEP][PASSED] - verifyElementText(findTestObject("Object Repository/Page_Sign in to GitHub  GitHub/h1_Sign in to GitHub"), "Sign in to GitHub"): Actual text and expected text of test object 'Object Repository/Page_Sign in to GitHub  GitHub/h1_Sign in to GitHub' are matched.

2023-09-21 11:53:24 - [MESSAGE][PASSED] - Actual text and expected text of test object 'Object Repository/Page_Sign in to GitHub  GitHub/h1_Sign in to GitHub' are matched.

2023-09-21 11:53:24 - [TEST_STEP][PASSED] - closeBrowser(): Browser is closed

2023-09-21 11:53:25 - [MESSAGE][PASSED] - Browser is closed]]></system-out>
         <system-err><![CDATA[]]></system-err>
      </testcase>
      <testcase name="Test Cases/Part3/TestCase26" time="8.942" classname="Test Cases/Part3/TestCase26" status="PASSED">
         <system-out><![CDATA[2023-09-21 11:53:25 - [TEST_CASE][PASSED] - Test Cases/Part3/TestCase26: Test Cases/Part3/TestCase26

2023-09-21 11:53:26 - [TEST_STEP][PASSED] - openBrowser(""): Browser is opened with url: ''

2023-09-21 11:53:26 - [MESSAGE][INFO] - Starting 'Chrome' driver

2023-09-21 11:53:26 - [MESSAGE][INFO] - Action delay is set to 0 milliseconds

2023-09-21 11:53:27 - [MESSAGE][PASSED] - Browser is opened with url: ''

2023-09-21 11:53:27 - [TEST_STEP][PASSED] - maximizeWindow(): Current window maximized

2023-09-21 11:53:27 - [MESSAGE][PASSED] - Current window maximized

2023-09-21 11:53:27 - [TEST_STEP][PASSED] - navigateToUrl("https://github.com/"): Navigate to 'https://github.com/' successfully

2023-09-21 11:53:30 - [MESSAGE][PASSED] - Navigate to 'https://github.com/' successfully

2023-09-21 11:53:30 - [TEST_STEP][PASSED] - click(findTestObject("Object Repository/Page_GitHub Lets build from here  GitHub/a_Sign in")): Object: 'Object Repository/Page_GitHub Lets build from here  GitHub/a_Sign in' is clicked on

2023-09-21 11:53:31 - [MESSAGE][PASSED] - Object: 'Object Repository/Page_GitHub Lets build from here  GitHub/a_Sign in' is clicked on

2023-09-21 11:53:31 - [TEST_STEP][PASSED] - verifyElementText(findTestObject("Object Repository/Page_Sign in to GitHub  GitHub/h1_Sign in to GitHub"), "Sign in to GitHub"): Actual text and expected text of test object 'Object Repository/Page_Sign in to GitHub  GitHub/h1_Sign in to GitHub' are matched.

2023-09-21 11:53:33 - [MESSAGE][PASSED] - Actual text and expected text of test object 'Object Repository/Page_Sign in to GitHub  GitHub/h1_Sign in to GitHub' are matched.

2023-09-21 11:53:33 - [TEST_STEP][PASSED] - closeBrowser(): Browser is closed

2023-09-21 11:53:34 - [MESSAGE][PASSED] - Browser is closed]]></system-out>
         <system-err><![CDATA[]]></system-err>
      </testcase>
      <testcase name="Test Cases/Part3/TestCase27" time="11.156" classname="Test Cases/Part3/TestCase27" status="PASSED">
         <system-out><![CDATA[2023-09-21 11:53:34 - [TEST_CASE][PASSED] - Test Cases/Part3/TestCase27: Test Cases/Part3/TestCase27

2023-09-21 11:53:35 - [TEST_STEP][PASSED] - openBrowser(""): Browser is opened with url: ''

2023-09-21 11:53:35 - [MESSAGE][INFO] - Starting 'Chrome' driver

2023-09-21 11:53:35 - [MESSAGE][INFO] - Action delay is set to 0 milliseconds

2023-09-21 11:53:36 - [MESSAGE][PASSED] - Browser is opened with url: ''

2023-09-21 11:53:36 - [TEST_STEP][PASSED] - maximizeWindow(): Current window maximized

2023-09-21 11:53:36 - [MESSAGE][PASSED] - Current window maximized

2023-09-21 11:53:36 - [TEST_STEP][PASSED] - navigateToUrl("https://github.com/"): Navigate to 'https://github.com/' successfully

2023-09-21 11:53:39 - [MESSAGE][PASSED] - Navigate to 'https://github.com/' successfully

2023-09-21 11:53:39 - [TEST_STEP][PASSED] - click(findTestObject("Object Repository/Page_GitHub Lets build from here  GitHub/a_Sign in")): Object: 'Object Repository/Page_GitHub Lets build from here  GitHub/a_Sign in' is clicked on

2023-09-21 11:53:41 - [MESSAGE][PASSED] - Object: 'Object Repository/Page_GitHub Lets build from here  GitHub/a_Sign in' is clicked on

2023-09-21 11:53:41 - [TEST_STEP][PASSED] - verifyElementText(findTestObject("Object Repository/Page_Sign in to GitHub  GitHub/h1_Sign in to GitHub"), "Sign in to GitHub"): Actual text and expected text of test object 'Object Repository/Page_Sign in to GitHub  GitHub/h1_Sign in to GitHub' are matched.

2023-09-21 11:53:44 - [MESSAGE][PASSED] - Actual text and expected text of test object 'Object Repository/Page_Sign in to GitHub  GitHub/h1_Sign in to GitHub' are matched.

2023-09-21 11:53:44 - [TEST_STEP][PASSED] - closeBrowser(): Browser is closed

2023-09-21 11:53:45 - [MESSAGE][PASSED] - Browser is closed]]></system-out>
         <system-err><![CDATA[]]></system-err>
      </testcase>
      <testcase name="Test Cases/Part3/TestCase28" time="9.725" classname="Test Cases/Part3/TestCase28" status="PASSED">
         <system-out><![CDATA[2023-09-21 11:53:45 - [TEST_CASE][PASSED] - Test Cases/Part3/TestCase28: Test Cases/Part3/TestCase28

2023-09-21 11:53:46 - [TEST_STEP][PASSED] - openBrowser(""): Browser is opened with url: ''

2023-09-21 11:53:46 - [MESSAGE][INFO] - Starting 'Chrome' driver

2023-09-21 11:53:46 - [MESSAGE][INFO] - Action delay is set to 0 milliseconds

2023-09-21 11:53:47 - [MESSAGE][PASSED] - Browser is opened with url: ''

2023-09-21 11:53:47 - [TEST_STEP][PASSED] - maximizeWindow(): Current window maximized

2023-09-21 11:53:47 - [MESSAGE][PASSED] - Current window maximized

2023-09-21 11:53:47 - [TEST_STEP][PASSED] - navigateToUrl("https://github.com/"): Navigate to 'https://github.com/' successfully

2023-09-21 11:53:50 - [MESSAGE][PASSED] - Navigate to 'https://github.com/' successfully

2023-09-21 11:53:50 - [TEST_STEP][PASSED] - click(findTestObject("Object Repository/Page_GitHub Lets build from here  GitHub/a_Sign in")): Object: 'Object Repository/Page_GitHub Lets build from here  GitHub/a_Sign in' is clicked on

2023-09-21 11:53:52 - [MESSAGE][PASSED] - Object: 'Object Repository/Page_GitHub Lets build from here  GitHub/a_Sign in' is clicked on

2023-09-21 11:53:52 - [TEST_STEP][PASSED] - verifyElementText(findTestObject("Object Repository/Page_Sign in to GitHub  GitHub/h1_Sign in to GitHub"), "Sign in to GitHub"): Actual text and expected text of test object 'Object Repository/Page_Sign in to GitHub  GitHub/h1_Sign in to GitHub' are matched.

2023-09-21 11:53:54 - [MESSAGE][PASSED] - Actual text and expected text of test object 'Object Repository/Page_Sign in to GitHub  GitHub/h1_Sign in to GitHub' are matched.

2023-09-21 11:53:54 - [TEST_STEP][PASSED] - closeBrowser(): Browser is closed

2023-09-21 11:53:55 - [MESSAGE][PASSED] - Browser is closed]]></system-out>
         <system-err><![CDATA[]]></system-err>
      </testcase>
      <testcase name="Test Cases/Part3/TestCase29" time="9.384" classname="Test Cases/Part3/TestCase29" status="PASSED">
         <system-out><![CDATA[2023-09-21 11:53:55 - [TEST_CASE][PASSED] - Test Cases/Part3/TestCase29: Test Cases/Part3/TestCase29

2023-09-21 11:53:56 - [TEST_STEP][PASSED] - openBrowser(""): Browser is opened with url: ''

2023-09-21 11:53:56 - [MESSAGE][INFO] - Starting 'Chrome' driver

2023-09-21 11:53:56 - [MESSAGE][INFO] - Action delay is set to 0 milliseconds

2023-09-21 11:53:57 - [MESSAGE][PASSED] - Browser is opened with url: ''

2023-09-21 11:53:57 - [TEST_STEP][PASSED] - maximizeWindow(): Current window maximized

2023-09-21 11:53:57 - [MESSAGE][PASSED] - Current window maximized

2023-09-21 11:53:57 - [TEST_STEP][PASSED] - navigateToUrl("https://github.com/"): Navigate to 'https://github.com/' successfully

2023-09-21 11:54:00 - [MESSAGE][PASSED] - Navigate to 'https://github.com/' successfully

2023-09-21 11:54:00 - [TEST_STEP][PASSED] - click(findTestObject("Object Repository/Page_GitHub Lets build from here  GitHub/a_Sign in")): Object: 'Object Repository/Page_GitHub Lets build from here  GitHub/a_Sign in' is clicked on

2023-09-21 11:54:01 - [MESSAGE][PASSED] - Object: 'Object Repository/Page_GitHub Lets build from here  GitHub/a_Sign in' is clicked on

2023-09-21 11:54:01 - [TEST_STEP][PASSED] - verifyElementText(findTestObject("Object Repository/Page_Sign in to GitHub  GitHub/h1_Sign in to GitHub"), "Sign in to GitHub"): Actual text and expected text of test object 'Object Repository/Page_Sign in to GitHub  GitHub/h1_Sign in to GitHub' are matched.

2023-09-21 11:54:03 - [MESSAGE][PASSED] - Actual text and expected text of test object 'Object Repository/Page_Sign in to GitHub  GitHub/h1_Sign in to GitHub' are matched.

2023-09-21 11:54:03 - [TEST_STEP][PASSED] - closeBrowser(): Browser is closed

2023-09-21 11:54:04 - [MESSAGE][PASSED] - Browser is closed]]></system-out>
         <system-err><![CDATA[]]></system-err>
      </testcase>
      <testcase name="Test Cases/Part3/TestCase30" time="9.422" classname="Test Cases/Part3/TestCase30" status="PASSED">
         <system-out><![CDATA[2023-09-21 11:54:04 - [TEST_CASE][PASSED] - Test Cases/Part3/TestCase30: Test Cases/Part3/TestCase30

2023-09-21 11:54:05 - [TEST_STEP][PASSED] - openBrowser(""): Browser is opened with url: ''

2023-09-21 11:54:05 - [MESSAGE][INFO] - Starting 'Chrome' driver

2023-09-21 11:54:05 - [MESSAGE][INFO] - Action delay is set to 0 milliseconds

2023-09-21 11:54:07 - [MESSAGE][PASSED] - Browser is opened with url: ''

2023-09-21 11:54:07 - [TEST_STEP][PASSED] - maximizeWindow(): Current window maximized

2023-09-21 11:54:07 - [MESSAGE][PASSED] - Current window maximized

2023-09-21 11:54:07 - [TEST_STEP][PASSED] - navigateToUrl("https://github.com/"): Navigate to 'https://github.com/' successfully

2023-09-21 11:54:09 - [MESSAGE][PASSED] - Navigate to 'https://github.com/' successfully

2023-09-21 11:54:09 - [TEST_STEP][PASSED] - click(findTestObject("Object Repository/Page_GitHub Lets build from here  GitHub/a_Sign in")): Object: 'Object Repository/Page_GitHub Lets build from here  GitHub/a_Sign in' is clicked on

2023-09-21 11:54:11 - [MESSAGE][PASSED] - Object: 'Object Repository/Page_GitHub Lets build from here  GitHub/a_Sign in' is clicked on

2023-09-21 11:54:11 - [TEST_STEP][PASSED] - verifyElementText(findTestObject("Object Repository/Page_Sign in to GitHub  GitHub/h1_Sign in to GitHub"), "Sign in to GitHub"): Actual text and expected text of test object 'Object Repository/Page_Sign in to GitHub  GitHub/h1_Sign in to GitHub' are matched.

2023-09-21 11:54:13 - [MESSAGE][PASSED] - Actual text and expected text of test object 'Object Repository/Page_Sign in to GitHub  GitHub/h1_Sign in to GitHub' are matched.

2023-09-21 11:54:13 - [TEST_STEP][PASSED] - closeBrowser(): Browser is closed

2023-09-21 11:54:14 - [MESSAGE][PASSED] - Browser is closed]]></system-out>
         <system-err><![CDATA[]]></system-err>
      </testcase>
      <testcase name="Test Cases/Part3/TestCase31" time="10.23" classname="Test Cases/Part3/TestCase31" status="PASSED">
         <system-out><![CDATA[2023-09-21 11:54:14 - [TEST_CASE][PASSED] - Test Cases/Part3/TestCase31: Test Cases/Part3/TestCase31

2023-09-21 11:54:15 - [TEST_STEP][PASSED] - openBrowser(""): Browser is opened with url: ''

2023-09-21 11:54:15 - [MESSAGE][INFO] - Starting 'Chrome' driver

2023-09-21 11:54:15 - [MESSAGE][INFO] - Action delay is set to 0 milliseconds

2023-09-21 11:54:16 - [MESSAGE][PASSED] - Browser is opened with url: ''

2023-09-21 11:54:16 - [TEST_STEP][PASSED] - maximizeWindow(): Current window maximized

2023-09-21 11:54:16 - [MESSAGE][PASSED] - Current window maximized

2023-09-21 11:54:16 - [TEST_STEP][PASSED] - navigateToUrl("https://www.google.com/"): Navigate to 'https://www.google.com/' successfully

2023-09-21 11:54:22 - [MESSAGE][PASSED] - Navigate to 'https://www.google.com/' successfully

2023-09-21 11:54:22 - [TEST_STEP][PASSED] - rightClick(findTestObject("Object Repository/Page_Google/input_Delete_btnK")): Object: 'Object Repository/Page_Google/input_Delete_btnK' is right clicked on

2023-09-21 11:54:22 - [MESSAGE][PASSED] - Object: 'Object Repository/Page_Google/input_Delete_btnK' is right clicked on

2023-09-21 11:54:22 - [TEST_STEP][PASSED] - verifyElementText(findTestObject("Object Repository/Page_Google/input_Delete_btnK"), ""): Actual text and expected text of test object 'Object Repository/Page_Google/input_Delete_btnK' are matched.

2023-09-21 11:54:23 - [MESSAGE][PASSED] - Actual text and expected text of test object 'Object Repository/Page_Google/input_Delete_btnK' are matched.

2023-09-21 11:54:23 - [TEST_STEP][PASSED] - closeBrowser(): Browser is closed

2023-09-21 11:54:24 - [MESSAGE][PASSED] - Browser is closed]]></system-out>
         <system-err><![CDATA[]]></system-err>
      </testcase>
      <testcase name="Test Cases/Part3/TestCase32" time="10.13" classname="Test Cases/Part3/TestCase32" status="PASSED">
         <system-out><![CDATA[2023-09-21 11:54:24 - [TEST_CASE][PASSED] - Test Cases/Part3/TestCase32: Test Cases/Part3/TestCase32

2023-09-21 11:54:25 - [TEST_STEP][PASSED] - openBrowser(""): Browser is opened with url: ''

2023-09-21 11:54:25 - [MESSAGE][INFO] - Starting 'Chrome' driver

2023-09-21 11:54:25 - [MESSAGE][INFO] - Action delay is set to 0 milliseconds

2023-09-21 11:54:26 - [MESSAGE][PASSED] - Browser is opened with url: ''

2023-09-21 11:54:26 - [TEST_STEP][PASSED] - maximizeWindow(): Current window maximized

2023-09-21 11:54:26 - [MESSAGE][PASSED] - Current window maximized

2023-09-21 11:54:26 - [TEST_STEP][PASSED] - navigateToUrl("https://www.google.com/"): Navigate to 'https://www.google.com/' successfully

2023-09-21 11:54:32 - [MESSAGE][PASSED] - Navigate to 'https://www.google.com/' successfully

2023-09-21 11:54:32 - [TEST_STEP][PASSED] - verifyElementPresent(findTestObject("Object Repository/Page_Google/input_Delete_btnK"), 0): Object 'Object Repository/Page_Google/input_Delete_btnK' is present

2023-09-21 11:54:32 - [MESSAGE][WARNING] - Timeout '0' is invalid. Using default page load timeout: '30'

2023-09-21 11:54:33 - [MESSAGE][PASSED] - Object 'Object Repository/Page_Google/input_Delete_btnK' is present

2023-09-21 11:54:33 - [TEST_STEP][PASSED] - closeBrowser(): Browser is closed

2023-09-21 11:54:34 - [MESSAGE][PASSED] - Browser is closed]]></system-out>
         <system-err><![CDATA[]]></system-err>
      </testcase>
      <testcase name="Test Cases/Part3/TestCase33" time="13.097" classname="Test Cases/Part3/TestCase33" status="PASSED">
         <system-out><![CDATA[2023-09-21 11:54:34 - [TEST_CASE][PASSED] - Test Cases/Part3/TestCase33: Test Cases/Part3/TestCase33

2023-09-21 11:54:35 - [TEST_STEP][PASSED] - openBrowser(""): Browser is opened with url: ''

2023-09-21 11:54:35 - [MESSAGE][INFO] - Starting 'Chrome' driver

2023-09-21 11:54:35 - [MESSAGE][INFO] - Action delay is set to 0 milliseconds

2023-09-21 11:54:38 - [MESSAGE][PASSED] - Browser is opened with url: ''

2023-09-21 11:54:38 - [TEST_STEP][PASSED] - maximizeWindow(): Current window maximized

2023-09-21 11:54:38 - [MESSAGE][PASSED] - Current window maximized

2023-09-21 11:54:38 - [TEST_STEP][PASSED] - navigateToUrl("https://www.google.com/"): Navigate to 'https://www.google.com/' successfully

2023-09-21 11:54:45 - [MESSAGE][PASSED] - Navigate to 'https://www.google.com/' successfully

2023-09-21 11:54:45 - [TEST_STEP][PASSED] - click(findTestObject("Object Repository/Page_Google/div_LS8OJdisplayflexflex-directioncolumnali_68ed27")): Object: 'Object Repository/Page_Google/div_LS8OJdisplayflexflex-directioncolumnali_68ed27' is clicked on

2023-09-21 11:54:45 - [MESSAGE][PASSED] - Object: 'Object Repository/Page_Google/div_LS8OJdisplayflexflex-directioncolumnali_68ed27' is clicked on

2023-09-21 11:54:45 - [TEST_STEP][PASSED] - verifyElementPresent(findTestObject("Object Repository/Page_Google/img_Sign in_lnXdpd"), 0): Object 'Object Repository/Page_Google/img_Sign in_lnXdpd' is present

2023-09-21 11:54:46 - [MESSAGE][WARNING] - Timeout '0' is invalid. Using default page load timeout: '30'

2023-09-21 11:54:46 - [MESSAGE][PASSED] - Object 'Object Repository/Page_Google/img_Sign in_lnXdpd' is present

2023-09-21 11:54:46 - [TEST_STEP][PASSED] - closeBrowser(): Browser is closed

2023-09-21 11:54:47 - [MESSAGE][PASSED] - Browser is closed]]></system-out>
         <system-err><![CDATA[]]></system-err>
      </testcase>
      <testcase name="Test Cases/Part3/TestCase34" time="20.025" classname="Test Cases/Part3/TestCase34" status="PASSED">
         <system-out><![CDATA[2023-09-21 11:54:47 - [TEST_CASE][PASSED] - Test Cases/Part3/TestCase34: Test Cases/Part3/TestCase34

2023-09-21 11:54:48 - [TEST_STEP][PASSED] - openBrowser(""): Browser is opened with url: ''

2023-09-21 11:54:48 - [MESSAGE][INFO] - Starting 'Chrome' driver

2023-09-21 11:54:48 - [MESSAGE][INFO] - Action delay is set to 0 milliseconds

2023-09-21 11:54:50 - [MESSAGE][PASSED] - Browser is opened with url: ''

2023-09-21 11:54:50 - [TEST_STEP][PASSED] - navigateToUrl("https://www.google.com/"): Navigate to 'https://www.google.com/' successfully

2023-09-21 11:54:55 - [MESSAGE][PASSED] - Navigate to 'https://www.google.com/' successfully

2023-09-21 11:54:55 - [TEST_STEP][PASSED] - setText(findTestObject("Object Repository/Page_Google/textarea__q"), "google"): Text 'google' is set on object 'Object Repository/Page_Google/textarea__q'

2023-09-21 11:54:56 - [MESSAGE][PASSED] - Text 'google' is set on object 'Object Repository/Page_Google/textarea__q'

2023-09-21 11:54:56 - [TEST_STEP][PASSED] - sendKeys(findTestObject("Page_Google/textarea__q"), Keys.chord(ENTER)): Keys 'ENTER + ' sent to object: 'Object Repository/Page_Google/textarea__q'

2023-09-21 11:54:58 - [MESSAGE][PASSED] - Keys 'ENTER + ' sent to object: 'Object Repository/Page_Google/textarea__q'

2023-09-21 11:54:58 - [TEST_STEP][PASSED] - verifyElementPresent(findTestObject("Object Repository/Page_google - Google Search/h3_Google"), 0): Object 'Object Repository/Page_google - Google Search/h3_Google' is present

2023-09-21 11:54:58 - [MESSAGE][WARNING] - Timeout '0' is invalid. Using default page load timeout: '30'

2023-09-21 11:55:06 - [MESSAGE][PASSED] - Object 'Object Repository/Page_google - Google Search/h3_Google' is present

2023-09-21 11:55:06 - [TEST_STEP][PASSED] - closeBrowser(): Browser is closed

2023-09-21 11:55:07 - [MESSAGE][PASSED] - Browser is closed]]></system-out>
         <system-err><![CDATA[]]></system-err>
      </testcase>
      <testcase name="Test Cases/Part3/TestCase35" time="11.538" classname="Test Cases/Part3/TestCase35" status="PASSED">
         <system-out><![CDATA[2023-09-21 11:55:07 - [TEST_CASE][PASSED] - Test Cases/Part3/TestCase35: Test Cases/Part3/TestCase35

2023-09-21 11:55:08 - [TEST_STEP][PASSED] - openBrowser(""): Browser is opened with url: ''

2023-09-21 11:55:08 - [MESSAGE][INFO] - Starting 'Chrome' driver

2023-09-21 11:55:08 - [MESSAGE][INFO] - Action delay is set to 0 milliseconds

2023-09-21 11:55:10 - [MESSAGE][PASSED] - Browser is opened with url: ''

2023-09-21 11:55:10 - [TEST_STEP][PASSED] - navigateToUrl("https://www.google.com/"): Navigate to 'https://www.google.com/' successfully

2023-09-21 11:55:15 - [MESSAGE][PASSED] - Navigate to 'https://www.google.com/' successfully

2023-09-21 11:55:15 - [TEST_STEP][PASSED] - setText(findTestObject("Object Repository/Page_Google/textarea__q"), "microsoft"): Text 'microsoft' is set on object 'Object Repository/Page_Google/textarea__q'

2023-09-21 11:55:16 - [MESSAGE][PASSED] - Text 'microsoft' is set on object 'Object Repository/Page_Google/textarea__q'

2023-09-21 11:55:16 - [TEST_STEP][PASSED] - sendKeys(findTestObject("Page_Google/textarea__q"), Keys.chord(ENTER)): Keys 'ENTER + ' sent to object: 'Object Repository/Page_Google/textarea__q'

2023-09-21 11:55:18 - [MESSAGE][PASSED] - Keys 'ENTER + ' sent to object: 'Object Repository/Page_Google/textarea__q'

2023-09-21 11:55:18 - [TEST_STEP][PASSED] - closeBrowser(): Browser is closed

2023-09-21 11:55:19 - [MESSAGE][PASSED] - Browser is closed]]></system-out>
         <system-err><![CDATA[]]></system-err>
      </testcase>
      <testcase name="Test Cases/Part3/TestCase36" time="12.765" classname="Test Cases/Part3/TestCase36" status="PASSED">
         <system-out><![CDATA[2023-09-21 11:55:19 - [TEST_CASE][PASSED] - Test Cases/Part3/TestCase36: Test Cases/Part3/TestCase36

2023-09-21 11:55:20 - [TEST_STEP][PASSED] - openBrowser(""): Browser is opened with url: ''

2023-09-21 11:55:20 - [MESSAGE][INFO] - Starting 'Chrome' driver

2023-09-21 11:55:20 - [MESSAGE][INFO] - Action delay is set to 0 milliseconds

2023-09-21 11:55:21 - [MESSAGE][PASSED] - Browser is opened with url: ''

2023-09-21 11:55:21 - [TEST_STEP][PASSED] - navigateToUrl("https://www.google.com/"): Navigate to 'https://www.google.com/' successfully

2023-09-21 11:55:28 - [MESSAGE][PASSED] - Navigate to 'https://www.google.com/' successfully

2023-09-21 11:55:28 - [TEST_STEP][PASSED] - setText(findTestObject("Object Repository/Page_Google/textarea__q"), "amazon"): Text 'amazon' is set on object 'Object Repository/Page_Google/textarea__q'

2023-09-21 11:55:29 - [MESSAGE][PASSED] - Text 'amazon' is set on object 'Object Repository/Page_Google/textarea__q'

2023-09-21 11:55:29 - [TEST_STEP][PASSED] - sendKeys(findTestObject("Page_Google/textarea__q"), Keys.chord(ENTER)): Keys 'ENTER + ' sent to object: 'Object Repository/Page_Google/textarea__q'

2023-09-21 11:55:30 - [MESSAGE][PASSED] - Keys 'ENTER + ' sent to object: 'Object Repository/Page_Google/textarea__q'

2023-09-21 11:55:30 - [TEST_STEP][PASSED] - closeBrowser(): Browser is closed

2023-09-21 11:55:31 - [MESSAGE][PASSED] - Browser is closed]]></system-out>
         <system-err><![CDATA[]]></system-err>
      </testcase>
      <system-out><![CDATA[2023-09-21 11:46:13 - [TEST_SUITE][FAILED] - First Test Suite: Test Cases/Part2/TestCase18 FAILED.
Reason:
com.kms.katalon.core.exception.StepFailedException: Verify element text of test object 'Object Repository/Page_Pricing  Plans for every developer  GitHub/h1_Get the complete developerplatform' FAILED.
	at com.kms.katalon.core.webui.keyword.internal.WebUIKeywordMain.stepFailed(WebUIKeywordMain.groovy:64)
	at com.kms.katalon.core.webui.keyword.internal.WebUIKeywordMain.runKeyword(WebUIKeywordMain.groovy:26)
	at com.kms.katalon.core.webui.keyword.builtin.VerifyElementTextKeyword.verifyElementText(VerifyElementTextKeyword.groovy:72)
	at com.kms.katalon.core.webui.keyword.builtin.VerifyElementTextKeyword.execute(VerifyElementTextKeyword.groovy:40)
	at com.kms.katalon.core.keyword.internal.KeywordExecutor.executeKeywordForPlatform(KeywordExecutor.groovy:74)
	at com.kms.katalon.core.webui.keyword.WebUiBuiltInKeywords.verifyElementText(WebUiBuiltInKeywords.groovy:4749)
	at com.kms.katalon.core.webui.keyword.WebUiBuiltInKeywords$verifyElementText$3.call(Unknown Source)
	at TestCase18.run(TestCase18:26)
	at com.kms.katalon.core.main.ScriptEngine.run(ScriptEngine.java:194)
	at com.kms.katalon.core.main.ScriptEngine.runScriptAsRawText(ScriptEngine.java:119)
	at com.kms.katalon.core.main.TestCaseExecutor.runScript(TestCaseExecutor.java:448)
	at com.kms.katalon.core.main.TestCaseExecutor.doExecute(TestCaseExecutor.java:439)
	at com.kms.katalon.core.main.TestCaseExecutor.processExecutionPhase(TestCaseExecutor.java:418)
	at com.kms.katalon.core.main.TestCaseExecutor.accessMainPhase(TestCaseExecutor.java:410)
	at com.kms.katalon.core.main.TestCaseExecutor.execute(TestCaseExecutor.java:285)
	at com.kms.katalon.core.common.CommonExecutor.accessTestCaseMainPhase(CommonExecutor.java:65)
	at com.kms.katalon.core.main.TestSuiteExecutor.accessTestSuiteMainPhase(TestSuiteExecutor.java:148)
	at com.kms.katalon.core.main.TestSuiteExecutor.execute(TestSuiteExecutor.java:106)
	at com.kms.katalon.core.main.TestCaseMain.startTestSuite(TestCaseMain.java:187)
	at com.kms.katalon.core.main.TestCaseMain$startTestSuite$0.call(Unknown Source)
	at TempTestSuite1695276967071.run(TempTestSuite1695276967071.groovy:36)
Caused by: com.kms.katalon.core.exception.StepFailedException: Actual text 'Lets build from here' and expected text 'Get the complete developer platform.' of test object 'Object Repository/Page_Pricing  Plans for every developer  GitHub/h1_Get the complete developerplatform' are NOT matched.
	at com.kms.katalon.core.webui.keyword.internal.WebUIKeywordMain.stepFailed(WebUIKeywordMain.groovy:64)
	at com.kms.katalon.core.webui.keyword.builtin.VerifyElementTextKeyword$_verifyElementText_closure1.doCall(VerifyElementTextKeyword.groovy:57)
	at com.kms.katalon.core.webui.keyword.builtin.VerifyElementTextKeyword$_verifyElementText_closure1.call(VerifyElementTextKeyword.groovy)
	at com.kms.katalon.core.webui.keyword.internal.WebUIKeywordMain.runKeyword(WebUIKeywordMain.groovy:20)
	... 19 more]]></system-out>
      <system-err><![CDATA[2023-09-21 11:46:13 - [TEST_SUITE][FAILED] - First Test Suite: Test Cases/Part2/TestCase18 FAILED.
Reason:
com.kms.katalon.core.exception.StepFailedException: Verify element text of test object 'Object Repository/Page_Pricing  Plans for every developer  GitHub/h1_Get the complete developerplatform' FAILED.
	at com.kms.katalon.core.webui.keyword.internal.WebUIKeywordMain.stepFailed(WebUIKeywordMain.groovy:64)
	at com.kms.katalon.core.webui.keyword.internal.WebUIKeywordMain.runKeyword(WebUIKeywordMain.groovy:26)
	at com.kms.katalon.core.webui.keyword.builtin.VerifyElementTextKeyword.verifyElementText(VerifyElementTextKeyword.groovy:72)
	at com.kms.katalon.core.webui.keyword.builtin.VerifyElementTextKeyword.execute(VerifyElementTextKeyword.groovy:40)
	at com.kms.katalon.core.keyword.internal.KeywordExecutor.executeKeywordForPlatform(KeywordExecutor.groovy:74)
	at com.kms.katalon.core.webui.keyword.WebUiBuiltInKeywords.verifyElementText(WebUiBuiltInKeywords.groovy:4749)
	at com.kms.katalon.core.webui.keyword.WebUiBuiltInKeywords$verifyElementText$3.call(Unknown Source)
	at TestCase18.run(TestCase18:26)
	at com.kms.katalon.core.main.ScriptEngine.run(ScriptEngine.java:194)
	at com.kms.katalon.core.main.ScriptEngine.runScriptAsRawText(ScriptEngine.java:119)
	at com.kms.katalon.core.main.TestCaseExecutor.runScript(TestCaseExecutor.java:448)
	at com.kms.katalon.core.main.TestCaseExecutor.doExecute(TestCaseExecutor.java:439)
	at com.kms.katalon.core.main.TestCaseExecutor.processExecutionPhase(TestCaseExecutor.java:418)
	at com.kms.katalon.core.main.TestCaseExecutor.accessMainPhase(TestCaseExecutor.java:410)
	at com.kms.katalon.core.main.TestCaseExecutor.execute(TestCaseExecutor.java:285)
	at com.kms.katalon.core.common.CommonExecutor.accessTestCaseMainPhase(CommonExecutor.java:65)
	at com.kms.katalon.core.main.TestSuiteExecutor.accessTestSuiteMainPhase(TestSuiteExecutor.java:148)
	at com.kms.katalon.core.main.TestSuiteExecutor.execute(TestSuiteExecutor.java:106)
	at com.kms.katalon.core.main.TestCaseMain.startTestSuite(TestCaseMain.java:187)
	at com.kms.katalon.core.main.TestCaseMain$startTestSuite$0.call(Unknown Source)
	at TempTestSuite1695276967071.run(TempTestSuite1695276967071.groovy:36)
Caused by: com.kms.katalon.core.exception.StepFailedException: Actual text 'Lets build from here' and expected text 'Get the complete developer platform.' of test object 'Object Repository/Page_Pricing  Plans for every developer  GitHub/h1_Get the complete developerplatform' are NOT matched.
	at com.kms.katalon.core.webui.keyword.internal.WebUIKeywordMain.stepFailed(WebUIKeywordMain.groovy:64)
	at com.kms.katalon.core.webui.keyword.builtin.VerifyElementTextKeyword$_verifyElementText_closure1.doCall(VerifyElementTextKeyword.groovy:57)
	at com.kms.katalon.core.webui.keyword.builtin.VerifyElementTextKeyword$_verifyElementText_closure1.call(VerifyElementTextKeyword.groovy)
	at com.kms.katalon.core.webui.keyword.internal.WebUIKeywordMain.runKeyword(WebUIKeywordMain.groovy:20)
	... 19 more]]></system-err>
   </testsuite>
</testsuites>
